2021-05-17T16:47:13.430Z:debug3516/3464 [SEO] ShellApplication
startActivityFromRecents: Intent { act=android.intent.action.MAIN cat=[android.intent.category.INFO] flg=0x10010000 pkg=com.DefaultCompany.cat360VR_v2 cmp=com.DefaultCompany.cat360VR_v2/com.unity3d.player.UnityPlayerActivity (has extras) }
2021-05-17T16:47:13.431Z:debug3516/3464 [SEO] ShellApplication
startActivity Intent { act=android.intent.action.MAIN cat=[android.intent.category.INFO] flg=0x10010000 pkg=com.DefaultCompany.cat360VR_v2 cmp=com.DefaultCompany.cat360VR_v2/com.unity3d.player.UnityPlayerActivity (has extras) }
2021-05-17T16:47:13.432Z:info8478/1016 ActivityTaskManager
START u0 {act=android.intent.action.MAIN cat=[android.intent.category.INFO] flg=0x10010000 pkg=com.DefaultCompany.cat360VR_v2 cmp=com.DefaultCompany.cat360VR_v2/com.unity3d.player.UnityPlayerActivity (has extras)} from uid 10020
2021-05-17T16:47:13.437Z:debug8478/1016 ActivityTaskManager
Using main display for VR activity ActivityRecord{7624e8f u0 com.DefaultCompany.cat360VR_v2/com.unity3d.player.UnityPlayerActivity t-1}
2021-05-17T16:47:13.437Z:debug8478/1016 ActivityTaskManager
Using main display for VR activity ActivityRecord{7624e8f u0 com.DefaultCompany.cat360VR_v2/com.unity3d.player.UnityPlayerActivity t-1}
2021-05-17T16:47:14.190Z:info8517/8463 VrRuntimeClient
APP ACTIVITY CLASS = com.unity3d.player.UnityPlayerActivity
2021-05-17T16:47:14.275Z:debug8517/8463 UnityVolumeReceiver
Registering volume receiver
2021-05-17T16:47:14.280Z:debug8517/8463 UnityVolumeReceiver
startVolumeReceiver: 5
2021-05-17T16:47:14.284Z:debug8517/8463 UnityBatteryReceiver
Registering battery receiver
2021-05-17T16:47:14.306Z:info8517/8463 VrRuntimeClient
APP ACTIVITY CLASS = com.unity3d.player.UnityPlayerActivity
2021-05-17T16:47:14.530Z:debug8517/8463 UnityVolumeReceiver
Unregistering volume receiver
2021-05-17T16:47:14.531Z:debug8517/8463 UnityBatteryReceiver
Unregistering battery receiver
2021-05-17T16:47:14.536Z:info8517/8463 VrRuntimeClient
APP ACTIVITY CLASS = com.unity3d.player.UnityPlayerActivity
2021-05-17T16:47:14.557Z:debug8517/8463 UnityVolumeReceiver
Registering volume receiver
2021-05-17T16:47:14.561Z:debug8517/8463 UnityBatteryReceiver
Registering battery receiver
2021-05-17T16:47:14.559Z:debug8517/8463 UnityVolumeReceiver
startVolumeReceiver: 5
2021-05-17T16:47:18.799Z:info8490/8463 Unity
Unity v2019.4.7f1, Oculus Utilities v1.57.0, OVRPlugin v1.57.0, SDK v1.1.42.0. <br>(Filename: ./Runtime/Export/Debug/Debug.bindings.h Line: 35)<br><br>
2021-05-17T16:47:18.823Z:info8490/8463 Unity
SystemHeadset Oculus_Quest, API VRAPI <br>(Filename: ./Runtime/Export/Debug/Debug.bindings.h Line: 35)<br><br>
2021-05-17T16:47:18.846Z:info8490/8463 Unity
OVRPlugin.Media initialized <br>(Filename: ./Runtime/Export/Debug/Debug.bindings.h Line: 35)<br><br>
2021-05-17T16:47:18.857Z:info8490/8463 Unity
[MRC] SetMrcAudioSampleRate(48000) <br>(Filename: ./Runtime/Export/Debug/Debug.bindings.h Line: 35)<br><br>
2021-05-17T16:47:18.861Z:info8490/8463 Unity
[MRC] Active InputVideoBufferType:TextureHandle <br>(Filename: ./Runtime/Export/Debug/Debug.bindings.h Line: 35)<br><br>
2021-05-17T16:47:18.863Z:info8490/8463 Unity
[MRC] ActivateMode: Automatic <br>(Filename: ./Runtime/Export/Debug/Debug.bindings.h Line: 35)<br><br>
2021-05-17T16:47:18.895Z:info8490/8463 Unity
Current display frequency 72, available frequencies [60, 72] <br>(Filename: ./Runtime/Export/Debug/Debug.bindings.h Line: 35)<br><br>
2021-05-17T16:47:19.045Z:info8490/8463 Unity
Unity testTrigger <br>(Filename: ./Runtime/Export/Debug/Debug.bindings.h Line: 35)<br><br>
2021-05-17T16:47:19.071Z:info8490/8463 Unity
OnTriggerEnter, Collider : style <br>(Filename: ./Runtime/Export/Debug/Debug.bindings.h Line: 35)<br><br>
2021-05-17T16:47:19.071Z:info8490/8463 chatty
uid=10102(com.DefaultCompany.cat360VR_v2) UnityMain identical 2 lines
2021-05-17T16:47:19.071Z:info8490/8463 Unity
OnTriggerEnter, Collider : style <br>(Filename: ./Runtime/Export/Debug/Debug.bindings.h Line: 35)<br><br>
2021-05-17T16:47:19.102Z:info8490/8463 Unity
The current MSAA level is 0, but the recommended MSAA level is 4. Switching to the recommended level. <br>(Filename: ./Runtime/Export/Debug/Debug.bindings.h Line: 35)<br><br>
2021-05-17T16:47:19.102Z:info8490/8463 Unity
[OVRManager] HMDAcquired event <br>(Filename: ./Runtime/Export/Debug/Debug.bindings.h Line: 35)<br><br>
2021-05-17T16:47:19.105Z:info8490/8463 Unity
[OVRManager] HMDMounted event <br>(Filename: ./Runtime/Export/Debug/Debug.bindings.h Line: 35)<br><br>
2021-05-17T16:47:19.106Z:info8490/8463 Unity
[OVRManager] VrFocusAcquired event <br>(Filename: ./Runtime/Export/Debug/Debug.bindings.h Line: 35)<br><br>
2021-05-17T16:47:19.113Z:info8490/8463 Unity
[OVRManager] TrackingAcquired event <br>(Filename: ./Runtime/Export/Debug/Debug.bindings.h Line: 35)<br><br>
2021-05-17T16:47:19.115Z:info8490/8463 Unity
Recenter event detected <br>(Filename: ./Runtime/Export/Debug/Debug.bindings.h Line: 35)<br><br>
2021-05-17T16:47:42.711Z:info8490/8463 Unity
Instance_YesOperate <br>(Filename: ./Runtime/Export/Debug/Debug.bindings.h Line: 35)<br><br>
2021-05-17T16:47:42.712Z:info8490/8463 Unity
Instance_SearchCatOperate <br>(Filename: ./Runtime/Export/Debug/Debug.bindings.h Line: 35)<br><br>
2021-05-17T16:47:42.713Z:info8490/8463 Unity
Instance_SearchCatOperate <br>(Filename: ./Runtime/Export/Debug/Debug.bindings.h Line: 35)<br><br>
2021-05-17T16:47:46.539Z:info8490/8463 Unity
고양이다 <br>(Filename: ./Runtime/Export/Debug/Debug.bindings.h Line: 35)<br><br>
2021-05-17T16:47:53.071Z:info8490/8463 Unity
FadeManager Instance_FadeOperate <br>(Filename: ./Runtime/Export/Debug/Debug.bindings.h Line: 35)<br><br>
2021-05-17T16:47:54.490Z:info8490/8463 Unity
Instance_WorldChangeOperate <br>(Filename: ./Runtime/Export/Debug/Debug.bindings.h Line: 35)<br><br>
2021-05-17T16:47:54.491Z:info8490/8463 Unity
Instance_WorldChangeOperate WorldNumber: 1 <br>(Filename: ./Runtime/Export/Debug/Debug.bindings.h Line: 35)<br><br>
2021-05-17T16:47:54.493Z:info8490/8463 Unity
Instance_SearchCatOperate <br>(Filename: ./Runtime/Export/Debug/Debug.bindings.h Line: 35)<br><br>
2021-05-17T16:47:54.493Z:info8490/8463 chatty
uid=10102(com.DefaultCompany.cat360VR_v2) UnityMain identical 1 line
2021-05-17T16:47:54.493Z:info8490/8463 Unity
Instance_SearchCatOperate <br>(Filename: ./Runtime/Export/Debug/Debug.bindings.h Line: 35)<br><br>
2021-05-17T16:47:54.511Z:info8490/8463 Unity
OnTriggerEnter, Collider : style <br>(Filename: ./Runtime/Export/Debug/Debug.bindings.h Line: 35)<br><br>
2021-05-17T16:47:54.512Z:info8490/8463 chatty
uid=10102(com.DefaultCompany.cat360VR_v2) UnityMain identical 2 lines
2021-05-17T16:47:54.512Z:info8490/8463 Unity
OnTriggerEnter, Collider : style <br>(Filename: ./Runtime/Export/Debug/Debug.bindings.h Line: 35)<br><br>
2021-05-17T16:47:58.806Z:info8490/8463 Unity
고양이다 <br>(Filename: ./Runtime/Export/Debug/Debug.bindings.h Line: 35)<br><br>
2021-05-17T16:48:05.335Z:info8490/8463 Unity
FadeManager Instance_FadeOperate <br>(Filename: ./Runtime/Export/Debug/Debug.bindings.h Line: 35)<br><br>
2021-05-17T16:48:06.756Z:info8490/8463 Unity
Instance_WorldChangeOperate <br>(Filename: ./Runtime/Export/Debug/Debug.bindings.h Line: 35)<br><br>
2021-05-17T16:48:06.756Z:info8490/8463 Unity
Instance_WorldChangeOperate WorldNumber: 2 <br>(Filename: ./Runtime/Export/Debug/Debug.bindings.h Line: 35)<br><br>
2021-05-17T16:48:06.757Z:info8490/8463 Unity
Instance_SearchCatOperate <br>(Filename: ./Runtime/Export/Debug/Debug.bindings.h Line: 35)<br><br>
2021-05-17T16:48:06.757Z:info8490/8463 chatty
uid=10102(com.DefaultCompany.cat360VR_v2) UnityMain identical 1 line
2021-05-17T16:48:06.757Z:info8490/8463 Unity
Instance_SearchCatOperate <br>(Filename: ./Runtime/Export/Debug/Debug.bindings.h Line: 35)<br><br>
2021-05-17T16:48:06.770Z:info8490/8463 Unity
OnTriggerEnter, Collider : style <br>(Filename: ./Runtime/Export/Debug/Debug.bindings.h Line: 35)<br><br>
2021-05-17T16:48:06.770Z:info8490/8463 chatty
uid=10102(com.DefaultCompany.cat360VR_v2) UnityMain identical 2 lines
2021-05-17T16:48:06.770Z:info8490/8463 Unity
OnTriggerEnter, Collider : style <br>(Filename: ./Runtime/Export/Debug/Debug.bindings.h Line: 35)<br><br>
2021-05-17T16:48:11.367Z:info8490/8463 Unity
고양이다 <br>(Filename: ./Runtime/Export/Debug/Debug.bindings.h Line: 35)<br><br>
2021-05-17T16:48:17.895Z:info8490/8463 Unity
FadeManager Instance_FadeOperate <br>(Filename: ./Runtime/Export/Debug/Debug.bindings.h Line: 35)<br><br>
2021-05-17T16:48:19.301Z:info8490/8463 Unity
Instance_WorldChangeOperate <br>(Filename: ./Runtime/Export/Debug/Debug.bindings.h Line: 35)<br><br>
2021-05-17T16:48:19.301Z:info8490/8463 Unity
Instance_WorldChangeOperate WorldNumber: 3 <br>(Filename: ./Runtime/Export/Debug/Debug.bindings.h Line: 35)<br><br>
2021-05-17T16:48:19.302Z:info8490/8463 Unity
Instance_SearchCatOperate <br>(Filename: ./Runtime/Export/Debug/Debug.bindings.h Line: 35)<br><br>
2021-05-17T16:48:19.302Z:info8490/8463 chatty
uid=10102(com.DefaultCompany.cat360VR_v2) UnityMain identical 1 line
2021-05-17T16:48:19.302Z:info8490/8463 Unity
Instance_SearchCatOperate <br>(Filename: ./Runtime/Export/Debug/Debug.bindings.h Line: 35)<br><br>
2021-05-17T16:48:19.315Z:info8490/8463 Unity
OnTriggerEnter, Collider : style <br>(Filename: ./Runtime/Export/Debug/Debug.bindings.h Line: 35)<br><br>
2021-05-17T16:48:19.315Z:info8490/8463 chatty
uid=10102(com.DefaultCompany.cat360VR_v2) UnityMain identical 2 lines
2021-05-17T16:48:19.315Z:info8490/8463 Unity
OnTriggerEnter, Collider : style <br>(Filename: ./Runtime/Export/Debug/Debug.bindings.h Line: 35)<br><br>
2021-05-17T16:48:22.935Z:info8490/8463 Unity
고양이다 <br>(Filename: ./Runtime/Export/Debug/Debug.bindings.h Line: 35)<br><br>
2021-05-17T16:48:29.466Z:info8490/8463 Unity
FadeManager Instance_FadeOperate <br>(Filename: ./Runtime/Export/Debug/Debug.bindings.h Line: 35)<br><br>
2021-05-17T16:48:30.874Z:info8490/8463 Unity
Instance_WorldChangeOperate <br>(Filename: ./Runtime/Export/Debug/Debug.bindings.h Line: 35)<br><br>
2021-05-17T16:48:30.874Z:info8490/8463 Unity
Instance_WorldChangeOperate WorldNumber: 4 <br>(Filename: ./Runtime/Export/Debug/Debug.bindings.h Line: 35)<br><br>
2021-05-17T16:48:30.874Z:info8490/8463 Unity
고양이가 다가오게만들어라 <br>(Filename: ./Runtime/Export/Debug/Debug.bindings.h Line: 35)<br><br>
2021-05-17T16:48:30.875Z:info8490/8463 Unity
Instance_SearchCatOperate <br>(Filename: ./Runtime/Export/Debug/Debug.bindings.h Line: 35)<br><br>
2021-05-17T16:48:30.875Z:info8490/8463 chatty
uid=10102(com.DefaultCompany.cat360VR_v2) UnityMain identical 1 line
2021-05-17T16:48:30.875Z:info8490/8463 Unity
Instance_SearchCatOperate <br>(Filename: ./Runtime/Export/Debug/Debug.bindings.h Line: 35)<br><br>
2021-05-17T16:48:30.885Z:info8490/8463 Unity
OnTriggerEnter, Collider : style <br>(Filename: ./Runtime/Export/Debug/Debug.bindings.h Line: 35)<br><br>
2021-05-17T16:48:30.886Z:info8490/8463 chatty
uid=10102(com.DefaultCompany.cat360VR_v2) UnityMain identical 2 lines
2021-05-17T16:48:30.886Z:info8490/8463 Unity
OnTriggerEnter, Collider : style <br>(Filename: ./Runtime/Export/Debug/Debug.bindings.h Line: 35)<br><br>
2021-05-17T16:48:33.183Z:info8490/8463 Unity
고양이다 <br>(Filename: ./Runtime/Export/Debug/Debug.bindings.h Line: 35)<br><br>
2021-05-17T16:48:33.197Z:info8490/8463 Unity
ComeCat <br>(Filename: ./Runtime/Export/Debug/Debug.bindings.h Line: 35)<br><br>
2021-05-17T16:48:33.461Z:info8490/8463 chatty
uid=10102(com.DefaultCompany.cat360VR_v2) UnityMain identical 19 lines
2021-05-17T16:48:33.475Z:info8490/8463 Unity
ComeCat <br>(Filename: ./Runtime/Export/Debug/Debug.bindings.h Line: 35)<br><br>
2021-05-17T16:48:33.489Z:info8490/8463 Unity
ComeCat <br>(Filename: ./Runtime/Export/Debug/Debug.bindings.h Line: 35)<br><br>
2021-05-17T16:48:33.503Z:info8490/8463 Unity
ComeCat <br>(Filename: ./Runtime/Export/Debug/Debug.bindings.h Line: 35)<br><br>
2021-05-17T16:48:33.517Z:info8490/8463 Unity
ComeCat <br>(Filename: ./Runtime/Export/Debug/Debug.bindings.h Line: 35)<br><br>
2021-05-17T16:48:33.532Z:info8490/8463 Unity
ComeCat <br>(Filename: ./Runtime/Export/Debug/Debug.bindings.h Line: 35)<br><br>
2021-05-17T16:48:33.558Z:info8490/8463 chatty
uid=10102(com.DefaultCompany.cat360VR_v2) UnityMain identical 2 lines
2021-05-17T16:48:33.573Z:info8490/8463 Unity
ComeCat <br>(Filename: ./Runtime/Export/Debug/Debug.bindings.h Line: 35)<br><br>
2021-05-17T16:48:33.587Z:info8490/8463 Unity
ComeCat <br>(Filename: ./Runtime/Export/Debug/Debug.bindings.h Line: 35)<br><br>
2021-05-17T16:48:34.477Z:info8490/8463 chatty
uid=10102(com.DefaultCompany.cat360VR_v2) UnityMain identical 64 lines
2021-05-17T16:48:34.492Z:info8490/8463 Unity
ComeCat <br>(Filename: ./Runtime/Export/Debug/Debug.bindings.h Line: 35)<br><br>
2021-05-17T16:48:34.506Z:info8490/8463 Unity
ComeCat <br>(Filename: ./Runtime/Export/Debug/Debug.bindings.h Line: 35)<br><br>
2021-05-17T16:48:34.519Z:info8490/8463 chatty
uid=10102(com.DefaultCompany.cat360VR_v2) UnityMain identical 1 line
2021-05-17T16:48:34.533Z:info8490/8463 Unity
ComeCat <br>(Filename: ./Runtime/Export/Debug/Debug.bindings.h Line: 35)<br><br>
2021-05-17T16:48:34.551Z:info8490/8463 Unity
ComeCat <br>(Filename: ./Runtime/Export/Debug/Debug.bindings.h Line: 35)<br><br>
2021-05-17T16:48:34.561Z:info8490/8463 Unity
ComeCat <br>(Filename: ./Runtime/Export/Debug/Debug.bindings.h Line: 35)<br><br>
2021-05-17T16:48:34.575Z:info8490/8463 Unity
ComeCat <br>(Filename: ./Runtime/Export/Debug/Debug.bindings.h Line: 35)<br><br>
2021-05-17T16:48:34.826Z:info8490/8463 chatty
uid=10102(com.DefaultCompany.cat360VR_v2) UnityMain identical 18 lines
2021-05-17T16:48:34.839Z:info8490/8463 Unity
ComeCat <br>(Filename: ./Runtime/Export/Debug/Debug.bindings.h Line: 35)<br><br>
2021-05-17T16:48:34.854Z:info8490/8463 Unity
ComeCat <br>(Filename: ./Runtime/Export/Debug/Debug.bindings.h Line: 35)<br><br>
2021-05-17T16:48:34.868Z:info8490/8463 chatty
uid=10102(com.DefaultCompany.cat360VR_v2) UnityMain identical 1 line
2021-05-17T16:48:34.881Z:info8490/8463 Unity
ComeCat <br>(Filename: ./Runtime/Export/Debug/Debug.bindings.h Line: 35)<br><br>
2021-05-17T16:48:34.896Z:info8490/8463 Unity
ComeCat <br>(Filename: ./Runtime/Export/Debug/Debug.bindings.h Line: 35)<br><br>
2021-05-17T16:48:34.993Z:info8490/8463 chatty
uid=10102(com.DefaultCompany.cat360VR_v2) UnityMain identical 7 lines
2021-05-17T16:48:35.007Z:info8490/8463 Unity
ComeCat <br>(Filename: ./Runtime/Export/Debug/Debug.bindings.h Line: 35)<br><br>
2021-05-17T16:48:35.020Z:info8490/8463 Unity
ComeCat <br>(Filename: ./Runtime/Export/Debug/Debug.bindings.h Line: 35)<br><br>
2021-05-17T16:48:35.174Z:info8490/8463 chatty
uid=10102(com.DefaultCompany.cat360VR_v2) UnityMain identical 11 lines
2021-05-17T16:48:35.188Z:info8490/8463 Unity
ComeCat <br>(Filename: ./Runtime/Export/Debug/Debug.bindings.h Line: 35)<br><br>
2021-05-17T16:48:40.771Z:info8490/8463 Unity
OnTriggerEnter, Collider : GrabVolumeSmall <br>(Filename: ./Runtime/Export/Debug/Debug.bindings.h Line: 35)<br><br>
2021-05-17T16:48:40.785Z:info8490/8463 Unity
OnTriggerEnter, Collider : GrabVolumeBig <br>(Filename: ./Runtime/Export/Debug/Debug.bindings.h Line: 35)<br><br>
2021-05-17T16:48:56.107Z:info8490/8463 Unity
[OVRManager] OnDestroy <br>(Filename: ./Runtime/Export/Debug/Debug.bindings.h Line: 35)<br><br>
2021-05-17T16:48:56.107Z:info8490/8463 Unity
[OVRManager] OnDestroy <br>(Filename: ./Runtime/Export/Debug/Debug.bindings.h Line: 35)<br><br>
2021-05-17T16:48:56.125Z:info8490/8463 Unity
Unity v2019.4.7f1, Oculus Utilities v1.57.0, OVRPlugin v1.57.0, SDK v1.1.42.0. <br>(Filename: ./Runtime/Export/Debug/Debug.bindings.h Line: 35)<br><br>
2021-05-17T16:48:56.125Z:info8490/8463 Unity
Unity v2019.4.7f1, Oculus Utilities v1.57.0, OVRPlugin v1.57.0, SDK v1.1.42.0. <br>(Filename: ./Runtime/Export/Debug/Debug.bindings.h Line: 35)<br><br>
2021-05-17T16:48:56.125Z:info8490/8463 Unity
SystemHeadset Oculus_Quest, API VRAPI <br>(Filename: ./Runtime/Export/Debug/Debug.bindings.h Line: 35)<br><br>
2021-05-17T16:48:56.125Z:info8490/8463 Unity
SystemHeadset Oculus_Quest, API VRAPI <br>(Filename: ./Runtime/Export/Debug/Debug.bindings.h Line: 35)<br><br>
2021-05-17T16:48:56.126Z:info8490/8463 Unity
Current display frequency 72, available frequencies [60, 72] <br>(Filename: ./Runtime/Export/Debug/Debug.bindings.h Line: 35)<br><br>
2021-05-17T16:48:56.126Z:info8490/8463 Unity
Current display frequency 72, available frequencies [60, 72] <br>(Filename: ./Runtime/Export/Debug/Debug.bindings.h Line: 35)<br><br>
2021-05-17T16:48:56.155Z:info8490/8463 Unity
Unity testTrigger <br>(Filename: ./Runtime/Export/Debug/Debug.bindings.h Line: 35)<br><br>
2021-05-17T16:48:56.155Z:info8490/8463 Unity
Unity testTrigger <br>(Filename: ./Runtime/Export/Debug/Debug.bindings.h Line: 35)<br><br>
2021-05-17T16:48:56.159Z:info8490/8463 Unity
OnTriggerEnter, Collider : style <br>(Filename: ./Runtime/Export/Debug/Debug.bindings.h Line: 35)<br><br>
2021-05-17T16:48:56.159Z:info8490/8463 Unity
OnTriggerEnter, Collider : style <br>(Filename: ./Runtime/Export/Debug/Debug.bindings.h Line: 35)<br><br>
2021-05-17T16:48:56.159Z:info8490/8463 chatty
uid=10102(com.DefaultCompany.cat360VR_v2) UnityMain identical 2 lines
2021-05-17T16:48:56.159Z:info8490/8463 Unity
OnTriggerEnter, Collider : style <br>(Filename: ./Runtime/Export/Debug/Debug.bindings.h Line: 35)<br><br>
2021-05-17T16:48:56.159Z:info8490/8463 chatty
uid=10102(com.DefaultCompany.cat360VR_v2) UnityMain identical 2 lines
2021-05-17T16:48:56.159Z:info8490/8463 Unity
OnTriggerEnter, Collider : style <br>(Filename: ./Runtime/Export/Debug/Debug.bindings.h Line: 35)<br><br>
2021-05-17T16:48:56.951Z:info8490/8463 Unity
[OVRManager] HMDUnmounted event <br>(Filename: ./Runtime/Export/Debug/Debug.bindings.h Line: 35)<br><br>
2021-05-17T16:48:56.951Z:info8490/8463 Unity
[OVRManager] HMDUnmounted event <br>(Filename: ./Runtime/Export/Debug/Debug.bindings.h Line: 35)<br><br>
2021-05-17T16:49:11.918Z:info8490/8463 Unity
[OVRManager] TrackingLost event <br>(Filename: ./Runtime/Export/Debug/Debug.bindings.h Line: 35)<br><br>
2021-05-17T16:49:12.656Z:info8490/8463 Unity
[OVRManager] TrackingAcquired event <br>(Filename: ./Runtime/Export/Debug/Debug.bindings.h Line: 35)<br><br>
2021-05-17T16:49:57.019Z:info8490/8463 Unity
[OVRManager] OnApplicationPause(true) <br>(Filename: ./Runtime/Export/Debug/Debug.bindings.h Line: 35)<br><br>
2021-05-17T16:49:57.062Z:info8517/8463 VrRuntimeClient
APP ACTIVITY CLASS = com.unity3d.player.UnityPlayerActivity
2021-05-17T16:49:57.121Z:debug8517/8463 UnityVolumeReceiver
Unregistering volume receiver
2021-05-17T16:49:57.123Z:debug8517/8463 UnityBatteryReceiver
Unregistering battery receiver
2021-05-17T16:50:40.203Z:warn1044/1016 ActivityTaskManager
Force removing ActivityRecord{3ce309f u0 com.DefaultCompany.cat360VR_v2/com.unity3d.player.UnityPlayerActivity t843 f}: app died, no saved state
2021-05-17T16:50:40.556Z:warn1771/1016 LaunchParamsPersister
Failed to delete /data/system_ce/0/launch_params/com.DefaultCompany.cat360VR_v2_com.unity3d.player.UnityPlayerActivity.xml
