2021-05-17T16:06:42.193Z:debug3516/3464 [SEO] ShellApplication
startActivityFromRecents: Intent { act=android.intent.action.MAIN cat=[android.intent.category.INFO] flg=0x10010000 pkg=com.DefaultCompany.cat360VR_v2 cmp=com.DefaultCompany.cat360VR_v2/com.unity3d.player.UnityPlayerActivity (has extras) }
2021-05-17T16:06:42.194Z:debug3516/3464 [SEO] ShellApplication
startActivity Intent { act=android.intent.action.MAIN cat=[android.intent.category.INFO] flg=0x10010000 pkg=com.DefaultCompany.cat360VR_v2 cmp=com.DefaultCompany.cat360VR_v2/com.unity3d.player.UnityPlayerActivity (has extras) }
2021-05-17T16:06:42.198Z:debug24869/1016 ActivityTaskManager
Using main display for VR activity ActivityRecord{adb8507 u0 com.DefaultCompany.cat360VR_v2/com.unity3d.player.UnityPlayerActivity t-1}
2021-05-17T16:06:42.197Z:info24869/1016 ActivityTaskManager
START u0 {act=android.intent.action.MAIN cat=[android.intent.category.INFO] flg=0x10010000 pkg=com.DefaultCompany.cat360VR_v2 cmp=com.DefaultCompany.cat360VR_v2/com.unity3d.player.UnityPlayerActivity (has extras)} from uid 10020
2021-05-17T16:06:42.199Z:debug24869/1016 ActivityTaskManager
Using main display for VR activity ActivityRecord{adb8507 u0 com.DefaultCompany.cat360VR_v2/com.unity3d.player.UnityPlayerActivity t-1}
2021-05-17T16:06:42.921Z:info29153/29105 VrRuntimeClient
APP ACTIVITY CLASS = com.unity3d.player.UnityPlayerActivity
2021-05-17T16:06:42.984Z:debug29153/29105 UnityVolumeReceiver
Registering volume receiver
2021-05-17T16:06:42.990Z:debug29153/29105 UnityVolumeReceiver
startVolumeReceiver: 3
2021-05-17T16:06:43.006Z:debug29153/29105 UnityBatteryReceiver
Registering battery receiver
2021-05-17T16:06:43.026Z:info29153/29105 VrRuntimeClient
APP ACTIVITY CLASS = com.unity3d.player.UnityPlayerActivity
2021-05-17T16:06:43.224Z:debug29153/29105 UnityVolumeReceiver
Unregistering volume receiver
2021-05-17T16:06:43.225Z:debug29153/29105 UnityBatteryReceiver
Unregistering battery receiver
2021-05-17T16:06:43.237Z:info29153/29105 VrRuntimeClient
APP ACTIVITY CLASS = com.unity3d.player.UnityPlayerActivity
2021-05-17T16:06:43.261Z:debug29153/29105 UnityVolumeReceiver
Registering volume receiver
2021-05-17T16:06:43.265Z:debug29153/29105 UnityBatteryReceiver
Registering battery receiver
2021-05-17T16:06:43.262Z:debug29153/29105 UnityVolumeReceiver
startVolumeReceiver: 3
2021-05-17T16:06:47.512Z:info29127/29105 Unity
Unity v2019.4.7f1, Oculus Utilities v1.57.0, OVRPlugin v1.57.0, SDK v1.1.42.0. <br>(Filename: ./Runtime/Export/Debug/Debug.bindings.h Line: 35)<br><br>
2021-05-17T16:06:47.552Z:info29127/29105 Unity
SystemHeadset Oculus_Quest, API VRAPI <br>(Filename: ./Runtime/Export/Debug/Debug.bindings.h Line: 35)<br><br>
2021-05-17T16:06:47.575Z:info29127/29105 Unity
OVRPlugin.Media initialized <br>(Filename: ./Runtime/Export/Debug/Debug.bindings.h Line: 35)<br><br>
2021-05-17T16:06:47.586Z:info29127/29105 Unity
[MRC] SetMrcAudioSampleRate(48000) <br>(Filename: ./Runtime/Export/Debug/Debug.bindings.h Line: 35)<br><br>
2021-05-17T16:06:47.591Z:info29127/29105 Unity
[MRC] Active InputVideoBufferType:TextureHandle <br>(Filename: ./Runtime/Export/Debug/Debug.bindings.h Line: 35)<br><br>
2021-05-17T16:06:47.592Z:info29127/29105 Unity
[MRC] ActivateMode: Automatic <br>(Filename: ./Runtime/Export/Debug/Debug.bindings.h Line: 35)<br><br>
2021-05-17T16:06:47.626Z:info29127/29105 Unity
Current display frequency 72, available frequencies [60, 72] <br>(Filename: ./Runtime/Export/Debug/Debug.bindings.h Line: 35)<br><br>
2021-05-17T16:06:47.816Z:info29127/29105 Unity
The current MSAA level is 0, but the recommended MSAA level is 4. Switching to the recommended level. <br>(Filename: ./Runtime/Export/Debug/Debug.bindings.h Line: 35)<br><br>
2021-05-17T16:06:47.817Z:info29127/29105 Unity
[OVRManager] HMDAcquired event <br>(Filename: ./Runtime/Export/Debug/Debug.bindings.h Line: 35)<br><br>
2021-05-17T16:06:47.818Z:info29127/29105 Unity
[OVRManager] HMDMounted event <br>(Filename: ./Runtime/Export/Debug/Debug.bindings.h Line: 35)<br><br>
2021-05-17T16:06:47.818Z:info29127/29105 Unity
[OVRManager] VrFocusAcquired event <br>(Filename: ./Runtime/Export/Debug/Debug.bindings.h Line: 35)<br><br>
2021-05-17T16:06:47.825Z:info29127/29105 Unity
[OVRManager] TrackingAcquired event <br>(Filename: ./Runtime/Export/Debug/Debug.bindings.h Line: 35)<br><br>
2021-05-17T16:06:47.827Z:info29127/29105 Unity
Recenter event detected <br>(Filename: ./Runtime/Export/Debug/Debug.bindings.h Line: 35)<br><br>
2021-05-17T16:06:48.580Z:info29127/29105 Unity
Unity : Cat_Lite OnTrigger Inside CC, Untagged <br>(Filename: ./Runtime/Export/Debug/Debug.bindings.h Line: 35)<br><br>
2021-05-17T16:06:48.582Z:info29127/29105 Unity
Unity : Cat_Lite OnTrigger CubeWith CC, Untagged <br>(Filename: ./Runtime/Export/Debug/Debug.bindings.h Line: 35)<br><br>
2021-05-17T16:06:48.582Z:info29127/29105 Unity
Unity : Cat_Lite OnTrigger OVRPlayerController, Untagged <br>(Filename: ./Runtime/Export/Debug/Debug.bindings.h Line: 35)<br><br>
2021-05-17T16:06:51.030Z:info29127/29105 Unity
Unity : Cat_Lite OnTrigger GrabVolumeBig, Hand <br>(Filename: ./Runtime/Export/Debug/Debug.bindings.h Line: 35)<br><br>
2021-05-17T16:06:51.030Z:info29127/29105 Unity
Unity : Cat TriggerEnter Hand <br>(Filename: ./Runtime/Export/Debug/Debug.bindings.h Line: 35)<br><br>
2021-05-17T16:06:51.072Z:info29127/29105 Unity
Unity : Cat_Lite OnTrigger GrabVolumeSmall, Untagged <br>(Filename: ./Runtime/Export/Debug/Debug.bindings.h Line: 35)<br><br>
2021-05-17T16:06:52.631Z:info29127/29105 Unity
Unity : Cat_Lite OnTrigger GrabVolumeBig, Hand <br>(Filename: ./Runtime/Export/Debug/Debug.bindings.h Line: 35)<br><br>
2021-05-17T16:06:52.631Z:info29127/29105 Unity
Unity : Cat TriggerEnter Hand <br>(Filename: ./Runtime/Export/Debug/Debug.bindings.h Line: 35)<br><br>
2021-05-17T16:06:52.673Z:info29127/29105 Unity
Unity : Cat_Lite OnTrigger GrabVolumeSmall, Untagged <br>(Filename: ./Runtime/Export/Debug/Debug.bindings.h Line: 35)<br><br>
2021-05-17T16:06:53.299Z:info29127/29105 Unity
Unity : Cat_Lite OnTrigger GrabVolumeBig, Hand <br>(Filename: ./Runtime/Export/Debug/Debug.bindings.h Line: 35)<br><br>
2021-05-17T16:06:53.299Z:info29127/29105 Unity
Unity : Cat TriggerEnter Hand <br>(Filename: ./Runtime/Export/Debug/Debug.bindings.h Line: 35)<br><br>
2021-05-17T16:06:53.300Z:info29127/29105 Unity
Unity : Cat_Lite OnTrigger GrabVolumeSmall, Untagged <br>(Filename: ./Runtime/Export/Debug/Debug.bindings.h Line: 35)<br><br>
2021-05-17T16:06:56.404Z:info29127/29105 Unity
Unity : Cat_Lite OnTrigger GrabVolumeSmall, Untagged <br>(Filename: ./Runtime/Export/Debug/Debug.bindings.h Line: 35)<br><br>
2021-05-17T16:06:56.432Z:info29127/29105 Unity
Unity : Cat_Lite OnTrigger GrabVolumeBig, Hand <br>(Filename: ./Runtime/Export/Debug/Debug.bindings.h Line: 35)<br><br>
2021-05-17T16:06:56.432Z:info29127/29105 Unity
Unity : Cat TriggerEnter Hand <br>(Filename: ./Runtime/Export/Debug/Debug.bindings.h Line: 35)<br><br>
2021-05-17T16:06:56.432Z:info29127/29105 Unity
Unity : Cat_Lite OnTrigger GrabVolumeSmall, Untagged <br>(Filename: ./Runtime/Export/Debug/Debug.bindings.h Line: 35)<br><br>
2021-05-17T16:06:56.446Z:info29127/29105 Unity
Unity : Cat_Lite OnTrigger GrabVolumeBig, Hand <br>(Filename: ./Runtime/Export/Debug/Debug.bindings.h Line: 35)<br><br>
2021-05-17T16:06:56.446Z:info29127/29105 Unity
Unity : Cat TriggerEnter Hand <br>(Filename: ./Runtime/Export/Debug/Debug.bindings.h Line: 35)<br><br>
2021-05-17T16:07:00.734Z:info29127/29105 Unity
[OVRManager] HMDUnmounted event <br>(Filename: ./Runtime/Export/Debug/Debug.bindings.h Line: 35)<br><br>
2021-05-17T16:07:01.389Z:info29127/29105 Unity
[OVRManager] HMDMounted event <br>(Filename: ./Runtime/Export/Debug/Debug.bindings.h Line: 35)<br><br>
2021-05-17T16:12:21.279Z:debug3516/3464 [SEO] ShellApplication
startActivityFromRecents: Intent { act=android.intent.action.MAIN cat=[android.intent.category.INFO] flg=0x10010000 pkg=com.DefaultCompany.cat360VR_v2 cmp=com.DefaultCompany.cat360VR_v2/com.unity3d.player.UnityPlayerActivity (has extras) }
2021-05-17T16:12:21.280Z:debug3516/3464 [SEO] ShellApplication
startActivity Intent { act=android.intent.action.MAIN cat=[android.intent.category.INFO] flg=0x10010000 pkg=com.DefaultCompany.cat360VR_v2 cmp=com.DefaultCompany.cat360VR_v2/com.unity3d.player.UnityPlayerActivity (has extras) }
2021-05-17T16:12:21.288Z:info15619/1016 ActivityTaskManager
START u0 {act=android.intent.action.MAIN cat=[android.intent.category.INFO] flg=0x10010000 pkg=com.DefaultCompany.cat360VR_v2 cmp=com.DefaultCompany.cat360VR_v2/com.unity3d.player.UnityPlayerActivity (has extras)} from uid 10020
2021-05-17T16:12:21.288Z:debug15619/1016 ActivityTaskManager
Using main display for VR activity ActivityRecord{6c2acfb u0 com.DefaultCompany.cat360VR_v2/com.unity3d.player.UnityPlayerActivity t-1}
2021-05-17T16:12:21.289Z:debug15619/1016 ActivityTaskManager
Using main display for VR activity ActivityRecord{6c2acfb u0 com.DefaultCompany.cat360VR_v2/com.unity3d.player.UnityPlayerActivity t-1}
2021-05-17T16:12:22.007Z:info30961/30913 VrRuntimeClient
APP ACTIVITY CLASS = com.unity3d.player.UnityPlayerActivity
2021-05-17T16:12:22.062Z:debug30961/30913 UnityVolumeReceiver
Registering volume receiver
2021-05-17T16:12:22.094Z:debug30961/30913 UnityBatteryReceiver
Registering battery receiver
2021-05-17T16:12:22.126Z:info30961/30913 VrRuntimeClient
APP ACTIVITY CLASS = com.unity3d.player.UnityPlayerActivity
2021-05-17T16:12:22.078Z:debug30961/30913 UnityVolumeReceiver
startVolumeReceiver: 3
2021-05-17T16:12:22.345Z:debug30961/30913 UnityVolumeReceiver
Unregistering volume receiver
2021-05-17T16:12:22.346Z:debug30961/30913 UnityBatteryReceiver
Unregistering battery receiver
2021-05-17T16:12:22.358Z:info30961/30913 VrRuntimeClient
APP ACTIVITY CLASS = com.unity3d.player.UnityPlayerActivity
2021-05-17T16:12:22.397Z:debug30961/30913 UnityVolumeReceiver
Registering volume receiver
2021-05-17T16:12:22.401Z:debug30961/30913 UnityVolumeReceiver
startVolumeReceiver: 3
2021-05-17T16:12:22.406Z:debug30961/30913 UnityBatteryReceiver
Registering battery receiver
2021-05-17T16:12:26.615Z:info30933/30913 Unity
Unity v2019.4.7f1, Oculus Utilities v1.57.0, OVRPlugin v1.57.0, SDK v1.1.42.0. <br>(Filename: ./Runtime/Export/Debug/Debug.bindings.h Line: 35)<br><br>
2021-05-17T16:12:26.638Z:info30933/30913 Unity
SystemHeadset Oculus_Quest, API VRAPI <br>(Filename: ./Runtime/Export/Debug/Debug.bindings.h Line: 35)<br><br>
2021-05-17T16:12:26.662Z:info30933/30913 Unity
OVRPlugin.Media initialized <br>(Filename: ./Runtime/Export/Debug/Debug.bindings.h Line: 35)<br><br>
2021-05-17T16:12:26.672Z:info30933/30913 Unity
[MRC] SetMrcAudioSampleRate(48000) <br>(Filename: ./Runtime/Export/Debug/Debug.bindings.h Line: 35)<br><br>
2021-05-17T16:12:26.677Z:info30933/30913 Unity
[MRC] Active InputVideoBufferType:TextureHandle <br>(Filename: ./Runtime/Export/Debug/Debug.bindings.h Line: 35)<br><br>
2021-05-17T16:12:26.678Z:info30933/30913 Unity
[MRC] ActivateMode: Automatic <br>(Filename: ./Runtime/Export/Debug/Debug.bindings.h Line: 35)<br><br>
2021-05-17T16:12:26.710Z:info30933/30913 Unity
Current display frequency 72, available frequencies [60, 72] <br>(Filename: ./Runtime/Export/Debug/Debug.bindings.h Line: 35)<br><br>
2021-05-17T16:12:26.858Z:info30933/30913 Unity
Unity testTrigger <br>(Filename: ./Runtime/Export/Debug/Debug.bindings.h Line: 35)<br><br>
2021-05-17T16:12:26.883Z:info30933/30913 Unity
OnTriggerEnter, Collider : style <br>(Filename: ./Runtime/Export/Debug/Debug.bindings.h Line: 35)<br><br>
2021-05-17T16:12:26.884Z:info30933/30913 chatty
uid=10099(com.DefaultCompany.cat360VR_v2) UnityMain identical 2 lines
2021-05-17T16:12:26.884Z:info30933/30913 Unity
OnTriggerEnter, Collider : style <br>(Filename: ./Runtime/Export/Debug/Debug.bindings.h Line: 35)<br><br>
2021-05-17T16:12:26.915Z:info30933/30913 Unity
[OVRManager] HMDAcquired event <br>(Filename: ./Runtime/Export/Debug/Debug.bindings.h Line: 35)<br><br>
2021-05-17T16:12:26.914Z:info30933/30913 Unity
The current MSAA level is 0, but the recommended MSAA level is 4. Switching to the recommended level. <br>(Filename: ./Runtime/Export/Debug/Debug.bindings.h Line: 35)<br><br>
2021-05-17T16:12:26.923Z:info30933/30913 Unity
[OVRManager] HMDMounted event <br>(Filename: ./Runtime/Export/Debug/Debug.bindings.h Line: 35)<br><br>
2021-05-17T16:12:26.924Z:info30933/30913 Unity
[OVRManager] VrFocusAcquired event <br>(Filename: ./Runtime/Export/Debug/Debug.bindings.h Line: 35)<br><br>
2021-05-17T16:12:26.931Z:info30933/30913 Unity
[OVRManager] TrackingAcquired event <br>(Filename: ./Runtime/Export/Debug/Debug.bindings.h Line: 35)<br><br>
2021-05-17T16:12:26.933Z:info30933/30913 Unity
Recenter event detected <br>(Filename: ./Runtime/Export/Debug/Debug.bindings.h Line: 35)<br><br>
2021-05-17T16:12:56.572Z:info30933/30913 Unity
Instance_YesOperate <br>(Filename: ./Runtime/Export/Debug/Debug.bindings.h Line: 35)<br><br>
2021-05-17T16:12:56.573Z:info30933/30913 Unity
Instance_SearchCatOperate <br>(Filename: ./Runtime/Export/Debug/Debug.bindings.h Line: 35)<br><br>
2021-05-17T16:12:56.573Z:info30933/30913 Unity
Instance_SearchCatOperate <br>(Filename: ./Runtime/Export/Debug/Debug.bindings.h Line: 35)<br><br>
2021-05-17T16:13:11.469Z:info30933/30913 Unity
고양이다 <br>(Filename: ./Runtime/Export/Debug/Debug.bindings.h Line: 35)<br><br>
2021-05-17T16:13:13.493Z:debug30913/30913 UnityVolumeReceiver
OnReceive VOLUME_CHANGED_ACTION
2021-05-17T16:13:13.494Z:debug30913/30913 UnityVolumeReceiver
skipping volume change from stream 10
2021-05-17T16:13:13.495Z:debug30913/30913 UnityVolumeReceiver
OnReceive VOLUME_CHANGED_ACTION
2021-05-17T16:13:13.495Z:debug30913/30913 UnityVolumeReceiver
skipping volume change from stream 9
2021-05-17T16:13:13.496Z:debug30913/30913 UnityVolumeReceiver
OnReceive VOLUME_CHANGED_ACTION
2021-05-17T16:13:13.496Z:debug30913/30913 UnityVolumeReceiver
skipping volume change from stream 8
2021-05-17T16:13:13.502Z:debug30913/30913 UnityVolumeReceiver
OnReceive VOLUME_CHANGED_ACTION
2021-05-17T16:13:13.924Z:debug30913/30913 UnityVolumeReceiver
OnReceive VOLUME_CHANGED_ACTION
2021-05-17T16:13:13.925Z:debug30913/30913 UnityVolumeReceiver
skipping volume change from stream 10
2021-05-17T16:13:13.925Z:debug30913/30913 UnityVolumeReceiver
OnReceive VOLUME_CHANGED_ACTION
2021-05-17T16:13:13.925Z:debug30913/30913 UnityVolumeReceiver
skipping volume change from stream 9
2021-05-17T16:13:13.928Z:debug30913/30913 UnityVolumeReceiver
OnReceive VOLUME_CHANGED_ACTION
2021-05-17T16:13:13.928Z:debug30913/30913 UnityVolumeReceiver
skipping volume change from stream 8
2021-05-17T16:13:13.929Z:debug30913/30913 UnityVolumeReceiver
OnReceive VOLUME_CHANGED_ACTION
2021-05-17T16:13:18.002Z:info30933/30913 Unity
FadeManager Instance_FadeOperate <br>(Filename: ./Runtime/Export/Debug/Debug.bindings.h Line: 35)<br><br>
2021-05-17T16:13:19.462Z:info30933/30913 Unity
Instance_WorldChangeOperate <br>(Filename: ./Runtime/Export/Debug/Debug.bindings.h Line: 35)<br><br>
2021-05-17T16:13:19.462Z:info30933/30913 Unity
Instance_WorldChangeOperate WorldNumber: 1 <br>(Filename: ./Runtime/Export/Debug/Debug.bindings.h Line: 35)<br><br>
2021-05-17T16:13:19.464Z:info30933/30913 Unity
Instance_SearchCatOperate <br>(Filename: ./Runtime/Export/Debug/Debug.bindings.h Line: 35)<br><br>
2021-05-17T16:13:19.464Z:info30933/30913 chatty
uid=10099(com.DefaultCompany.cat360VR_v2) UnityMain identical 1 line
2021-05-17T16:13:19.465Z:info30933/30913 Unity
Instance_SearchCatOperate <br>(Filename: ./Runtime/Export/Debug/Debug.bindings.h Line: 35)<br><br>
2021-05-17T16:13:19.483Z:info30933/30913 Unity
OnTriggerEnter, Collider : style <br>(Filename: ./Runtime/Export/Debug/Debug.bindings.h Line: 35)<br><br>
2021-05-17T16:13:19.483Z:info30933/30913 chatty
uid=10099(com.DefaultCompany.cat360VR_v2) UnityMain identical 2 lines
2021-05-17T16:13:19.483Z:info30933/30913 Unity
OnTriggerEnter, Collider : style <br>(Filename: ./Runtime/Export/Debug/Debug.bindings.h Line: 35)<br><br>
2021-05-17T16:13:21.674Z:info30933/30913 Unity
고양이다 <br>(Filename: ./Runtime/Export/Debug/Debug.bindings.h Line: 35)<br><br>
2021-05-17T16:13:28.205Z:info30933/30913 Unity
FadeManager Instance_FadeOperate <br>(Filename: ./Runtime/Export/Debug/Debug.bindings.h Line: 35)<br><br>
2021-05-17T16:13:29.613Z:info30933/30913 Unity
Instance_WorldChangeOperate <br>(Filename: ./Runtime/Export/Debug/Debug.bindings.h Line: 35)<br><br>
2021-05-17T16:13:29.613Z:info30933/30913 Unity
Instance_WorldChangeOperate WorldNumber: 2 <br>(Filename: ./Runtime/Export/Debug/Debug.bindings.h Line: 35)<br><br>
2021-05-17T16:13:29.614Z:info30933/30913 Unity
Instance_SearchCatOperate <br>(Filename: ./Runtime/Export/Debug/Debug.bindings.h Line: 35)<br><br>
2021-05-17T16:13:29.614Z:info30933/30913 chatty
uid=10099(com.DefaultCompany.cat360VR_v2) UnityMain identical 1 line
2021-05-17T16:13:29.614Z:info30933/30913 Unity
Instance_SearchCatOperate <br>(Filename: ./Runtime/Export/Debug/Debug.bindings.h Line: 35)<br><br>
2021-05-17T16:13:29.625Z:info30933/30913 Unity
OnTriggerEnter, Collider : style <br>(Filename: ./Runtime/Export/Debug/Debug.bindings.h Line: 35)<br><br>
2021-05-17T16:13:29.625Z:info30933/30913 chatty
uid=10099(com.DefaultCompany.cat360VR_v2) UnityMain identical 2 lines
2021-05-17T16:13:29.625Z:info30933/30913 Unity
OnTriggerEnter, Collider : style <br>(Filename: ./Runtime/Export/Debug/Debug.bindings.h Line: 35)<br><br>
2021-05-17T16:13:31.087Z:info30933/30913 Unity
고양이다 <br>(Filename: ./Runtime/Export/Debug/Debug.bindings.h Line: 35)<br><br>
2021-05-17T16:13:37.617Z:info30933/30913 Unity
FadeManager Instance_FadeOperate <br>(Filename: ./Runtime/Export/Debug/Debug.bindings.h Line: 35)<br><br>
2021-05-17T16:13:39.024Z:info30933/30913 Unity
Instance_WorldChangeOperate <br>(Filename: ./Runtime/Export/Debug/Debug.bindings.h Line: 35)<br><br>
2021-05-17T16:13:39.024Z:info30933/30913 Unity
Instance_WorldChangeOperate WorldNumber: 3 <br>(Filename: ./Runtime/Export/Debug/Debug.bindings.h Line: 35)<br><br>
2021-05-17T16:13:39.024Z:info30933/30913 Unity
Instance_SearchCatOperate <br>(Filename: ./Runtime/Export/Debug/Debug.bindings.h Line: 35)<br><br>
2021-05-17T16:13:39.024Z:info30933/30913 chatty
uid=10099(com.DefaultCompany.cat360VR_v2) UnityMain identical 1 line
2021-05-17T16:13:39.024Z:info30933/30913 Unity
Instance_SearchCatOperate <br>(Filename: ./Runtime/Export/Debug/Debug.bindings.h Line: 35)<br><br>
2021-05-17T16:13:39.037Z:info30933/30913 Unity
OnTriggerEnter, Collider : style <br>(Filename: ./Runtime/Export/Debug/Debug.bindings.h Line: 35)<br><br>
2021-05-17T16:13:39.037Z:info30933/30913 chatty
uid=10099(com.DefaultCompany.cat360VR_v2) UnityMain identical 2 lines
2021-05-17T16:13:39.037Z:info30933/30913 Unity
OnTriggerEnter, Collider : style <br>(Filename: ./Runtime/Export/Debug/Debug.bindings.h Line: 35)<br><br>
2021-05-17T16:13:44.189Z:info30933/30913 Unity
고양이다 <br>(Filename: ./Runtime/Export/Debug/Debug.bindings.h Line: 35)<br><br>
2021-05-17T16:13:50.720Z:info30933/30913 Unity
FadeManager Instance_FadeOperate <br>(Filename: ./Runtime/Export/Debug/Debug.bindings.h Line: 35)<br><br>
2021-05-17T16:13:52.126Z:info30933/30913 Unity
Instance_WorldChangeOperate <br>(Filename: ./Runtime/Export/Debug/Debug.bindings.h Line: 35)<br><br>
2021-05-17T16:13:52.126Z:info30933/30913 Unity
Instance_WorldChangeOperate WorldNumber: 4 <br>(Filename: ./Runtime/Export/Debug/Debug.bindings.h Line: 35)<br><br>
2021-05-17T16:13:52.127Z:info30933/30913 Unity
고양이가 다가오게만들어라 <br>(Filename: ./Runtime/Export/Debug/Debug.bindings.h Line: 35)<br><br>
2021-05-17T16:13:52.128Z:info30933/30913 Unity
Instance_SearchCatOperate <br>(Filename: ./Runtime/Export/Debug/Debug.bindings.h Line: 35)<br><br>
2021-05-17T16:13:52.128Z:info30933/30913 chatty
uid=10099(com.DefaultCompany.cat360VR_v2) UnityMain identical 1 line
2021-05-17T16:13:52.128Z:info30933/30913 Unity
Instance_SearchCatOperate <br>(Filename: ./Runtime/Export/Debug/Debug.bindings.h Line: 35)<br><br>
2021-05-17T16:13:52.139Z:info30933/30913 Unity
OnTriggerEnter, Collider : style <br>(Filename: ./Runtime/Export/Debug/Debug.bindings.h Line: 35)<br><br>
2021-05-17T16:13:52.140Z:info30933/30913 chatty
uid=10099(com.DefaultCompany.cat360VR_v2) UnityMain identical 2 lines
2021-05-17T16:13:52.140Z:info30933/30913 Unity
OnTriggerEnter, Collider : style <br>(Filename: ./Runtime/Export/Debug/Debug.bindings.h Line: 35)<br><br>
2021-05-17T16:13:58.627Z:info30933/30913 Unity
고양이다 <br>(Filename: ./Runtime/Export/Debug/Debug.bindings.h Line: 35)<br><br>
2021-05-17T16:13:58.642Z:info30933/30913 Unity
ComeCat <br>(Filename: ./Runtime/Export/Debug/Debug.bindings.h Line: 35)<br><br>
2021-05-17T16:13:58.697Z:info30933/30913 chatty
uid=10099(com.DefaultCompany.cat360VR_v2) UnityMain identical 4 lines
2021-05-17T16:13:58.712Z:info30933/30913 Unity
ComeCat <br>(Filename: ./Runtime/Export/Debug/Debug.bindings.h Line: 35)<br><br>
2021-05-17T16:13:58.725Z:info30933/30913 Unity
ComeCat <br>(Filename: ./Runtime/Export/Debug/Debug.bindings.h Line: 35)<br><br>
2021-05-17T16:13:58.739Z:info30933/30913 Unity
ComeCat <br>(Filename: ./Runtime/Export/Debug/Debug.bindings.h Line: 35)<br><br>
2021-05-17T16:13:58.948Z:info30933/30913 chatty
uid=10099(com.DefaultCompany.cat360VR_v2) UnityMain identical 15 lines
2021-05-17T16:13:58.962Z:info30933/30913 Unity
ComeCat <br>(Filename: ./Runtime/Export/Debug/Debug.bindings.h Line: 35)<br><br>
2021-05-17T16:13:58.976Z:info30933/30913 Unity
ComeCat <br>(Filename: ./Runtime/Export/Debug/Debug.bindings.h Line: 35)<br><br>
2021-05-17T16:13:58.990Z:info30933/30913 Unity
ComeCat <br>(Filename: ./Runtime/Export/Debug/Debug.bindings.h Line: 35)<br><br>
2021-05-17T16:13:59.004Z:info30933/30913 Unity
ComeCat <br>(Filename: ./Runtime/Export/Debug/Debug.bindings.h Line: 35)<br><br>
2021-05-17T16:13:59.087Z:info30933/30913 chatty
uid=10099(com.DefaultCompany.cat360VR_v2) UnityMain identical 6 lines
2021-05-17T16:13:59.102Z:info30933/30913 Unity
ComeCat <br>(Filename: ./Runtime/Export/Debug/Debug.bindings.h Line: 35)<br><br>
2021-05-17T16:13:59.115Z:info30933/30913 Unity
ComeCat <br>(Filename: ./Runtime/Export/Debug/Debug.bindings.h Line: 35)<br><br>
2021-05-17T16:13:59.408Z:info30933/30913 chatty
uid=10099(com.DefaultCompany.cat360VR_v2) UnityMain identical 21 lines
2021-05-17T16:13:59.422Z:info30933/30913 Unity
ComeCat <br>(Filename: ./Runtime/Export/Debug/Debug.bindings.h Line: 35)<br><br>
2021-05-17T16:13:59.435Z:info30933/30913 Unity
ComeCat <br>(Filename: ./Runtime/Export/Debug/Debug.bindings.h Line: 35)<br><br>
2021-05-17T16:13:59.561Z:info30933/30913 chatty
uid=10099(com.DefaultCompany.cat360VR_v2) UnityMain identical 9 lines
2021-05-17T16:13:59.574Z:info30933/30913 Unity
ComeCat <br>(Filename: ./Runtime/Export/Debug/Debug.bindings.h Line: 35)<br><br>
2021-05-17T16:13:59.589Z:info30933/30913 Unity
ComeCat <br>(Filename: ./Runtime/Export/Debug/Debug.bindings.h Line: 35)<br><br>
2021-05-17T16:13:59.603Z:info30933/30913 Unity
ComeCat <br>(Filename: ./Runtime/Export/Debug/Debug.bindings.h Line: 35)<br><br>
2021-05-17T16:13:59.616Z:info30933/30913 Unity
ComeCat <br>(Filename: ./Runtime/Export/Debug/Debug.bindings.h Line: 35)<br><br>
2021-05-17T16:13:59.658Z:info30933/30913 chatty
uid=10099(com.DefaultCompany.cat360VR_v2) UnityMain identical 3 lines
2021-05-17T16:13:59.672Z:info30933/30913 Unity
ComeCat <br>(Filename: ./Runtime/Export/Debug/Debug.bindings.h Line: 35)<br><br>
2021-05-17T16:13:59.687Z:info30933/30913 Unity
ComeCat <br>(Filename: ./Runtime/Export/Debug/Debug.bindings.h Line: 35)<br><br>
2021-05-17T16:13:59.700Z:info30933/30913 Unity
ComeCat <br>(Filename: ./Runtime/Export/Debug/Debug.bindings.h Line: 35)<br><br>
2021-05-17T16:13:59.909Z:info30933/30913 chatty
uid=10099(com.DefaultCompany.cat360VR_v2) UnityMain identical 15 lines
2021-05-17T16:13:59.923Z:info30933/30913 Unity
ComeCat <br>(Filename: ./Runtime/Export/Debug/Debug.bindings.h Line: 35)<br><br>
2021-05-17T16:13:59.937Z:info30933/30913 Unity
ComeCat <br>(Filename: ./Runtime/Export/Debug/Debug.bindings.h Line: 35)<br><br>
2021-05-17T16:13:59.965Z:info30933/30913 chatty
uid=10099(com.DefaultCompany.cat360VR_v2) UnityMain identical 2 lines
2021-05-17T16:13:59.979Z:info30933/30913 Unity
ComeCat <br>(Filename: ./Runtime/Export/Debug/Debug.bindings.h Line: 35)<br><br>
2021-05-17T16:13:59.992Z:info30933/30913 Unity
ComeCat <br>(Filename: ./Runtime/Export/Debug/Debug.bindings.h Line: 35)<br><br>
2021-05-17T16:14:00.090Z:info30933/30913 chatty
uid=10099(com.DefaultCompany.cat360VR_v2) UnityMain identical 7 lines
2021-05-17T16:14:00.104Z:info30933/30913 Unity
ComeCat <br>(Filename: ./Runtime/Export/Debug/Debug.bindings.h Line: 35)<br><br>
2021-05-17T16:14:00.118Z:info30933/30913 Unity
ComeCat <br>(Filename: ./Runtime/Export/Debug/Debug.bindings.h Line: 35)<br><br>
2021-05-17T16:14:00.354Z:info30933/30913 chatty
uid=10099(com.DefaultCompany.cat360VR_v2) UnityMain identical 17 lines
2021-05-17T16:14:00.369Z:info30933/30913 Unity
ComeCat <br>(Filename: ./Runtime/Export/Debug/Debug.bindings.h Line: 35)<br><br>
2021-05-17T16:14:00.382Z:info30933/30913 Unity
ComeCat <br>(Filename: ./Runtime/Export/Debug/Debug.bindings.h Line: 35)<br><br>
2021-05-17T16:14:00.396Z:info30933/30913 chatty
uid=10099(com.DefaultCompany.cat360VR_v2) UnityMain identical 1 line
2021-05-17T16:14:00.410Z:info30933/30913 Unity
ComeCat <br>(Filename: ./Runtime/Export/Debug/Debug.bindings.h Line: 35)<br><br>
2021-05-17T16:14:00.424Z:info30933/30913 Unity
ComeCat <br>(Filename: ./Runtime/Export/Debug/Debug.bindings.h Line: 35)<br><br>
2021-05-17T16:14:00.619Z:info30933/30913 chatty
uid=10099(com.DefaultCompany.cat360VR_v2) UnityMain identical 14 lines
2021-05-17T16:14:00.632Z:info30933/30913 Unity
ComeCat <br>(Filename: ./Runtime/Export/Debug/Debug.bindings.h Line: 35)<br><br>
2021-05-17T16:14:04.239Z:info30933/30913 Unity
OnTriggerEnter, Collider : GrabVolumeSmall <br>(Filename: ./Runtime/Export/Debug/Debug.bindings.h Line: 35)<br><br>
2021-05-17T16:14:04.239Z:info30933/30913 Unity
OnTriggerEnter, Collider : GrabVolumeBig <br>(Filename: ./Runtime/Export/Debug/Debug.bindings.h Line: 35)<br><br>
2021-05-17T16:14:04.284Z:error30933/30913 Unity
NullReferenceException: Object reference not set to an instance of an object<br>  at SoundManager.happayNyangSound () [0x00008] in <3cc20066cb944f96a43fa433d6f0b5f7>:0 <br>  at CatCtrl.Instance_TouchCompleteOperate () [0x00000] in <3cc20066cb944f96a43fa433d6f0b5f7>:0 <br>  at (wrapper delegate-invoke) <Module>.invoke_void()<br>  at DelegateManager.TouchCompleteOperation () [0x0000a] in <3cc20066cb944f96a43fa433d6f0b5f7>:0 <br>  at testTrigger.OnTriggerEnter (UnityEngine.Collider other) [0x00049] in <3cc20066cb944f96a43fa433d6f0b5f7>:0 <br> <br>(Filename: <3cc20066cb944f96a43fa433d6f0b5f7> Line: 0)<br><br>
2021-05-17T16:14:05.909Z:info30933/30913 Unity
OnTriggerEnter, Collider : GrabVolumeSmall <br>(Filename: ./Runtime/Export/Debug/Debug.bindings.h Line: 35)<br><br>
2021-05-17T16:14:05.937Z:info30933/30913 Unity
OnTriggerEnter, Collider : GrabVolumeBig <br>(Filename: ./Runtime/Export/Debug/Debug.bindings.h Line: 35)<br><br>
2021-05-17T16:14:05.941Z:error30933/30913 Unity
NullReferenceException: Object reference not set to an instance of an object<br>  at SoundManager.happayNyangSound () [0x00008] in <3cc20066cb944f96a43fa433d6f0b5f7>:0 <br>  at CatCtrl.Instance_TouchCompleteOperate () [0x00000] in <3cc20066cb944f96a43fa433d6f0b5f7>:0 <br>  at (wrapper delegate-invoke) <Module>.invoke_void()<br>  at DelegateManager.TouchCompleteOperation () [0x0000a] in <3cc20066cb944f96a43fa433d6f0b5f7>:0 <br>  at testTrigger.OnTriggerEnter (UnityEngine.Collider other) [0x00049] in <3cc20066cb944f96a43fa433d6f0b5f7>:0 <br> <br>(Filename: <3cc20066cb944f96a43fa433d6f0b5f7> Line: 0)<br><br>
2021-05-17T16:14:09.683Z:info30933/30913 Unity
OnTriggerEnter, Collider : GrabVolumeBig <br>(Filename: ./Runtime/Export/Debug/Debug.bindings.h Line: 35)<br><br>
2021-05-17T16:14:09.685Z:error30933/30913 Unity
NullReferenceException: Object reference not set to an instance of an object<br>  at SoundManager.happayNyangSound () [0x00008] in <3cc20066cb944f96a43fa433d6f0b5f7>:0 <br>  at CatCtrl.Instance_TouchCompleteOperate () [0x00000] in <3cc20066cb944f96a43fa433d6f0b5f7>:0 <br>  at (wrapper delegate-invoke) <Module>.invoke_void()<br>  at DelegateManager.TouchCompleteOperation () [0x0000a] in <3cc20066cb944f96a43fa433d6f0b5f7>:0 <br>  at testTrigger.OnTriggerEnter (UnityEngine.Collider other) [0x00049] in <3cc20066cb944f96a43fa433d6f0b5f7>:0 <br> <br>(Filename: <3cc20066cb944f96a43fa433d6f0b5f7> Line: 0)<br><br>
2021-05-17T16:14:09.711Z:info30933/30913 Unity
OnTriggerEnter, Collider : GrabVolumeSmall <br>(Filename: ./Runtime/Export/Debug/Debug.bindings.h Line: 35)<br><br>
2021-05-17T16:14:12.328Z:info30933/30913 Unity
OnTriggerEnter, Collider : GrabVolumeBig <br>(Filename: ./Runtime/Export/Debug/Debug.bindings.h Line: 35)<br><br>
2021-05-17T16:14:12.331Z:error30933/30913 Unity
NullReferenceException: Object reference not set to an instance of an object<br>  at SoundManager.happayNyangSound () [0x00008] in <3cc20066cb944f96a43fa433d6f0b5f7>:0 <br>  at CatCtrl.Instance_TouchCompleteOperate () [0x00000] in <3cc20066cb944f96a43fa433d6f0b5f7>:0 <br>  at (wrapper delegate-invoke) <Module>.invoke_void()<br>  at DelegateManager.TouchCompleteOperation () [0x0000a] in <3cc20066cb944f96a43fa433d6f0b5f7>:0 <br>  at testTrigger.OnTriggerEnter (UnityEngine.Collider other) [0x00049] in <3cc20066cb944f96a43fa433d6f0b5f7>:0 <br> <br>(Filename: <3cc20066cb944f96a43fa433d6f0b5f7> Line: 0)<br><br>
2021-05-17T16:14:12.331Z:info30933/30913 Unity
OnTriggerEnter, Collider : GrabVolumeSmall <br>(Filename: ./Runtime/Export/Debug/Debug.bindings.h Line: 35)<br><br>
2021-05-17T16:14:15.879Z:info30933/30913 Unity
OnTriggerEnter, Collider : GrabVolumeBig <br>(Filename: ./Runtime/Export/Debug/Debug.bindings.h Line: 35)<br><br>
2021-05-17T16:14:15.883Z:error30933/30913 Unity
NullReferenceException: Object reference not set to an instance of an object<br>  at SoundManager.happayNyangSound () [0x00008] in <3cc20066cb944f96a43fa433d6f0b5f7>:0 <br>  at CatCtrl.Instance_TouchCompleteOperate () [0x00000] in <3cc20066cb944f96a43fa433d6f0b5f7>:0 <br>  at (wrapper delegate-invoke) <Module>.invoke_void()<br>  at DelegateManager.TouchCompleteOperation () [0x0000a] in <3cc20066cb944f96a43fa433d6f0b5f7>:0 <br>  at testTrigger.OnTriggerEnter (UnityEngine.Collider other) [0x00049] in <3cc20066cb944f96a43fa433d6f0b5f7>:0 <br> <br>(Filename: <3cc20066cb944f96a43fa433d6f0b5f7> Line: 0)<br><br>
2021-05-17T16:14:15.907Z:info30933/30913 Unity
OnTriggerEnter, Collider : GrabVolumeSmall <br>(Filename: ./Runtime/Export/Debug/Debug.bindings.h Line: 35)<br><br>
2021-05-17T16:14:19.262Z:info30933/30913 Unity
OnTriggerEnter, Collider : GrabVolumeBig <br>(Filename: ./Runtime/Export/Debug/Debug.bindings.h Line: 35)<br><br>
2021-05-17T16:14:19.265Z:error30933/30913 Unity
NullReferenceException: Object reference not set to an instance of an object<br>  at SoundManager.happayNyangSound () [0x00008] in <3cc20066cb944f96a43fa433d6f0b5f7>:0 <br>  at CatCtrl.Instance_TouchCompleteOperate () [0x00000] in <3cc20066cb944f96a43fa433d6f0b5f7>:0 <br>  at (wrapper delegate-invoke) <Module>.invoke_void()<br>  at DelegateManager.TouchCompleteOperation () [0x0000a] in <3cc20066cb944f96a43fa433d6f0b5f7>:0 <br>  at testTrigger.OnTriggerEnter (UnityEngine.Collider other) [0x00049] in <3cc20066cb944f96a43fa433d6f0b5f7>:0 <br> <br>(Filename: <3cc20066cb944f96a43fa433d6f0b5f7> Line: 0)<br><br>
2021-05-17T16:14:19.290Z:info30933/30913 Unity
OnTriggerEnter, Collider : GrabVolumeSmall <br>(Filename: ./Runtime/Export/Debug/Debug.bindings.h Line: 35)<br><br>
2021-05-17T16:14:20.808Z:info30933/30913 Unity
OnTriggerEnter, Collider : GrabVolumeBig <br>(Filename: ./Runtime/Export/Debug/Debug.bindings.h Line: 35)<br><br>
2021-05-17T16:14:20.810Z:error30933/30913 Unity
NullReferenceException: Object reference not set to an instance of an object<br>  at SoundManager.happayNyangSound () [0x00008] in <3cc20066cb944f96a43fa433d6f0b5f7>:0 <br>  at CatCtrl.Instance_TouchCompleteOperate () [0x00000] in <3cc20066cb944f96a43fa433d6f0b5f7>:0 <br>  at (wrapper delegate-invoke) <Module>.invoke_void()<br>  at DelegateManager.TouchCompleteOperation () [0x0000a] in <3cc20066cb944f96a43fa433d6f0b5f7>:0 <br>  at testTrigger.OnTriggerEnter (UnityEngine.Collider other) [0x00049] in <3cc20066cb944f96a43fa433d6f0b5f7>:0 <br> <br>(Filename: <3cc20066cb944f96a43fa433d6f0b5f7> Line: 0)<br><br>
2021-05-17T16:14:20.822Z:info30933/30913 Unity
OnTriggerEnter, Collider : GrabVolumeSmall <br>(Filename: ./Runtime/Export/Debug/Debug.bindings.h Line: 35)<br><br>
2021-05-17T16:14:22.130Z:info30933/30913 Unity
OnTriggerEnter, Collider : GrabVolumeSmall <br>(Filename: ./Runtime/Export/Debug/Debug.bindings.h Line: 35)<br><br>
2021-05-17T16:14:22.131Z:info30933/30913 Unity
OnTriggerEnter, Collider : GrabVolumeBig <br>(Filename: ./Runtime/Export/Debug/Debug.bindings.h Line: 35)<br><br>
2021-05-17T16:14:22.135Z:error30933/30913 Unity
NullReferenceException: Object reference not set to an instance of an object<br>  at SoundManager.happayNyangSound () [0x00008] in <3cc20066cb944f96a43fa433d6f0b5f7>:0 <br>  at CatCtrl.Instance_TouchCompleteOperate () [0x00000] in <3cc20066cb944f96a43fa433d6f0b5f7>:0 <br>  at (wrapper delegate-invoke) <Module>.invoke_void()<br>  at DelegateManager.TouchCompleteOperation () [0x0000a] in <3cc20066cb944f96a43fa433d6f0b5f7>:0 <br>  at testTrigger.OnTriggerEnter (UnityEngine.Collider other) [0x00049] in <3cc20066cb944f96a43fa433d6f0b5f7>:0 <br> <br>(Filename: <3cc20066cb944f96a43fa433d6f0b5f7> Line: 0)<br><br>
2021-05-17T16:14:26.809Z:info30933/30913 Unity
[OVRManager] HMDUnmounted event <br>(Filename: ./Runtime/Export/Debug/Debug.bindings.h Line: 35)<br><br>
2021-05-17T16:14:27.464Z:info30933/30913 Unity
[OVRManager] HMDMounted event <br>(Filename: ./Runtime/Export/Debug/Debug.bindings.h Line: 35)<br><br>
