2021-05-17T15:59:28.327Z:debug3516/3464 [SEO] ShellApplication
startActivityFromRecents: Intent { act=android.intent.action.MAIN cat=[android.intent.category.INFO] flg=0x10010000 pkg=com.DefaultCompany.cat360VR_v2 cmp=com.DefaultCompany.cat360VR_v2/com.unity3d.player.UnityPlayerActivity (has extras) }
2021-05-17T15:59:28.328Z:debug3516/3464 [SEO] ShellApplication
startActivity Intent { act=android.intent.action.MAIN cat=[android.intent.category.INFO] flg=0x10010000 pkg=com.DefaultCompany.cat360VR_v2 cmp=com.DefaultCompany.cat360VR_v2/com.unity3d.player.UnityPlayerActivity (has extras) }
2021-05-17T15:59:28.329Z:info1359/1016 ActivityTaskManager
START u0 {act=android.intent.action.MAIN cat=[android.intent.category.INFO] flg=0x10010000 pkg=com.DefaultCompany.cat360VR_v2 cmp=com.DefaultCompany.cat360VR_v2/com.unity3d.player.UnityPlayerActivity (has extras)} from uid 10020
2021-05-17T15:59:28.332Z:debug1359/1016 ActivityTaskManager
Using main display for VR activity ActivityRecord{866025a u0 com.DefaultCompany.cat360VR_v2/com.unity3d.player.UnityPlayerActivity t-1}
2021-05-17T15:59:28.332Z:debug1359/1016 ActivityTaskManager
Using main display for VR activity ActivityRecord{866025a u0 com.DefaultCompany.cat360VR_v2/com.unity3d.player.UnityPlayerActivity t-1}
2021-05-17T15:59:29.060Z:info26602/26555 VrRuntimeClient
APP ACTIVITY CLASS = com.unity3d.player.UnityPlayerActivity
2021-05-17T15:59:29.112Z:debug26602/26555 UnityVolumeReceiver
Registering volume receiver
2021-05-17T15:59:29.118Z:debug26602/26555 UnityVolumeReceiver
startVolumeReceiver: 3
2021-05-17T15:59:29.123Z:debug26602/26555 UnityBatteryReceiver
Registering battery receiver
2021-05-17T15:59:29.142Z:info26602/26555 VrRuntimeClient
APP ACTIVITY CLASS = com.unity3d.player.UnityPlayerActivity
2021-05-17T15:59:29.344Z:debug26602/26555 UnityVolumeReceiver
Unregistering volume receiver
2021-05-17T15:59:29.345Z:debug26602/26555 UnityBatteryReceiver
Unregistering battery receiver
2021-05-17T15:59:29.352Z:info26602/26555 VrRuntimeClient
APP ACTIVITY CLASS = com.unity3d.player.UnityPlayerActivity
2021-05-17T15:59:29.372Z:debug26602/26555 UnityVolumeReceiver
Registering volume receiver
2021-05-17T15:59:29.375Z:debug26602/26555 UnityBatteryReceiver
Registering battery receiver
2021-05-17T15:59:29.373Z:debug26602/26555 UnityVolumeReceiver
startVolumeReceiver: 3
2021-05-17T15:59:33.621Z:info26576/26555 Unity
Unity v2019.4.7f1, Oculus Utilities v1.57.0, OVRPlugin v1.57.0, SDK v1.1.42.0. <br>(Filename: ./Runtime/Export/Debug/Debug.bindings.h Line: 35)<br><br>
2021-05-17T15:59:33.661Z:info26576/26555 Unity
SystemHeadset Oculus_Quest, API VRAPI <br>(Filename: ./Runtime/Export/Debug/Debug.bindings.h Line: 35)<br><br>
2021-05-17T15:59:33.687Z:info26576/26555 Unity
OVRPlugin.Media initialized <br>(Filename: ./Runtime/Export/Debug/Debug.bindings.h Line: 35)<br><br>
2021-05-17T15:59:33.698Z:info26576/26555 Unity
[MRC] SetMrcAudioSampleRate(48000) <br>(Filename: ./Runtime/Export/Debug/Debug.bindings.h Line: 35)<br><br>
2021-05-17T15:59:33.702Z:info26576/26555 Unity
[MRC] Active InputVideoBufferType:TextureHandle <br>(Filename: ./Runtime/Export/Debug/Debug.bindings.h Line: 35)<br><br>
2021-05-17T15:59:33.704Z:info26576/26555 Unity
[MRC] ActivateMode: Automatic <br>(Filename: ./Runtime/Export/Debug/Debug.bindings.h Line: 35)<br><br>
2021-05-17T15:59:33.738Z:info26576/26555 Unity
Current display frequency 72, available frequencies [60, 72] <br>(Filename: ./Runtime/Export/Debug/Debug.bindings.h Line: 35)<br><br>
2021-05-17T15:59:33.929Z:info26576/26555 Unity
The current MSAA level is 0, but the recommended MSAA level is 4. Switching to the recommended level. <br>(Filename: ./Runtime/Export/Debug/Debug.bindings.h Line: 35)<br><br>
2021-05-17T15:59:33.930Z:info26576/26555 Unity
[OVRManager] HMDAcquired event <br>(Filename: ./Runtime/Export/Debug/Debug.bindings.h Line: 35)<br><br>
2021-05-17T15:59:33.931Z:info26576/26555 Unity
[OVRManager] HMDMounted event <br>(Filename: ./Runtime/Export/Debug/Debug.bindings.h Line: 35)<br><br>
2021-05-17T15:59:33.932Z:info26576/26555 Unity
[OVRManager] VrFocusAcquired event <br>(Filename: ./Runtime/Export/Debug/Debug.bindings.h Line: 35)<br><br>
2021-05-17T15:59:33.939Z:info26576/26555 Unity
[OVRManager] TrackingAcquired event <br>(Filename: ./Runtime/Export/Debug/Debug.bindings.h Line: 35)<br><br>
2021-05-17T15:59:33.941Z:info26576/26555 Unity
Recenter event detected <br>(Filename: ./Runtime/Export/Debug/Debug.bindings.h Line: 35)<br><br>
2021-05-17T16:00:24.440Z:warn15856/838 Memory Allocation
large allocation 4001056
2021-05-17T16:00:24.475Z:warn15856/838 Memory Allocation
large allocation 4016400
2021-05-17T16:00:24.721Z:info15909/838 [CT]
CONSTELLATION:IMU_STATUS: 310b3390f7adca4a (R): [FusionTracked=1.000, OutputTracked=1.000, OutputValid=1.000] [AccelSat=0.000, GyroSat=0.000] 
2021-05-17T16:00:24.900Z:info15935/838 [CT]
VIPER:MAP_MANAGER: State: TrackingPersistent, UUID=53ba3d57-0357-0f6c-cc94-80894bcf0925, Num. Persistent maps = 3,  Persistent maps:53ba3d57-0357-0f6c-cc94-80894bcf0925,e0a0cc8a-aaf3-2339-a9b1-0d1a294d7962,05f4df49-ec0b-77ff-8db6-323e31e0f8c0,, Ser. Disabled = 00000000-0000-0000-0000-000000000000
2021-05-17T16:00:24.933Z:info15935/838 [CT]
VIPER: Mode=Viper,Status=6DoF,TRACKING,KF=99,Inl=297,Pts=345,Mem=75.5,Jit=0.1mm,Issues(Cam/min=0.0,IMU/min=0.0),Exp=(6.2ms,g=5.0,I=78,Ir=2518.7)(4.3ms,g=3.0,I=74,Ir=5716.1)(6.2ms,g=5.0,I=69,Ir=2245.9)(5.6ms,g=3.0,I=74,Ir=4471.2)
2021-05-17T16:00:24.985Z:debug2720/2720 [OAO] MemoryPressureObserver
Current memory pressure: Unknown
2021-05-17T16:00:25.004Z:warn26967/1384 ContextImpl
Calling a method in the system process without a qualified user: android.app.ContextImpl.sendBroadcast:1057 android.content.ContextWrapper.sendBroadcast:448 X.se.A00:155 X.se.handleMessage:89 android.os.Handler.dispatchMessage:107 
2021-05-17T16:00:25.153Z:info15839/838 [CT]
boltlib: DSP utilization: 15.34 % (771 / 5027 ms)
2021-05-17T16:00:25.391Z:info26745/26555 VrApi
FPS=72/72,Prd=46ms,Tear=0,Early=72,Stale=0,VSnc=1,Lat=1,Fov=0,CPU4/GPU=2/2,1651/414MHz,OC=FF,TA=0/0/0,SP=N/N/N,Mem=1554MHz,Free=1090MB,PLS=0,Temp=38.0C/0.0C,TW=1.57ms,App=7.66ms,GD=0.00ms,CPU&GPU=10.02ms,LCnt=1,GPU%=0.61,CPU%=0.19(W0.27),DSF=1.00
2021-05-17T16:00:25.776Z:debug2177/1716 OVRFitnessDataInternal
Requesting Insert FitnessData: 23.0.0.0
2021-05-17T16:00:25.779Z:info2454/2434 FitnessDataProvider
Received Request Insert FitnessData: 23.0.0.0
2021-05-17T16:00:25.865Z:error2177/1716 TREX
Plugin FitnessTrackerServerPlugin update: max = 0.033, actual = 0.088. Next plugin update is throttled.
2021-05-17T16:00:25.909Z:info15936/838 [CT]
NIMBLE:HLOG: NimbleTelemetryAggregator::populateTelemetry
2021-05-17T16:00:25.986Z:debug2720/2720 [OAO] MemoryPressureObserver
Current memory pressure: Unknown
2021-05-17T16:00:26.387Z:info26745/26555 VrApi
FPS=72/72,Prd=46ms,Tear=0,Early=71,Stale=0,VSnc=1,Lat=1,Fov=0,CPU4/GPU=2/2,1651/414MHz,OC=FF,TA=0/0/0,SP=N/N/N,Mem=1554MHz,Free=1088MB,PLS=0,Temp=38.0C/0.0C,TW=1.58ms,App=7.70ms,GD=0.00ms,CPU&GPU=9.85ms,LCnt=1,GPU%=0.61,CPU%=0.21(W0.25),DSF=1.00
2021-05-17T16:00:26.568Z:warn1044/1016 ActivityManager
Stopping service due to app idle: u0a15 -1m10s15ms com.oculus.appsafety/.AppSafetyService
2021-05-17T16:00:26.570Z:debug2578/2578 AppSafetyService
Service stopping
2021-05-17T16:00:26.988Z:debug2720/2720 [OAO] MemoryPressureObserver
Current memory pressure: Unknown
2021-05-17T16:00:27.380Z:info15909/838 [CT]
CONSTELLATION: R: Detected IMU motion => Leaving static state.
2021-05-17T16:00:27.384Z:info15909/838 [CT]
CONSTELLATION: L: Detected IMU motion => Leaving static state.
2021-05-17T16:00:27.387Z:info26745/26555 VrApi
FPS=72/72,Prd=46ms,Tear=0,Early=72,Stale=0,VSnc=1,Lat=1,Fov=0,CPU4/GPU=2/2,1651/414MHz,OC=FF,TA=0/0/0,SP=N/N/N,Mem=1554MHz,Free=1089MB,PLS=0,Temp=38.0C/0.0C,TW=1.58ms,App=8.72ms,GD=0.00ms,CPU&GPU=9.81ms,LCnt=1,GPU%=0.66,CPU%=0.18(W0.19),DSF=1.00
2021-05-17T16:00:27.440Z:info26735/838 [CT]
CONSTELLATION:VISION_STATUS: ea7afbe8b7b7857b (L): BlobDetection:[#BlobsDetected=(16.20, 8.93)]Matching:[MatchSuccess=0.987, MatchCost=(0.00189, 0.00000), #MatchedBlobs=(7.87, 7.53), #MatchedLeds=(4.22, 1.81), RematchM=0.000, SkipRefine=0.000] MatchMethod:[Prox=0.987, ConstBrute=0.000, UnconstBrute=0.000] MatchResets[AnomBlobSize=0.000, SharedMatch=0.000, DenseReacq=0.000] | Fusion:[FusionError=0.000, ImuFromCamMs=(9.958, 0.816), RematchF=0.000] FusionUpdates:[Successful=0.007, Reliable=0.007, TightFusion=0.007, FullPose=0.000, StaticPrior=0.993, StaticForHandTrans=1.000, PoseUpdateMD=(0.0000, 0.0000)] FusionResets[6DoFReset=0.000, ResetSuccess=0.000] FusionStatus[HasPosition=1.000, HasVelocity=1.000] 
2021-05-17T16:00:27.441Z:info26735/838 [CT]
CONSTELLATION:VISION_STATUS: 310b3390f7adca4a (R): BlobDetection:[#BlobsDetected=(16.20, 8.93)]Matching:[MatchSuccess=0.993, MatchCost=(0.00213, 0.00000), #MatchedBlobs=(8.31, 1.99), #MatchedLeds=(4.77, 0.35), RematchM=0.000, SkipRefine=0.000] MatchMethod:[Prox=0.993, ConstBrute=0.000, UnconstBrute=0.000] MatchResets[AnomBlobSize=0.000, SharedMatch=0.000, DenseReacq=0.000] | Fusion:[FusionError=0.000, ImuFromCamMs=(10.154, 0.787), RematchF=0.007] FusionUpdates:[Successful=0.007, Reliable=0.007, TightFusion=0.007, FullPose=0.000, StaticPrior=0.993, StaticForHandTrans=1.000, PoseUpdateMD=(0.0000, 0.0000)] FusionResets[6DoFReset=0.000, ResetSuccess=0.000] FusionStatus[HasPosition=1.000, HasVelocity=1.000] 
2021-05-17T16:00:27.608Z:error15870/733 vendor.oculus.hardware.sensors@1.0-service
HMD IMU samples delayed: 8.391ms between sample arrivals (expected 1.000ms)
2021-05-17T16:00:27.608Z:warn15876/838 [CT]
VisionInterface: [Throttled count=1] Delayed IMU measurements detected! Capture Time: 5714.065847776 [sec], Arrival Time: 5714.075004067 [sec], Time Delta: 0.009156291 [sec]
2021-05-17T16:00:27.718Z:info15909/838 [CT]
CONSTELLATION: R: Detected static IMU, no button event and has tracked position => Applying constant controller pose.
2021-05-17T16:00:27.728Z:info15909/838 [CT]
CONSTELLATION: L: Detected static IMU, no button event and has tracked position => Applying constant controller pose.
2021-05-17T16:00:27.900Z:info15935/838 [CT]
VIPER:MAP_MANAGER: State: TrackingPersistent, UUID=53ba3d57-0357-0f6c-cc94-80894bcf0925, Num. Persistent maps = 3,  Persistent maps:53ba3d57-0357-0f6c-cc94-80894bcf0925,e0a0cc8a-aaf3-2339-a9b1-0d1a294d7962,05f4df49-ec0b-77ff-8db6-323e31e0f8c0,, Ser. Disabled = 00000000-0000-0000-0000-000000000000
2021-05-17T16:00:27.901Z:info15935/838 [CT]
HealthReport: (FAIL) IMU: Longest time between processing IMU data: 0.016253 Seconds Target: <= 0.010000 Seconds
2021-05-17T16:00:27.901Z:info15935/838 [CT]
HealthReport: ...... IMU dropped percentage: 0.001247%
2021-05-17T16:00:27.901Z:info15935/838 [CT]
HealthReport: ...... IMU: Largest capture period since start of tracking session: 828.0584879999999s
2021-05-17T16:00:27.901Z:info15935/838 [CT]
HealthReport: ...... IMU: Total Dropped: 1.0014999999999996, Total Sample Count: 667061.343 (0.0001501361172416192%)
2021-05-17T16:00:27.901Z:info15935/838 [CT]
HealthReport: ...... IMU: Total Dropped: 5.017000
2021-05-17T16:00:27.901Z:info15935/838 [CT]
HealthReport: ...... IMU: Total Dropped: 0.0, Total Sample Count: 1081044.5245 (0.0%)
2021-05-17T16:00:27.901Z:info15935/838 [CT]
HealthReport: ...... IMU dropped percentage: 0.000093%
2021-05-17T16:00:27.926Z:info15909/838 [CT]
CONSTELLATION: L: Detected IMU motion => Leaving static state.
2021-05-17T16:00:27.934Z:info15935/838 [CT]
VIPER: Mode=Viper,Status=6DoF,TRACKING,KF=99,Inl=318,Pts=345,Mem=75.2,Jit=0.4mm,Issues(Cam/min=0.0,IMU/min=0.0),Exp=(6.5ms,g=6.0,I=81,Ir=2090.8)(5.2ms,g=4.0,I=75,Ir=3630.9)(6.5ms,g=6.0,I=69,Ir=1784.4)(5.4ms,g=5.0,I=74,Ir=2795.0)
2021-05-17T16:00:27.989Z:debug2720/2720 [OAO] MemoryPressureObserver
Current memory pressure: Unknown
2021-05-17T16:00:28.088Z:info15909/838 [CT]
CONSTELLATION: R: Detected IMU motion => Leaving static state.
2021-05-17T16:02:06.041Z:debug3516/3464 [SEO] ShellApplication
startActivityFromRecents: Intent { act=android.intent.action.MAIN cat=[android.intent.category.INFO] flg=0x10010000 pkg=com.DefaultCompany.cat360VR_v2 cmp=com.DefaultCompany.cat360VR_v2/com.unity3d.player.UnityPlayerActivity (has extras) }
2021-05-17T16:02:06.042Z:debug3516/3464 [SEO] ShellApplication
startActivity Intent { act=android.intent.action.MAIN cat=[android.intent.category.INFO] flg=0x10010000 pkg=com.DefaultCompany.cat360VR_v2 cmp=com.DefaultCompany.cat360VR_v2/com.unity3d.player.UnityPlayerActivity (has extras) }
2021-05-17T16:02:06.042Z:info1314/1016 ActivityTaskManager
START u0 {act=android.intent.action.MAIN cat=[android.intent.category.INFO] flg=0x10010000 pkg=com.DefaultCompany.cat360VR_v2 cmp=com.DefaultCompany.cat360VR_v2/com.unity3d.player.UnityPlayerActivity (has extras)} from uid 10020
2021-05-17T16:02:06.043Z:debug1314/1016 ActivityTaskManager
Using main display for VR activity ActivityRecord{fca0053 u0 com.DefaultCompany.cat360VR_v2/com.unity3d.player.UnityPlayerActivity t-1}
2021-05-17T16:02:06.043Z:debug1314/1016 ActivityTaskManager
Using main display for VR activity ActivityRecord{fca0053 u0 com.DefaultCompany.cat360VR_v2/com.unity3d.player.UnityPlayerActivity t-1}
2021-05-17T16:02:06.777Z:info27644/27598 VrRuntimeClient
APP ACTIVITY CLASS = com.unity3d.player.UnityPlayerActivity
2021-05-17T16:02:06.820Z:debug27644/27598 UnityVolumeReceiver
Registering volume receiver
2021-05-17T16:02:06.825Z:debug27644/27598 UnityBatteryReceiver
Registering battery receiver
2021-05-17T16:02:06.823Z:debug27644/27598 UnityVolumeReceiver
startVolumeReceiver: 3
2021-05-17T16:02:06.869Z:info27644/27598 VrRuntimeClient
APP ACTIVITY CLASS = com.unity3d.player.UnityPlayerActivity
2021-05-17T16:02:07.092Z:debug27644/27598 UnityVolumeReceiver
Unregistering volume receiver
2021-05-17T16:02:07.093Z:debug27644/27598 UnityBatteryReceiver
Unregistering battery receiver
2021-05-17T16:02:07.101Z:info27644/27598 VrRuntimeClient
APP ACTIVITY CLASS = com.unity3d.player.UnityPlayerActivity
2021-05-17T16:02:07.127Z:debug27644/27598 UnityVolumeReceiver
Registering volume receiver
2021-05-17T16:02:07.129Z:debug27644/27598 UnityVolumeReceiver
startVolumeReceiver: 3
2021-05-17T16:02:07.132Z:debug27644/27598 UnityBatteryReceiver
Registering battery receiver
2021-05-17T16:02:11.364Z:info27618/27598 Unity
Unity v2019.4.7f1, Oculus Utilities v1.57.0, OVRPlugin v1.57.0, SDK v1.1.42.0. <br>(Filename: ./Runtime/Export/Debug/Debug.bindings.h Line: 35)<br><br>
2021-05-17T16:02:11.406Z:info27618/27598 Unity
SystemHeadset Oculus_Quest, API VRAPI <br>(Filename: ./Runtime/Export/Debug/Debug.bindings.h Line: 35)<br><br>
2021-05-17T16:02:11.429Z:info27618/27598 Unity
OVRPlugin.Media initialized <br>(Filename: ./Runtime/Export/Debug/Debug.bindings.h Line: 35)<br><br>
2021-05-17T16:02:11.440Z:info27618/27598 Unity
[MRC] SetMrcAudioSampleRate(48000) <br>(Filename: ./Runtime/Export/Debug/Debug.bindings.h Line: 35)<br><br>
2021-05-17T16:02:11.445Z:info27618/27598 Unity
[MRC] Active InputVideoBufferType:TextureHandle <br>(Filename: ./Runtime/Export/Debug/Debug.bindings.h Line: 35)<br><br>
2021-05-17T16:02:11.446Z:info27618/27598 Unity
[MRC] ActivateMode: Automatic <br>(Filename: ./Runtime/Export/Debug/Debug.bindings.h Line: 35)<br><br>
2021-05-17T16:02:11.481Z:info27618/27598 Unity
Current display frequency 72, available frequencies [60, 72] <br>(Filename: ./Runtime/Export/Debug/Debug.bindings.h Line: 35)<br><br>
2021-05-17T16:02:11.674Z:info27618/27598 Unity
The current MSAA level is 0, but the recommended MSAA level is 4. Switching to the recommended level. <br>(Filename: ./Runtime/Export/Debug/Debug.bindings.h Line: 35)<br><br>
2021-05-17T16:02:11.675Z:info27618/27598 Unity
[OVRManager] HMDAcquired event <br>(Filename: ./Runtime/Export/Debug/Debug.bindings.h Line: 35)<br><br>
2021-05-17T16:02:11.676Z:info27618/27598 Unity
[OVRManager] HMDMounted event <br>(Filename: ./Runtime/Export/Debug/Debug.bindings.h Line: 35)<br><br>
2021-05-17T16:02:11.677Z:info27618/27598 Unity
[OVRManager] VrFocusAcquired event <br>(Filename: ./Runtime/Export/Debug/Debug.bindings.h Line: 35)<br><br>
2021-05-17T16:02:11.684Z:info27618/27598 Unity
[OVRManager] TrackingAcquired event <br>(Filename: ./Runtime/Export/Debug/Debug.bindings.h Line: 35)<br><br>
2021-05-17T16:02:11.686Z:info27618/27598 Unity
Recenter event detected <br>(Filename: ./Runtime/Export/Debug/Debug.bindings.h Line: 35)<br><br>
2021-05-17T16:02:19.852Z:info27618/27598 Unity
[OVRManager] HMDUnmounted event <br>(Filename: ./Runtime/Export/Debug/Debug.bindings.h Line: 35)<br><br>
2021-05-17T16:02:21.049Z:info27618/27598 Unity
[OVRManager] HMDMounted event <br>(Filename: ./Runtime/Export/Debug/Debug.bindings.h Line: 35)<br><br>
2021-05-17T16:02:37.757Z:info27618/27598 Unity
[OVRManager] HMDUnmounted event <br>(Filename: ./Runtime/Export/Debug/Debug.bindings.h Line: 35)<br><br>
2021-05-17T16:02:38.537Z:info27618/27598 Unity
[OVRManager] HMDMounted event <br>(Filename: ./Runtime/Export/Debug/Debug.bindings.h Line: 35)<br><br>
2021-05-17T16:02:50.874Z:info27618/27598 Unity
[OVRManager] HMDUnmounted event <br>(Filename: ./Runtime/Export/Debug/Debug.bindings.h Line: 35)<br><br>
2021-05-17T16:02:51.653Z:info27618/27598 Unity
[OVRManager] HMDMounted event <br>(Filename: ./Runtime/Export/Debug/Debug.bindings.h Line: 35)<br><br>
