2021-05-18T12:30:58.985Z:info2624/2478 [OAR] VrShellDesktopBase
Backgrounding all active monitors on desktop
2021-05-18T12:30:58.985Z:info2624/2478 [OAR] PanelAppHost
OnBackground
2021-05-18T12:30:59.011Z:info2624/2478 [OAR] VrShellDesktopBase
Backgrounding all active monitors on desktop
2021-05-18T12:30:58.997Z:info2624/2478 [OAR] PanelAppHost
OnBackground
2021-05-18T12:30:58.997Z:info2624/2478 [OAR] VrShellDesktopBase
Backgrounding all active monitors on desktop
2021-05-18T12:30:59.011Z:info2624/2478 [OAR] PanelAppHost
OnBackground
2021-05-18T12:30:59.025Z:info2624/2478 [OAR] VrShellDesktopBase
Backgrounding all active monitors on desktop
2021-05-18T12:30:59.025Z:info2624/2478 [OAR] PanelAppHost
OnBackground
2021-05-18T12:30:59.037Z:info4562/2406 VrApi
FPS=73/72,Prd=46ms,Tear=0,Early=72,Stale=0,VSnc=1,Lat=1,Fov=0,CPU4/GPU=2/4,1651/670MHz,OC=FF,TA=0/E0/0,SP=N/F/N,Mem=1804MHz,Free=1723MB,PLS=0,Temp=28.0C/0.0C,TW=1.76ms,App=6.30ms,GD=0.00ms,CPU&GPU=8.20ms,LCnt=2,GPU%=0.53,CPU%=0.21(W0.38),DSF=1.00
2021-05-18T12:30:59.039Z:info2624/2478 [OAR] VrShellDesktopBase
Backgrounding all active monitors on desktop
2021-05-18T12:30:59.039Z:info2624/2478 [OAR] PanelAppHost
OnBackground
2021-05-18T12:30:59.052Z:info2624/2478 [OAR] VrShellDesktopBase
Backgrounding all active monitors on desktop
2021-05-18T12:30:59.053Z:info2624/2478 [OAR] PanelAppHost
OnBackground
2021-05-18T12:30:59.066Z:info2624/2478 [OAR] VrShellDesktopBase
Backgrounding all active monitors on desktop
2021-05-18T12:30:59.066Z:info2624/2478 [OAR] PanelAppHost
OnBackground
2021-05-18T12:30:59.080Z:info2624/2478 [OAR] VrShellDesktopBase
Backgrounding all active monitors on desktop
2021-05-18T12:30:59.080Z:info2624/2478 [OAR] PanelAppHost
OnBackground
2021-05-18T12:30:59.094Z:info2624/2478 [OAR] VrShellDesktopBase
Backgrounding all active monitors on desktop
2021-05-18T12:30:59.094Z:info2624/2478 [OAR] PanelAppHost
OnBackground
2021-05-18T12:30:59.108Z:info2624/2478 [OAR] VrShellDesktopBase
Backgrounding all active monitors on desktop
2021-05-18T12:30:59.108Z:info2624/2478 [OAR] PanelAppHost
OnBackground
2021-05-18T12:30:59.122Z:info2624/2478 [OAR] VrShellDesktopBase
Backgrounding all active monitors on desktop
2021-05-18T12:30:59.122Z:info2624/2478 [OAR] PanelAppHost
OnBackground
2021-05-18T12:30:59.136Z:info2624/2478 [OAR] VrShellDesktopBase
Backgrounding all active monitors on desktop
2021-05-18T12:30:59.136Z:info2624/2478 [OAR] PanelAppHost
OnBackground
2021-05-18T12:30:59.150Z:info2624/2478 [OAR] VrShellDesktopBase
Backgrounding all active monitors on desktop
2021-05-18T12:30:59.150Z:info2624/2478 [OAR] PanelAppHost
OnBackground
2021-05-18T12:30:59.163Z:info2624/2478 [OAR] VrShellDesktopBase
Backgrounding all active monitors on desktop
2021-05-18T12:30:59.163Z:info2624/2478 [OAR] PanelAppHost
OnBackground
2021-05-18T12:30:59.177Z:info2624/2478 [OAR] VrShellDesktopBase
Backgrounding all active monitors on desktop
2021-05-18T12:30:59.177Z:info2624/2478 [OAR] PanelAppHost
OnBackground
2021-05-18T12:30:59.191Z:info2624/2478 [OAR] VrShellDesktopBase
Backgrounding all active monitors on desktop
2021-05-18T12:30:59.191Z:info2624/2478 [OAR] PanelAppHost
OnBackground
2021-05-18T12:30:59.205Z:info2624/2478 [OAR] VrShellDesktopBase
Backgrounding all active monitors on desktop
2021-05-18T12:30:59.205Z:info2624/2478 [OAR] PanelAppHost
OnBackground
2021-05-18T12:30:59.219Z:info2624/2478 [OAR] VrShellDesktopBase
Backgrounding all active monitors on desktop
2021-05-18T12:30:59.219Z:info2624/2478 [OAR] PanelAppHost
OnBackground
2021-05-18T12:30:59.233Z:info2624/2478 [OAR] VrShellDesktopBase
Backgrounding all active monitors on desktop
2021-05-18T12:30:59.233Z:info2624/2478 [OAR] PanelAppHost
OnBackground
2021-05-18T12:30:59.247Z:info2624/2478 [OAR] VrShellDesktopBase
Backgrounding all active monitors on desktop
2021-05-18T12:30:59.247Z:info2624/2478 [OAR] PanelAppHost
OnBackground
2021-05-18T12:30:59.261Z:info2624/2478 [OAR] VrShellDesktopBase
Backgrounding all active monitors on desktop
2021-05-18T12:30:59.261Z:info2624/2478 [OAR] PanelAppHost
OnBackground
2021-05-18T12:30:59.275Z:info2624/2478 [OAR] VrShellDesktopBase
Backgrounding all active monitors on desktop
2021-05-18T12:30:59.275Z:info2624/2478 [OAR] PanelAppHost
OnBackground
2021-05-18T12:30:59.289Z:info2624/2478 [OAR] VrShellDesktopBase
Backgrounding all active monitors on desktop
2021-05-18T12:30:59.289Z:info2624/2478 [OAR] PanelAppHost
OnBackground
2021-05-18T12:30:59.303Z:info2624/2478 [OAR] VrShellDesktopBase
Backgrounding all active monitors on desktop
2021-05-18T12:30:59.303Z:info2624/2478 [OAR] PanelAppHost
OnBackground
2021-05-18T12:30:59.317Z:info2624/2478 [OAR] VrShellDesktopBase
Backgrounding all active monitors on desktop
2021-05-18T12:30:59.317Z:info2624/2478 [OAR] PanelAppHost
OnBackground
2021-05-18T12:30:59.331Z:info2624/2478 [OAR] VrShellDesktopBase
Backgrounding all active monitors on desktop
2021-05-18T12:30:59.331Z:info2624/2478 [OAR] PanelAppHost
OnBackground
2021-05-18T12:30:59.345Z:info2624/2478 [OAR] VrShellDesktopBase
Backgrounding all active monitors on desktop
2021-05-18T12:30:59.345Z:info2624/2478 [OAR] PanelAppHost
OnBackground
2021-05-18T12:30:59.358Z:info2624/2478 [OAR] VrShellDesktopBase
Backgrounding all active monitors on desktop
2021-05-18T12:30:59.358Z:info2624/2478 [OAR] PanelAppHost
OnBackground
2021-05-18T12:30:59.372Z:info2624/2478 [OAR] VrShellDesktopBase
Backgrounding all active monitors on desktop
2021-05-18T12:30:59.372Z:info2624/2478 [OAR] PanelAppHost
OnBackground
2021-05-18T12:30:59.386Z:info2624/2478 [OAR] VrShellDesktopBase
Backgrounding all active monitors on desktop
2021-05-18T12:30:59.386Z:info2624/2478 [OAR] PanelAppHost
OnBackground
2021-05-18T12:30:59.400Z:info2624/2478 [OAR] VrShellDesktopBase
Backgrounding all active monitors on desktop
2021-05-18T12:30:59.400Z:info2624/2478 [OAR] PanelAppHost
OnBackground
2021-05-18T12:30:59.414Z:info2624/2478 [OAR] VrShellDesktopBase
Backgrounding all active monitors on desktop
2021-05-18T12:30:59.414Z:info2624/2478 [OAR] PanelAppHost
OnBackground
2021-05-18T12:30:59.428Z:info2624/2478 [OAR] VrShellDesktopBase
Backgrounding all active monitors on desktop
2021-05-18T12:30:59.428Z:info2624/2478 [OAR] PanelAppHost
OnBackground
2021-05-18T12:30:59.441Z:info2624/2478 [OAR] VrShellDesktopBase
Backgrounding all active monitors on desktop
2021-05-18T12:30:59.441Z:info2624/2478 [OAR] PanelAppHost
OnBackground
2021-05-18T12:30:59.456Z:info2624/2478 [OAR] VrShellDesktopBase
Backgrounding all active monitors on desktop
2021-05-18T12:30:59.456Z:info2624/2478 [OAR] PanelAppHost
OnBackground
2021-05-18T12:30:59.469Z:info2624/2478 [OAR] VrShellDesktopBase
Backgrounding all active monitors on desktop
2021-05-18T12:30:59.469Z:info2624/2478 [OAR] PanelAppHost
OnBackground
2021-05-18T12:30:59.483Z:info2624/2478 [OAR] VrShellDesktopBase
Backgrounding all active monitors on desktop
2021-05-18T12:30:59.483Z:info2624/2478 [OAR] PanelAppHost
OnBackground
2021-05-18T12:30:59.497Z:info2624/2478 [OAR] VrShellDesktopBase
Backgrounding all active monitors on desktop
2021-05-18T12:30:59.497Z:info2624/2478 [OAR] PanelAppHost
OnBackground
2021-05-18T12:30:59.511Z:info2624/2478 [OAR] VrShellDesktopBase
Backgrounding all active monitors on desktop
2021-05-18T12:30:59.511Z:info2624/2478 [OAR] PanelAppHost
OnBackground
2021-05-18T12:30:59.525Z:info2624/2478 [OAR] VrShellDesktopBase
Backgrounding all active monitors on desktop
2021-05-18T12:30:59.525Z:info2624/2478 [OAR] PanelAppHost
OnBackground
2021-05-18T12:30:59.539Z:info2624/2478 [OAR] VrShellDesktopBase
Backgrounding all active monitors on desktop
2021-05-18T12:30:59.539Z:info2624/2478 [OAR] PanelAppHost
OnBackground
2021-05-18T12:30:59.554Z:info2624/2478 [OAR] VrShellDesktopBase
Backgrounding all active monitors on desktop
2021-05-18T12:30:59.554Z:info2624/2478 [OAR] PanelAppHost
OnBackground
2021-05-18T12:30:59.566Z:info2624/2478 [OAR] VrShellDesktopBase
Backgrounding all active monitors on desktop
2021-05-18T12:30:59.567Z:info2624/2478 [OAR] PanelAppHost
OnBackground
2021-05-18T12:30:59.581Z:info2624/2478 [OAR] VrShellDesktopBase
Backgrounding all active monitors on desktop
2021-05-18T12:30:59.581Z:info2624/2478 [OAR] PanelAppHost
OnBackground
2021-05-18T12:30:59.595Z:info2624/2478 [OAR] VrShellDesktopBase
Backgrounding all active monitors on desktop
2021-05-18T12:30:59.595Z:info2624/2478 [OAR] PanelAppHost
OnBackground
2021-05-18T12:30:59.597Z:debug2369/1932 OVRFitnessDataInternal
Requesting Insert FitnessData: 23.0.0.0
2021-05-18T12:30:59.600Z:info2790/2761 FitnessDataProvider
Received Request Insert FitnessData: 23.0.0.0
2021-05-18T12:30:59.608Z:info2624/2478 [OAR] VrShellDesktopBase
Backgrounding all active monitors on desktop
2021-05-18T12:30:59.608Z:info2624/2478 [OAR] PanelAppHost
OnBackground
2021-05-18T12:30:59.622Z:info2624/2478 [OAR] VrShellDesktopBase
Backgrounding all active monitors on desktop
2021-05-18T12:30:59.622Z:info2624/2478 [OAR] PanelAppHost
OnBackground
2021-05-18T12:30:59.636Z:info2624/2478 [OAR] VrShellDesktopBase
Backgrounding all active monitors on desktop
2021-05-18T12:30:59.636Z:info2624/2478 [OAR] PanelAppHost
OnBackground
2021-05-18T12:30:59.650Z:info2624/2478 [OAR] VrShellDesktopBase
Backgrounding all active monitors on desktop
2021-05-18T12:30:59.650Z:info2624/2478 [OAR] PanelAppHost
OnBackground
2021-05-18T12:30:59.663Z:info2624/2478 [OAR] VrShellDesktopBase
Backgrounding all active monitors on desktop
2021-05-18T12:30:59.663Z:info2624/2478 [OAR] PanelAppHost
OnBackground
2021-05-18T12:30:59.677Z:info2624/2478 [OAR] VrShellDesktopBase
Backgrounding all active monitors on desktop
2021-05-18T12:30:59.677Z:info2624/2478 [OAR] PanelAppHost
OnBackground
2021-05-18T12:30:59.692Z:info2624/2478 [OAR] VrShellDesktopBase
Backgrounding all active monitors on desktop
2021-05-18T12:30:59.692Z:info2624/2478 [OAR] PanelAppHost
OnBackground
2021-05-18T12:30:59.705Z:info2624/2478 [OAR] VrShellDesktopBase
Backgrounding all active monitors on desktop
2021-05-18T12:30:59.705Z:info2624/2478 [OAR] PanelAppHost
OnBackground
2021-05-18T12:30:59.719Z:info2624/2478 [OAR] VrShellDesktopBase
Backgrounding all active monitors on desktop
2021-05-18T12:30:59.719Z:info2624/2478 [OAR] PanelAppHost
OnBackground
2021-05-18T12:30:59.733Z:info2624/2478 [OAR] VrShellDesktopBase
Backgrounding all active monitors on desktop
2021-05-18T12:30:59.733Z:info2624/2478 [OAR] PanelAppHost
OnBackground
2021-05-18T12:30:59.747Z:info2624/2478 [OAR] VrShellDesktopBase
Backgrounding all active monitors on desktop
2021-05-18T12:30:59.747Z:info2624/2478 [OAR] PanelAppHost
OnBackground
2021-05-18T12:30:59.761Z:info2624/2478 [OAR] VrShellDesktopBase
Backgrounding all active monitors on desktop
2021-05-18T12:30:59.761Z:info2624/2478 [OAR] PanelAppHost
OnBackground
2021-05-18T12:30:59.775Z:info2624/2478 [OAR] VrShellDesktopBase
Backgrounding all active monitors on desktop
2021-05-18T12:30:59.775Z:info2624/2478 [OAR] PanelAppHost
OnBackground
2021-05-18T12:30:59.789Z:info2624/2478 [OAR] VrShellDesktopBase
Backgrounding all active monitors on desktop
2021-05-18T12:30:59.789Z:info2624/2478 [OAR] PanelAppHost
OnBackground
2021-05-18T12:30:59.802Z:info2624/2478 [OAR] VrShellDesktopBase
Backgrounding all active monitors on desktop
2021-05-18T12:30:59.803Z:info2624/2478 [OAR] PanelAppHost
OnBackground
2021-05-18T12:30:59.816Z:info2624/2478 [OAR] VrShellDesktopBase
Backgrounding all active monitors on desktop
2021-05-18T12:30:59.817Z:info2624/2478 [OAR] PanelAppHost
OnBackground
2021-05-18T12:30:59.830Z:info2624/2478 [OAR] VrShellDesktopBase
Backgrounding all active monitors on desktop
2021-05-18T12:30:59.830Z:info2624/2478 [OAR] PanelAppHost
OnBackground
2021-05-18T12:30:59.844Z:info2624/2478 [OAR] VrShellDesktopBase
Backgrounding all active monitors on desktop
2021-05-18T12:30:59.844Z:info2624/2478 [OAR] PanelAppHost
OnBackground
2021-05-18T12:30:59.858Z:info2624/2478 [OAR] VrShellDesktopBase
Backgrounding all active monitors on desktop
2021-05-18T12:30:59.858Z:info2624/2478 [OAR] PanelAppHost
OnBackground
2021-05-18T12:30:59.872Z:info2624/2478 [OAR] VrShellDesktopBase
Backgrounding all active monitors on desktop
2021-05-18T12:30:59.872Z:info2624/2478 [OAR] PanelAppHost
OnBackground
2021-05-18T12:30:59.886Z:info2624/2478 [OAR] VrShellDesktopBase
Backgrounding all active monitors on desktop
2021-05-18T12:30:59.886Z:info2624/2478 [OAR] PanelAppHost
OnBackground
2021-05-18T12:30:59.900Z:info2624/2478 [OAR] VrShellDesktopBase
Backgrounding all active monitors on desktop
2021-05-18T12:30:59.900Z:info2624/2478 [OAR] PanelAppHost
OnBackground
2021-05-18T12:30:59.914Z:info2624/2478 [OAR] VrShellDesktopBase
Backgrounding all active monitors on desktop
2021-05-18T12:30:59.914Z:info2624/2478 [OAR] PanelAppHost
OnBackground
2021-05-18T12:30:59.928Z:info2624/2478 [OAR] VrShellDesktopBase
Backgrounding all active monitors on desktop
2021-05-18T12:30:59.928Z:info2624/2478 [OAR] PanelAppHost
OnBackground
2021-05-18T12:30:59.942Z:info2624/2478 [OAR] VrShellDesktopBase
Backgrounding all active monitors on desktop
2021-05-18T12:30:59.942Z:info2624/2478 [OAR] PanelAppHost
OnBackground
2021-05-18T12:30:59.955Z:info2624/2478 [OAR] VrShellDesktopBase
Backgrounding all active monitors on desktop
2021-05-18T12:30:59.955Z:info2624/2478 [OAR] PanelAppHost
OnBackground
2021-05-18T12:30:59.970Z:info2624/2478 [OAR] VrShellDesktopBase
Backgrounding all active monitors on desktop
2021-05-18T12:30:59.970Z:info2624/2478 [OAR] PanelAppHost
OnBackground
2021-05-18T12:30:59.983Z:info2624/2478 [OAR] VrShellDesktopBase
Backgrounding all active monitors on desktop
2021-05-18T12:30:59.983Z:info2624/2478 [OAR] PanelAppHost
OnBackground
2021-05-18T12:30:59.997Z:info2624/2478 [OAR] VrShellDesktopBase
Backgrounding all active monitors on desktop
2021-05-18T12:30:59.997Z:info2624/2478 [OAR] PanelAppHost
OnBackground
2021-05-18T12:31:00.011Z:info2624/2478 [OAR] VrShellDesktopBase
Backgrounding all active monitors on desktop
2021-05-18T12:31:00.011Z:info2624/2478 [OAR] PanelAppHost
OnBackground
2021-05-18T12:31:00.025Z:info2624/2478 [OAR] VrShellDesktopBase
Backgrounding all active monitors on desktop
2021-05-18T12:31:00.025Z:info2624/2478 [OAR] PanelAppHost
OnBackground
2021-05-18T12:31:00.037Z:info4562/2406 VrApi
FPS=72/72,Prd=46ms,Tear=0,Early=72,Stale=0,VSnc=1,Lat=1,Fov=0,CPU4/GPU=2/4,1651/670MHz,OC=FF,TA=0/E0/0,SP=N/F/N,Mem=1804MHz,Free=1721MB,PLS=0,Temp=28.0C/0.0C,TW=1.79ms,App=6.49ms,GD=0.00ms,CPU&GPU=8.17ms,LCnt=2,GPU%=0.55,CPU%=0.38(W0.64),DSF=1.00
2021-05-18T12:31:00.039Z:info2624/2478 [OAR] VrShellDesktopBase
Backgrounding all active monitors on desktop
2021-05-18T12:31:00.039Z:info2624/2478 [OAR] PanelAppHost
OnBackground
2021-05-18T12:31:00.052Z:info2624/2478 [OAR] VrShellDesktopBase
Backgrounding all active monitors on desktop
2021-05-18T12:31:00.053Z:info2624/2478 [OAR] PanelAppHost
OnBackground
2021-05-18T12:31:00.066Z:info2624/2478 [OAR] VrShellDesktopBase
Backgrounding all active monitors on desktop
2021-05-18T12:31:00.066Z:info2624/2478 [OAR] PanelAppHost
OnBackground
2021-05-18T12:31:00.080Z:info2624/2478 [OAR] VrShellDesktopBase
Backgrounding all active monitors on desktop
2021-05-18T12:31:00.080Z:info2624/2478 [OAR] PanelAppHost
OnBackground
2021-05-18T12:31:00.095Z:info2624/2478 [OAR] VrShellDesktopBase
Backgrounding all active monitors on desktop
2021-05-18T12:31:00.095Z:info2624/2478 [OAR] PanelAppHost
OnBackground
2021-05-18T12:31:00.108Z:info2624/2478 [OAR] VrShellDesktopBase
Backgrounding all active monitors on desktop
2021-05-18T12:31:00.108Z:info2624/2478 [OAR] PanelAppHost
OnBackground
2021-05-18T12:31:00.122Z:info2624/2478 [OAR] VrShellDesktopBase
Backgrounding all active monitors on desktop
2021-05-18T12:31:00.122Z:info2624/2478 [OAR] PanelAppHost
OnBackground
2021-05-18T12:31:00.136Z:info2624/2478 [OAR] VrShellDesktopBase
Backgrounding all active monitors on desktop
2021-05-18T12:31:00.136Z:info2624/2478 [OAR] PanelAppHost
OnBackground
2021-05-18T12:31:00.150Z:info2624/2478 [OAR] VrShellDesktopBase
Backgrounding all active monitors on desktop
2021-05-18T12:31:00.150Z:info2624/2478 [OAR] PanelAppHost
OnBackground
2021-05-18T12:31:00.163Z:info2624/2478 [OAR] VrShellDesktopBase
Backgrounding all active monitors on desktop
2021-05-18T12:31:00.163Z:info2624/2478 [OAR] PanelAppHost
OnBackground
2021-05-18T12:31:00.178Z:info2624/2478 [OAR] VrShellDesktopBase
Backgrounding all active monitors on desktop
2021-05-18T12:31:00.178Z:info2624/2478 [OAR] PanelAppHost
OnBackground
2021-05-18T12:31:00.192Z:info2624/2478 [OAR] VrShellDesktopBase
Backgrounding all active monitors on desktop
2021-05-18T12:31:00.192Z:info2624/2478 [OAR] PanelAppHost
OnBackground
2021-05-18T12:31:00.205Z:info2624/2478 [OAR] VrShellDesktopBase
Backgrounding all active monitors on desktop
2021-05-18T12:31:00.206Z:info2624/2478 [OAR] PanelAppHost
OnBackground
2021-05-18T12:31:00.219Z:info2624/2478 [OAR] VrShellDesktopBase
Backgrounding all active monitors on desktop
2021-05-18T12:31:00.219Z:info2624/2478 [OAR] PanelAppHost
OnBackground
2021-05-18T12:31:00.233Z:info2624/2478 [OAR] VrShellDesktopBase
Backgrounding all active monitors on desktop
2021-05-18T12:31:00.233Z:info2624/2478 [OAR] PanelAppHost
OnBackground
2021-05-18T12:31:00.249Z:info2624/2478 [OAR] VrShellDesktopBase
Backgrounding all active monitors on desktop
2021-05-18T12:31:00.249Z:info2624/2478 [OAR] PanelAppHost
OnBackground
2021-05-18T12:31:00.261Z:info2624/2478 [OAR] VrShellDesktopBase
Backgrounding all active monitors on desktop
2021-05-18T12:31:00.261Z:info2624/2478 [OAR] PanelAppHost
OnBackground
2021-05-18T12:31:00.275Z:info2624/2478 [OAR] VrShellDesktopBase
Backgrounding all active monitors on desktop
2021-05-18T12:31:00.289Z:info2624/2478 [OAR] PanelAppHost
OnBackground
2021-05-18T12:31:00.289Z:info2624/2478 [OAR] VrShellDesktopBase
Backgrounding all active monitors on desktop
2021-05-18T12:31:00.275Z:info2624/2478 [OAR] PanelAppHost
OnBackground
2021-05-18T12:31:00.302Z:info2624/2478 [OAR] VrShellDesktopBase
Backgrounding all active monitors on desktop
2021-05-18T12:31:00.303Z:info2624/2478 [OAR] PanelAppHost
OnBackground
2021-05-18T12:31:00.316Z:info2624/2478 [OAR] VrShellDesktopBase
Backgrounding all active monitors on desktop
2021-05-18T12:31:00.316Z:info2624/2478 [OAR] PanelAppHost
OnBackground
2021-05-18T12:31:00.330Z:info2624/2478 [OAR] VrShellDesktopBase
Backgrounding all active monitors on desktop
2021-05-18T12:31:00.330Z:info2624/2478 [OAR] PanelAppHost
OnBackground
2021-05-18T12:31:00.344Z:info2624/2478 [OAR] VrShellDesktopBase
Backgrounding all active monitors on desktop
2021-05-18T12:31:00.344Z:info2624/2478 [OAR] PanelAppHost
OnBackground
2021-05-18T12:31:00.358Z:info2624/2478 [OAR] VrShellDesktopBase
Backgrounding all active monitors on desktop
2021-05-18T12:31:00.358Z:info2624/2478 [OAR] PanelAppHost
OnBackground
2021-05-18T12:31:00.372Z:info2624/2478 [OAR] VrShellDesktopBase
Backgrounding all active monitors on desktop
2021-05-18T12:31:00.372Z:info2624/2478 [OAR] PanelAppHost
OnBackground
2021-05-18T12:31:00.386Z:info2624/2478 [OAR] VrShellDesktopBase
Backgrounding all active monitors on desktop
2021-05-18T12:31:00.386Z:info2624/2478 [OAR] PanelAppHost
OnBackground
2021-05-18T12:31:00.400Z:info2624/2478 [OAR] VrShellDesktopBase
Backgrounding all active monitors on desktop
2021-05-18T12:31:00.400Z:info2624/2478 [OAR] PanelAppHost
OnBackground
2021-05-18T12:31:00.414Z:info2624/2478 [OAR] VrShellDesktopBase
Backgrounding all active monitors on desktop
2021-05-18T12:31:00.414Z:info2624/2478 [OAR] PanelAppHost
OnBackground
2021-05-18T12:31:00.428Z:info2624/2478 [OAR] VrShellDesktopBase
Backgrounding all active monitors on desktop
2021-05-18T12:31:00.428Z:info2624/2478 [OAR] PanelAppHost
OnBackground
2021-05-18T12:31:00.441Z:info2624/2478 [OAR] VrShellDesktopBase
Backgrounding all active monitors on desktop
2021-05-18T12:31:00.441Z:info2624/2478 [OAR] PanelAppHost
OnBackground
2021-05-18T12:31:00.455Z:info2624/2478 [OAR] VrShellDesktopBase
Backgrounding all active monitors on desktop
2021-05-18T12:31:00.455Z:info2624/2478 [OAR] PanelAppHost
OnBackground
2021-05-18T12:31:00.469Z:info2624/2478 [OAR] VrShellDesktopBase
Backgrounding all active monitors on desktop
2021-05-18T12:31:00.469Z:info2624/2478 [OAR] PanelAppHost
OnBackground
2021-05-18T12:31:00.483Z:info2624/2478 [OAR] VrShellDesktopBase
Backgrounding all active monitors on desktop
2021-05-18T12:31:00.483Z:info2624/2478 [OAR] PanelAppHost
OnBackground
2021-05-18T12:31:00.494Z:info2391/1932 ServiceInputManager
HANDTRACKING hand 0 status set to Tracked
2021-05-18T12:31:00.497Z:info2624/2478 [OAR] VrShellDesktopBase
Backgrounding all active monitors on desktop
2021-05-18T12:31:00.497Z:info2624/2478 [OAR] PanelAppHost
OnBackground
2021-05-18T12:31:00.511Z:info2624/2478 [OAR] VrShellDesktopBase
Backgrounding all active monitors on desktop
2021-05-18T12:31:00.511Z:info2624/2478 [OAR] PanelAppHost
OnBackground
2021-05-18T12:31:00.521Z:info2391/1932 ServiceInputManager
HANDTRACKING hand 0 status set to OutOfView
2021-05-18T12:31:00.521Z:info2391/1932 ServiceInputManager
HANDTRACKING hand 1 status set to OutOfView
2021-05-18T12:31:00.525Z:info2624/2478 [OAR] VrShellDesktopBase
Backgrounding all active monitors on desktop
2021-05-18T12:31:00.525Z:info2624/2478 [OAR] PanelAppHost
OnBackground
2021-05-18T12:31:00.540Z:info2624/2478 [OAR] VrShellDesktopBase
Backgrounding all active monitors on desktop
2021-05-18T12:31:00.540Z:info2624/2478 [OAR] PanelAppHost
OnBackground
2021-05-18T12:31:00.553Z:info2624/2478 [OAR] VrShellDesktopBase
Backgrounding all active monitors on desktop
2021-05-18T12:31:00.553Z:info2624/2478 [OAR] PanelAppHost
OnBackground
2021-05-18T12:31:00.563Z:info2391/1932 ServiceInputManager
HANDTRACKING hand 1 status set to Tracked
2021-05-18T12:31:00.566Z:info2624/2478 [OAR] VrShellDesktopBase
Backgrounding all active monitors on desktop
2021-05-18T12:31:00.567Z:info2624/2478 [OAR] PanelAppHost
OnBackground
2021-05-18T12:31:00.580Z:info2624/2478 [OAR] VrShellDesktopBase
Backgrounding all active monitors on desktop
2021-05-18T12:31:00.580Z:info2624/2478 [OAR] PanelAppHost
OnBackground
2021-05-18T12:31:00.595Z:info2624/2478 [OAR] VrShellDesktopBase
Backgrounding all active monitors on desktop
2021-05-18T12:31:00.595Z:info2624/2478 [OAR] PanelAppHost
OnBackground
2021-05-18T12:31:00.608Z:info2624/2478 [OAR] VrShellDesktopBase
Backgrounding all active monitors on desktop
2021-05-18T12:31:00.608Z:info2624/2478 [OAR] PanelAppHost
OnBackground
2021-05-18T12:31:00.622Z:info2624/2478 [OAR] VrShellDesktopBase
Backgrounding all active monitors on desktop
2021-05-18T12:31:00.622Z:info2624/2478 [OAR] PanelAppHost
OnBackground
2021-05-18T12:31:00.636Z:info2624/2478 [OAR] VrShellDesktopBase
Backgrounding all active monitors on desktop
2021-05-18T12:31:00.636Z:info2624/2478 [OAR] PanelAppHost
OnBackground
2021-05-18T12:31:00.650Z:info2624/2478 [OAR] VrShellDesktopBase
Backgrounding all active monitors on desktop
2021-05-18T12:31:00.650Z:info2624/2478 [OAR] PanelAppHost
OnBackground
2021-05-18T12:31:00.663Z:info2624/2478 [OAR] VrShellDesktopBase
Backgrounding all active monitors on desktop
2021-05-18T12:31:00.664Z:info2624/2478 [OAR] PanelAppHost
OnBackground
2021-05-18T12:31:00.678Z:info2624/2478 [OAR] VrShellDesktopBase
Backgrounding all active monitors on desktop
2021-05-18T12:31:00.678Z:info2624/2478 [OAR] PanelAppHost
OnBackground
2021-05-18T12:31:00.691Z:info2624/2478 [OAR] VrShellDesktopBase
Backgrounding all active monitors on desktop
2021-05-18T12:31:00.691Z:info2624/2478 [OAR] PanelAppHost
OnBackground
2021-05-18T12:31:00.705Z:info2624/2478 [OAR] VrShellDesktopBase
Backgrounding all active monitors on desktop
2021-05-18T12:31:00.705Z:info2624/2478 [OAR] PanelAppHost
OnBackground
2021-05-18T12:31:00.719Z:info2624/2478 [OAR] VrShellDesktopBase
Backgrounding all active monitors on desktop
2021-05-18T12:31:00.719Z:info2624/2478 [OAR] PanelAppHost
OnBackground
2021-05-18T12:31:00.733Z:info2624/2478 [OAR] VrShellDesktopBase
Backgrounding all active monitors on desktop
2021-05-18T12:31:00.733Z:info2624/2478 [OAR] PanelAppHost
OnBackground
2021-05-18T12:31:00.747Z:info2624/2478 [OAR] VrShellDesktopBase
Backgrounding all active monitors on desktop
2021-05-18T12:31:00.747Z:info2624/2478 [OAR] PanelAppHost
OnBackground
2021-05-18T12:31:00.761Z:info2624/2478 [OAR] VrShellDesktopBase
Backgrounding all active monitors on desktop
2021-05-18T12:31:00.761Z:info2624/2478 [OAR] PanelAppHost
OnBackground
2021-05-18T12:31:00.775Z:info2624/2478 [OAR] VrShellDesktopBase
Backgrounding all active monitors on desktop
2021-05-18T12:31:00.775Z:info2624/2478 [OAR] PanelAppHost
OnBackground
2021-05-18T12:31:00.789Z:info2624/2478 [OAR] VrShellDesktopBase
Backgrounding all active monitors on desktop
2021-05-18T12:31:00.789Z:info2624/2478 [OAR] PanelAppHost
OnBackground
2021-05-18T12:31:00.803Z:info2624/2478 [OAR] VrShellDesktopBase
Backgrounding all active monitors on desktop
2021-05-18T12:31:00.803Z:info2624/2478 [OAR] PanelAppHost
OnBackground
2021-05-18T12:31:00.807Z:info1624/841 [CT]
VIPER:MAP_MANAGER: State: TrackingPersistent, UUID=11fb800f-9af7-eed5-f15b-5af88c6eefbc, Num. Persistent maps = 1,  Persistent maps:11fb800f-9af7-eed5-f15b-5af88c6eefbc,, Ser. Disabled = 00000000-0000-0000-0000-000000000000
2021-05-18T12:31:00.817Z:info2624/2478 [OAR] VrShellDesktopBase
Backgrounding all active monitors on desktop
2021-05-18T12:31:00.817Z:info2624/2478 [OAR] PanelAppHost
OnBackground
2021-05-18T12:31:00.830Z:info2624/2478 [OAR] VrShellDesktopBase
Backgrounding all active monitors on desktop
2021-05-18T12:31:00.830Z:info2624/2478 [OAR] PanelAppHost
OnBackground
2021-05-18T12:31:00.839Z:info1624/841 [CT]
VIPER: Mode=Viper,Status=6DoF,TRACKING,KF=70,Inl=282,Pts=240,Mem=55.4,Jit=1.2mm,Issues(Cam/min=0.0,IMU/min=0.0),Exp=(6.0ms,g=7.0,I=80,Ir=1907.5)(5.0ms,g=5.0,I=76,Ir=3054.1)(6.0ms,g=7.0,I=69,Ir=1646.7)(5.7ms,g=5.0,I=74,Ir=2614.5)
2021-05-18T12:31:00.844Z:info2624/2478 [OAR] VrShellDesktopBase
Backgrounding all active monitors on desktop
2021-05-18T12:31:00.844Z:info2624/2478 [OAR] PanelAppHost
OnBackground
2021-05-18T12:31:00.858Z:info2624/2478 [OAR] VrShellDesktopBase
Backgrounding all active monitors on desktop
2021-05-18T12:31:00.858Z:info2624/2478 [OAR] PanelAppHost
OnBackground
2021-05-18T12:31:00.872Z:info2624/2478 [OAR] VrShellDesktopBase
Backgrounding all active monitors on desktop
2021-05-18T12:31:00.872Z:info2624/2478 [OAR] PanelAppHost
OnBackground
2021-05-18T12:31:00.886Z:info2624/2478 [OAR] VrShellDesktopBase
Backgrounding all active monitors on desktop
2021-05-18T12:31:00.886Z:info2624/2478 [OAR] PanelAppHost
OnBackground
2021-05-18T12:31:00.900Z:info2624/2478 [OAR] VrShellDesktopBase
Backgrounding all active monitors on desktop
2021-05-18T12:31:00.900Z:info2624/2478 [OAR] PanelAppHost
OnBackground
2021-05-18T12:31:00.914Z:info2624/2478 [OAR] VrShellDesktopBase
Backgrounding all active monitors on desktop
2021-05-18T12:31:00.914Z:info2624/2478 [OAR] PanelAppHost
OnBackground
2021-05-18T12:31:00.928Z:info2624/2478 [OAR] VrShellDesktopBase
Backgrounding all active monitors on desktop
2021-05-18T12:31:00.928Z:info2624/2478 [OAR] PanelAppHost
OnBackground
2021-05-18T12:31:00.942Z:info2624/2478 [OAR] VrShellDesktopBase
Backgrounding all active monitors on desktop
2021-05-18T12:31:00.942Z:info2624/2478 [OAR] PanelAppHost
OnBackground
2021-05-18T12:31:00.955Z:info2624/2478 [OAR] VrShellDesktopBase
Backgrounding all active monitors on desktop
2021-05-18T12:31:00.955Z:info2624/2478 [OAR] PanelAppHost
OnBackground
2021-05-18T12:31:00.969Z:info2624/2478 [OAR] VrShellDesktopBase
Backgrounding all active monitors on desktop
2021-05-18T12:31:00.969Z:info2624/2478 [OAR] PanelAppHost
OnBackground
2021-05-18T12:31:00.983Z:info2624/2478 [OAR] VrShellDesktopBase
Backgrounding all active monitors on desktop
2021-05-18T12:31:00.983Z:info2624/2478 [OAR] PanelAppHost
OnBackground
2021-05-18T12:31:00.997Z:info2624/2478 [OAR] VrShellDesktopBase
Backgrounding all active monitors on desktop
2021-05-18T12:31:00.997Z:info2624/2478 [OAR] PanelAppHost
OnBackground
2021-05-18T12:31:01.011Z:info2624/2478 [OAR] VrShellDesktopBase
Backgrounding all active monitors on desktop
2021-05-18T12:31:01.011Z:info2624/2478 [OAR] PanelAppHost
OnBackground
2021-05-18T12:31:01.025Z:info2624/2478 [OAR] VrShellDesktopBase
Backgrounding all active monitors on desktop
2021-05-18T12:31:01.025Z:info2624/2478 [OAR] PanelAppHost
OnBackground
2021-05-18T12:31:01.037Z:info4562/2406 VrApi
FPS=72/72,Prd=46ms,Tear=0,Early=73,Stale=0,VSnc=1,Lat=1,Fov=0,CPU4/GPU=2/4,1651/670MHz,OC=FF,TA=0/E0/0,SP=N/F/N,Mem=1804MHz,Free=1723MB,PLS=0,Temp=28.0C/0.0C,TW=1.83ms,App=5.85ms,GD=0.00ms,CPU&GPU=8.77ms,LCnt=2,GPU%=0.54,CPU%=0.37(W0.50),DSF=1.00
2021-05-18T12:31:01.039Z:info2624/2478 [OAR] VrShellDesktopBase
Backgrounding all active monitors on desktop
2021-05-18T12:31:01.039Z:info2624/2478 [OAR] PanelAppHost
OnBackground
2021-05-18T12:31:01.042Z:info2823/1419 [CT]
MIXEDREALITY: MrServiceView: renderIteration: (every 10 seconds)
2021-05-18T12:31:01.053Z:info2624/2478 [OAR] VrShellDesktopBase
Backgrounding all active monitors on desktop
2021-05-18T12:31:01.053Z:info2624/2478 [OAR] PanelAppHost
OnBackground
2021-05-18T12:31:01.066Z:info2624/2478 [OAR] VrShellDesktopBase
Backgrounding all active monitors on desktop
2021-05-18T12:31:01.066Z:info2624/2478 [OAR] PanelAppHost
OnBackground
2021-05-18T12:31:01.080Z:info2624/2478 [OAR] VrShellDesktopBase
Backgrounding all active monitors on desktop
2021-05-18T12:31:01.080Z:info2624/2478 [OAR] PanelAppHost
OnBackground
2021-05-18T12:31:01.094Z:info2624/2478 [OAR] VrShellDesktopBase
Backgrounding all active monitors on desktop
2021-05-18T12:31:01.094Z:info2624/2478 [OAR] PanelAppHost
OnBackground
2021-05-18T12:31:01.108Z:info2624/2478 [OAR] VrShellDesktopBase
Backgrounding all active monitors on desktop
2021-05-18T12:31:01.108Z:info2624/2478 [OAR] PanelAppHost
OnBackground
2021-05-18T12:31:01.122Z:info2624/2478 [OAR] VrShellDesktopBase
Backgrounding all active monitors on desktop
2021-05-18T12:31:01.122Z:info2624/2478 [OAR] PanelAppHost
OnBackground
2021-05-18T12:31:01.136Z:info2624/2478 [OAR] VrShellDesktopBase
Backgrounding all active monitors on desktop
2021-05-18T12:31:01.136Z:info2624/2478 [OAR] PanelAppHost
OnBackground
2021-05-18T12:31:01.150Z:info2624/2478 [OAR] VrShellDesktopBase
Backgrounding all active monitors on desktop
2021-05-18T12:31:01.150Z:info2624/2478 [OAR] PanelAppHost
OnBackground
2021-05-18T12:31:01.164Z:info2624/2478 [OAR] VrShellDesktopBase
Backgrounding all active monitors on desktop
2021-05-18T12:31:01.164Z:info2624/2478 [OAR] PanelAppHost
OnBackground
2021-05-18T12:31:01.178Z:info2624/2478 [OAR] VrShellDesktopBase
Backgrounding all active monitors on desktop
2021-05-18T12:31:01.178Z:info2624/2478 [OAR] PanelAppHost
OnBackground
2021-05-18T12:31:01.192Z:info2624/2478 [OAR] VrShellDesktopBase
Backgrounding all active monitors on desktop
2021-05-18T12:31:01.192Z:info2624/2478 [OAR] PanelAppHost
OnBackground
2021-05-18T12:31:01.205Z:info2624/2478 [OAR] VrShellDesktopBase
Backgrounding all active monitors on desktop
2021-05-18T12:31:01.205Z:info2624/2478 [OAR] PanelAppHost
OnBackground
2021-05-18T12:31:01.220Z:info2624/2478 [OAR] VrShellDesktopBase
Backgrounding all active monitors on desktop
2021-05-18T12:31:01.220Z:info2624/2478 [OAR] PanelAppHost
OnBackground
2021-05-18T12:31:01.234Z:info2624/2478 [OAR] VrShellDesktopBase
Backgrounding all active monitors on desktop
2021-05-18T12:31:01.234Z:info2624/2478 [OAR] PanelAppHost
OnBackground
2021-05-18T12:31:01.247Z:info2624/2478 [OAR] VrShellDesktopBase
Backgrounding all active monitors on desktop
2021-05-18T12:31:01.247Z:info2624/2478 [OAR] PanelAppHost
OnBackground
2021-05-18T12:31:01.261Z:info2624/2478 [OAR] VrShellDesktopBase
Backgrounding all active monitors on desktop
2021-05-18T12:31:01.261Z:info2624/2478 [OAR] PanelAppHost
OnBackground
2021-05-18T12:31:01.275Z:info2624/2478 [OAR] VrShellDesktopBase
Backgrounding all active monitors on desktop
2021-05-18T12:31:01.275Z:info2624/2478 [OAR] PanelAppHost
OnBackground
2021-05-18T12:31:01.288Z:info2624/2478 [OAR] VrShellDesktopBase
Backgrounding all active monitors on desktop
2021-05-18T12:31:01.289Z:info2624/2478 [OAR] PanelAppHost
OnBackground
2021-05-18T12:31:01.302Z:info2624/2478 [OAR] VrShellDesktopBase
Backgrounding all active monitors on desktop
2021-05-18T12:31:01.302Z:info2624/2478 [OAR] PanelAppHost
OnBackground
2021-05-18T12:31:01.316Z:info2624/2478 [OAR] VrShellDesktopBase
Backgrounding all active monitors on desktop
2021-05-18T12:31:01.316Z:info2624/2478 [OAR] PanelAppHost
OnBackground
2021-05-18T12:31:01.330Z:info2624/2478 [OAR] VrShellDesktopBase
Backgrounding all active monitors on desktop
2021-05-18T12:31:01.330Z:info2624/2478 [OAR] PanelAppHost
OnBackground
2021-05-18T12:31:01.344Z:info2624/2478 [OAR] VrShellDesktopBase
Backgrounding all active monitors on desktop
2021-05-18T12:31:01.344Z:info2624/2478 [OAR] PanelAppHost
OnBackground
2021-05-18T12:31:01.358Z:info2624/2478 [OAR] VrShellDesktopBase
Backgrounding all active monitors on desktop
2021-05-18T12:31:01.358Z:info2624/2478 [OAR] PanelAppHost
OnBackground
2021-05-18T12:31:01.372Z:info2624/2478 [OAR] VrShellDesktopBase
Backgrounding all active monitors on desktop
2021-05-18T12:31:01.372Z:info2624/2478 [OAR] PanelAppHost
OnBackground
2021-05-18T12:31:01.386Z:info2624/2478 [OAR] VrShellDesktopBase
Backgrounding all active monitors on desktop
2021-05-18T12:31:01.386Z:info2624/2478 [OAR] PanelAppHost
OnBackground
2021-05-18T12:31:01.400Z:info2624/2478 [OAR] VrShellDesktopBase
Backgrounding all active monitors on desktop
2021-05-18T12:31:01.400Z:info2624/2478 [OAR] PanelAppHost
OnBackground
2021-05-18T12:31:01.413Z:info2624/2478 [OAR] VrShellDesktopBase
Backgrounding all active monitors on desktop
2021-05-18T12:31:01.414Z:info2624/2478 [OAR] PanelAppHost
OnBackground
2021-05-18T12:31:01.428Z:info2624/2478 [OAR] VrShellDesktopBase
Backgrounding all active monitors on desktop
2021-05-18T12:31:01.428Z:info2624/2478 [OAR] PanelAppHost
OnBackground
2021-05-18T12:31:01.438Z:info2391/1932 ServiceInputManager
HANDTRACKING hand 0 status set to Tracked
2021-05-18T12:31:01.441Z:info2624/2478 [OAR] VrShellDesktopBase
Backgrounding all active monitors on desktop
2021-05-18T12:31:01.441Z:info2624/2478 [OAR] PanelAppHost
OnBackground
2021-05-18T12:31:01.455Z:info2624/2478 [OAR] VrShellDesktopBase
Backgrounding all active monitors on desktop
2021-05-18T12:31:01.456Z:info2624/2478 [OAR] PanelAppHost
OnBackground
2021-05-18T12:31:01.469Z:info2624/2478 [OAR] VrShellDesktopBase
Backgrounding all active monitors on desktop
2021-05-18T12:31:01.469Z:info2624/2478 [OAR] PanelAppHost
OnBackground
2021-05-18T12:31:01.483Z:info2624/2478 [OAR] VrShellDesktopBase
Backgrounding all active monitors on desktop
2021-05-18T12:31:01.483Z:info2624/2478 [OAR] PanelAppHost
OnBackground
2021-05-18T12:31:01.497Z:info2624/2478 [OAR] VrShellDesktopBase
Backgrounding all active monitors on desktop
2021-05-18T12:31:01.497Z:info2624/2478 [OAR] PanelAppHost
OnBackground
2021-05-18T12:31:01.511Z:info2624/2478 [OAR] VrShellDesktopBase
Backgrounding all active monitors on desktop
2021-05-18T12:31:01.511Z:info2624/2478 [OAR] PanelAppHost
OnBackground
2021-05-18T12:31:01.525Z:info2624/2478 [OAR] VrShellDesktopBase
Backgrounding all active monitors on desktop
2021-05-18T12:31:01.525Z:info2624/2478 [OAR] PanelAppHost
OnBackground
2021-05-18T12:31:01.539Z:info2624/2478 [OAR] VrShellDesktopBase
Backgrounding all active monitors on desktop
2021-05-18T12:31:01.539Z:info2624/2478 [OAR] PanelAppHost
OnBackground
2021-05-18T12:31:01.546Z:info1614/841 [CT]
CONSTELLATION:IMU_STATUS: ea7afbe8b7b7857b (L): [FusionTracked=0.000, OutputTracked=0.000, OutputValid=0.000] [AccelSat=0.000, GyroSat=0.000] 
2021-05-18T12:31:01.553Z:info2624/2478 [OAR] VrShellDesktopBase
Backgrounding all active monitors on desktop
2021-05-18T12:31:01.552Z:info1614/841 [CT]
CONSTELLATION:IMU_STATUS: 310b3390f7adca4a (R): [FusionTracked=0.000, OutputTracked=0.000, OutputValid=0.000] [AccelSat=0.000, GyroSat=0.000] 
2021-05-18T12:31:01.553Z:info2624/2478 [OAR] PanelAppHost
OnBackground
2021-05-18T12:31:01.566Z:info2624/2478 [OAR] VrShellDesktopBase
Backgrounding all active monitors on desktop
2021-05-18T12:31:01.566Z:info2624/2478 [OAR] PanelAppHost
OnBackground
2021-05-18T12:31:01.580Z:info2624/2478 [OAR] VrShellDesktopBase
Backgrounding all active monitors on desktop
2021-05-18T12:31:01.580Z:info2624/2478 [OAR] PanelAppHost
OnBackground
2021-05-18T12:31:01.591Z:info2391/1932 ServiceInputManager
HANDTRACKING hand 0 status set to OutOfView
2021-05-18T12:31:01.594Z:info2624/2478 [OAR] VrShellDesktopBase
Backgrounding all active monitors on desktop
2021-05-18T12:31:01.594Z:info2624/2478 [OAR] PanelAppHost
OnBackground
2021-05-18T12:31:01.608Z:info2624/2478 [OAR] VrShellDesktopBase
Backgrounding all active monitors on desktop
2021-05-18T12:31:01.608Z:info2624/2478 [OAR] PanelAppHost
OnBackground
2021-05-18T12:31:01.622Z:info2624/2478 [OAR] VrShellDesktopBase
Backgrounding all active monitors on desktop
2021-05-18T12:31:01.622Z:info2624/2478 [OAR] PanelAppHost
OnBackground
2021-05-18T12:31:01.636Z:info2624/2478 [OAR] VrShellDesktopBase
Backgrounding all active monitors on desktop
2021-05-18T12:31:01.636Z:info2624/2478 [OAR] PanelAppHost
OnBackground
2021-05-18T12:31:01.650Z:info2624/2478 [OAR] VrShellDesktopBase
Backgrounding all active monitors on desktop
2021-05-18T12:31:01.650Z:info2624/2478 [OAR] PanelAppHost
OnBackground
2021-05-18T12:31:01.663Z:info2624/2478 [OAR] VrShellDesktopBase
Backgrounding all active monitors on desktop
2021-05-18T12:31:01.663Z:info2624/2478 [OAR] PanelAppHost
OnBackground
2021-05-18T12:31:01.677Z:info2624/2478 [OAR] VrShellDesktopBase
Backgrounding all active monitors on desktop
2021-05-18T12:31:01.677Z:info2624/2478 [OAR] PanelAppHost
OnBackground
2021-05-18T12:31:01.691Z:info2624/2478 [OAR] VrShellDesktopBase
Backgrounding all active monitors on desktop
2021-05-18T12:31:01.691Z:info2624/2478 [OAR] PanelAppHost
OnBackground
2021-05-18T12:31:01.705Z:info2624/2478 [OAR] VrShellDesktopBase
Backgrounding all active monitors on desktop
2021-05-18T12:31:01.705Z:info2624/2478 [OAR] PanelAppHost
OnBackground
2021-05-18T12:31:01.719Z:info2624/2478 [OAR] VrShellDesktopBase
Backgrounding all active monitors on desktop
2021-05-18T12:31:01.719Z:info2624/2478 [OAR] PanelAppHost
OnBackground
2021-05-18T12:31:01.732Z:info1579/841 [CT]
boltlib: DSP utilization: 48.35 % (2419 / 5004 ms)
2021-05-18T12:31:01.733Z:info2624/2478 [OAR] VrShellDesktopBase
Backgrounding all active monitors on desktop
2021-05-18T12:31:01.733Z:info2624/2478 [OAR] PanelAppHost
OnBackground
2021-05-18T12:31:01.747Z:info2624/2478 [OAR] VrShellDesktopBase
Backgrounding all active monitors on desktop
2021-05-18T12:31:01.747Z:info2624/2478 [OAR] PanelAppHost
OnBackground
2021-05-18T12:31:01.761Z:info2624/2478 [OAR] VrShellDesktopBase
Backgrounding all active monitors on desktop
2021-05-18T12:31:01.761Z:info2624/2478 [OAR] PanelAppHost
OnBackground
2021-05-18T12:31:01.773Z:warn1596/841 Memory Allocation
large allocation 4001056
2021-05-18T12:31:01.775Z:info2624/2478 [OAR] VrShellDesktopBase
Backgrounding all active monitors on desktop
2021-05-18T12:31:01.775Z:info2624/2478 [OAR] PanelAppHost
OnBackground
2021-05-18T12:31:01.790Z:info2624/2478 [OAR] VrShellDesktopBase
Backgrounding all active monitors on desktop
2021-05-18T12:31:01.790Z:info2624/2478 [OAR] PanelAppHost
OnBackground
2021-05-18T12:31:01.803Z:info2624/2478 [OAR] VrShellDesktopBase
Backgrounding all active monitors on desktop
2021-05-18T12:31:01.803Z:info2624/2478 [OAR] PanelAppHost
OnBackground
2021-05-18T12:31:01.808Z:info1624/841 [CT]
HealthReport: ==================================================
2021-05-18T12:31:01.809Z:info1624/841 [CT]
HealthReport: Health Report
2021-05-18T12:31:01.809Z:info1624/841 [CT]
HealthReport: Reporter #1 (InsideOutHealthMonitor) summary:
2021-05-18T12:31:01.809Z:info1624/841 [CT]
HealthReport: -------------
2021-05-18T12:31:01.809Z:info1624/841 [CT]
HealthReport: ...... Camera: Total Dropped: 0.000000
2021-05-18T12:31:01.809Z:info1624/841 [CT]
HealthReport: ...... Dropped due to processing taking too long: 0.000000
2021-05-18T12:31:01.809Z:info1624/841 [CT]
HealthReport: ...... Total Frame Count: 5700
2021-05-18T12:31:01.809Z:info1624/841 [CT]
HealthReport: ...... Camera dropped percentage: 0.000000%
2021-05-18T12:31:01.809Z:info1624/841 [CT]
HealthReport: ...... Camera Reset Count: 0
2021-05-18T12:31:01.809Z:info1624/841 [CT]
HealthReport: ...... Camera: Total Single Camera Frame Dropped: 0
2021-05-18T12:31:01.809Z:info1624/841 [CT]
HealthReport: ...... Total Frame Count: 5700
2021-05-18T12:31:01.809Z:info1624/841 [CT]
HealthReport: ...... dropped single frame percentage: 0.000000%)
2021-05-18T12:31:01.809Z:info1624/841 [CT]
HealthReport: (FAIL) IMU: Longest time between processing IMU data: 0.014528 Seconds Target: <= 0.010000 Seconds
2021-05-18T12:31:01.809Z:info1624/841 [CT]
HealthReport: ...... Total Sample Count: 190235
2021-05-18T12:31:01.809Z:info1624/841 [CT]
HealthReport: ...... IMU: Total Dropped: 0.000000
2021-05-18T12:31:01.809Z:info1624/841 [CT]
HealthReport: ...... Magnetometer: Total Dropped: 0.000000
2021-05-18T12:31:01.809Z:info1624/841 [CT]
HealthReport: ...... IMU dropped percentage: 0.000000%
2021-05-18T12:31:01.809Z:info1624/841 [CT]
HealthReport: 
2021-05-18T12:31:01.809Z:info1624/841 [CT]
HealthReport: ...... Total Sample Count: 5707
2021-05-18T12:31:01.809Z:info1624/841 [CT]
HealthReport: ...... IMU dropped percentage: 0.000000%
2021-05-18T12:31:01.809Z:info1624/841 [CT]
HealthReport: --------------------------------------------------
2021-05-18T12:31:01.809Z:info1624/841 [CT]
HealthReport: Reporter #1 (InsideOutHealthMonitor) Failed
2021-05-18T12:31:01.809Z:info1624/841 [CT]
HealthReport: ...... Camera: Total Dropped: 0.0, Total Frame Count: 6072 (0.0%), Camera Reset Count: 0
2021-05-18T12:31:01.809Z:info1624/841 [CT]
HealthReport: Reporter #2 (ConstellationHealthMonitor) summary:
2021-05-18T12:31:01.809Z:info1624/841 [CT]
HealthReport: ...... Camera: Total Single Camera Frame Dropped: 0, Total Frame Count: 6072 (0.0%)
2021-05-18T12:31:01.809Z:info1624/841 [CT]
HealthReport:        Controller 3533975030325955146::
2021-05-18T12:31:01.809Z:info1624/841 [CT]
HealthReport: ...... IMU: Total Dropped: 0.0, Total Sample Count: 94374.102 (0.0%)
2021-05-18T12:31:01.809Z:info1624/841 [CT]
HealthReport: 
2021-05-18T12:31:01.809Z:info1624/841 [CT]
HealthReport:        Controller 16896093928967079291::
2021-05-18T12:31:01.809Z:info1624/841 [CT]
HealthReport: ...... IMU: Total Dropped: 0.0, Total Sample Count: 94228.1345 (0.0%)
2021-05-18T12:31:01.809Z:info1624/841 [CT]
HealthReport: 
2021-05-18T12:31:01.809Z:info1624/841 [CT]
HealthReport: 
2021-05-18T12:31:01.809Z:info1624/841 [CT]
HealthReport: Reporter #2 (ConstellationHealthMonitor) Passed
2021-05-18T12:31:01.809Z:info1624/841 [CT]
HealthReport: --------------------------------------------------
2021-05-18T12:31:01.809Z:info1624/841 [CT]
HealthReport: 
2021-05-18T12:31:01.809Z:info1624/841 [CT]
HealthReport: Failures Reported =(
2021-05-18T12:31:01.809Z:info1624/841 [CT]
HealthReport: ==================================================
2021-05-18T12:31:01.809Z:info1624/841 [CT]
HealthReport: 
2021-05-18T12:31:01.817Z:info2624/2478 [OAR] VrShellDesktopBase
Backgrounding all active monitors on desktop
2021-05-18T12:31:01.809Z:info1624/841 [CT]
HealthReport: 
2021-05-18T12:31:01.817Z:info2624/2478 [OAR] PanelAppHost
OnBackground
2021-05-18T12:31:01.831Z:info2624/2478 [OAR] VrShellDesktopBase
Backgrounding all active monitors on desktop
2021-05-18T12:31:01.831Z:info2624/2478 [OAR] PanelAppHost
OnBackground
2021-05-18T12:31:01.845Z:info2624/2478 [OAR] VrShellDesktopBase
Backgrounding all active monitors on desktop
2021-05-18T12:31:01.845Z:info2624/2478 [OAR] PanelAppHost
OnBackground
2021-05-18T12:31:01.858Z:info2624/2478 [OAR] VrShellDesktopBase
Backgrounding all active monitors on desktop
2021-05-18T12:31:01.858Z:info2624/2478 [OAR] PanelAppHost
OnBackground
2021-05-18T12:31:01.869Z:info2391/1932 ServiceInputManager
HANDTRACKING hand 0 status set to Tracked
2021-05-18T12:31:01.872Z:info2624/2478 [OAR] VrShellDesktopBase
Backgrounding all active monitors on desktop
2021-05-18T12:31:01.872Z:info2624/2478 [OAR] PanelAppHost
OnBackground
2021-05-18T12:31:01.886Z:info2624/2478 [OAR] VrShellDesktopBase
Backgrounding all active monitors on desktop
2021-05-18T12:31:01.886Z:info2624/2478 [OAR] PanelAppHost
OnBackground
2021-05-18T12:31:01.900Z:info2624/2478 [OAR] VrShellDesktopBase
Backgrounding all active monitors on desktop
2021-05-18T12:31:01.900Z:info2624/2478 [OAR] PanelAppHost
OnBackground
2021-05-18T12:31:01.914Z:info2624/2478 [OAR] VrShellDesktopBase
Backgrounding all active monitors on desktop
2021-05-18T12:31:01.914Z:info2624/2478 [OAR] PanelAppHost
OnBackground
2021-05-18T12:31:01.927Z:info2624/2478 [OAR] VrShellDesktopBase
Backgrounding all active monitors on desktop
2021-05-18T12:31:01.928Z:info2624/2478 [OAR] PanelAppHost
OnBackground
2021-05-18T12:31:01.941Z:info2624/2478 [OAR] VrShellDesktopBase
Backgrounding all active monitors on desktop
2021-05-18T12:31:01.941Z:info2624/2478 [OAR] PanelAppHost
OnBackground
2021-05-18T12:31:01.955Z:info2624/2478 [OAR] VrShellDesktopBase
Backgrounding all active monitors on desktop
2021-05-18T12:31:01.955Z:info2624/2478 [OAR] PanelAppHost
OnBackground
2021-05-18T12:31:01.969Z:info2624/2478 [OAR] VrShellDesktopBase
Backgrounding all active monitors on desktop
2021-05-18T12:31:01.969Z:info2624/2478 [OAR] PanelAppHost
OnBackground
2021-05-18T12:31:01.970Z:info2732/2551 VrGuardianService
GuardianSDKServer::SetGuardianCanPaint
2021-05-18T12:31:01.983Z:info2624/2478 [OAR] VrShellDesktopBase
Backgrounding all active monitors on desktop
2021-05-18T12:31:01.983Z:info2624/2478 [OAR] PanelAppHost
OnBackground
2021-05-18T12:31:01.997Z:info2624/2478 [OAR] VrShellDesktopBase
Backgrounding all active monitors on desktop
2021-05-18T12:31:01.997Z:info2624/2478 [OAR] PanelAppHost
OnBackground
2021-05-18T12:31:02.011Z:info2624/2478 [OAR] VrShellDesktopBase
Backgrounding all active monitors on desktop
2021-05-18T12:31:02.011Z:info2624/2478 [OAR] PanelAppHost
OnBackground
2021-05-18T12:31:02.025Z:info2624/2478 [OAR] VrShellDesktopBase
Backgrounding all active monitors on desktop
2021-05-18T12:31:02.025Z:info2624/2478 [OAR] PanelAppHost
OnBackground
2021-05-18T12:31:02.038Z:info4562/2406 VrApi
FPS=73/72,Prd=46ms,Tear=0,Early=72,Stale=0,VSnc=1,Lat=1,Fov=0,CPU4/GPU=2/4,1651/670MHz,OC=FF,TA=0/E0/0,SP=N/F/N,Mem=1804MHz,Free=1722MB,PLS=0,Temp=28.0C/0.0C,TW=1.77ms,App=6.65ms,GD=0.00ms,CPU&GPU=8.17ms,LCnt=2,GPU%=0.53,CPU%=0.16(W0.19),DSF=1.00
2021-05-18T12:31:02.039Z:info2624/2478 [OAR] VrShellDesktopBase
Backgrounding all active monitors on desktop
2021-05-18T12:31:02.039Z:info2624/2478 [OAR] PanelAppHost
OnBackground
2021-05-18T12:31:02.053Z:info2624/2478 [OAR] VrShellDesktopBase
Backgrounding all active monitors on desktop
2021-05-18T12:31:02.053Z:info2624/2478 [OAR] PanelAppHost
OnBackground
2021-05-18T12:31:02.066Z:info2624/2478 [OAR] VrShellDesktopBase
Backgrounding all active monitors on desktop
2021-05-18T12:31:02.066Z:info2624/2478 [OAR] PanelAppHost
OnBackground
2021-05-18T12:31:02.080Z:info2624/2478 [OAR] VrShellDesktopBase
Backgrounding all active monitors on desktop
2021-05-18T12:31:02.080Z:info2624/2478 [OAR] PanelAppHost
OnBackground
2021-05-18T12:31:02.095Z:info2624/2478 [OAR] VrShellDesktopBase
Backgrounding all active monitors on desktop
2021-05-18T12:31:02.096Z:info2732/2551 VrGuardianService
GuardianSDKServer::SetGuardianCanPaint
2021-05-18T12:31:02.095Z:info2624/2478 [OAR] PanelAppHost
OnBackground
2021-05-18T12:31:02.108Z:info2624/2478 [OAR] VrShellDesktopBase
Backgrounding all active monitors on desktop
2021-05-18T12:31:02.108Z:info2624/2478 [OAR] PanelAppHost
OnBackground
2021-05-18T12:31:02.110Z:info2732/2551 VrGuardianService
GuardianSDKServer::SetGuardianCanPaint
2021-05-18T12:31:02.122Z:info2624/2478 [OAR] VrShellDesktopBase
Backgrounding all active monitors on desktop
2021-05-18T12:31:02.122Z:info2624/2478 [OAR] PanelAppHost
OnBackground
2021-05-18T12:31:02.136Z:info2624/2478 [OAR] VrShellDesktopBase
Backgrounding all active monitors on desktop
2021-05-18T12:31:02.136Z:info2624/2478 [OAR] PanelAppHost
OnBackground
2021-05-18T12:31:02.150Z:info2624/2478 [OAR] VrShellDesktopBase
Backgrounding all active monitors on desktop
2021-05-18T12:31:02.151Z:info2624/2478 [OAR] PanelAppHost
OnBackground
2021-05-18T12:31:02.164Z:info2624/2478 [OAR] VrShellDesktopBase
Backgrounding all active monitors on desktop
2021-05-18T12:31:02.164Z:info2624/2478 [OAR] PanelAppHost
OnBackground
2021-05-18T12:31:02.178Z:info2624/2478 [OAR] VrShellDesktopBase
Backgrounding all active monitors on desktop
2021-05-18T12:31:02.178Z:info2624/2478 [OAR] PanelAppHost
OnBackground
2021-05-18T12:31:02.192Z:info2624/2478 [OAR] VrShellDesktopBase
Backgrounding all active monitors on desktop
2021-05-18T12:31:02.205Z:info2624/2478 [OAR] VrShellDesktopBase
Backgrounding all active monitors on desktop
2021-05-18T12:31:02.192Z:info2624/2478 [OAR] PanelAppHost
OnBackground
2021-05-18T12:31:02.205Z:info2624/2478 [OAR] PanelAppHost
OnBackground
2021-05-18T12:31:02.219Z:info2624/2478 [OAR] VrShellDesktopBase
Backgrounding all active monitors on desktop
2021-05-18T12:31:02.219Z:info2624/2478 [OAR] PanelAppHost
OnBackground
2021-05-18T12:31:02.233Z:info2624/2478 [OAR] VrShellDesktopBase
Backgrounding all active monitors on desktop
2021-05-18T12:31:02.233Z:info2624/2478 [OAR] PanelAppHost
OnBackground
2021-05-18T12:31:02.247Z:info2624/2478 [OAR] VrShellDesktopBase
Backgrounding all active monitors on desktop
2021-05-18T12:31:02.247Z:info2624/2478 [OAR] PanelAppHost
OnBackground
2021-05-18T12:31:02.261Z:info2624/2478 [OAR] VrShellDesktopBase
Backgrounding all active monitors on desktop
2021-05-18T12:31:02.261Z:info2624/2478 [OAR] PanelAppHost
OnBackground
2021-05-18T12:31:02.275Z:info2624/2478 [OAR] VrShellDesktopBase
Backgrounding all active monitors on desktop
2021-05-18T12:31:02.275Z:info2624/2478 [OAR] PanelAppHost
OnBackground
2021-05-18T12:31:02.289Z:info2624/2478 [OAR] VrShellDesktopBase
Backgrounding all active monitors on desktop
2021-05-18T12:31:02.289Z:info2624/2478 [OAR] PanelAppHost
OnBackground
2021-05-18T12:31:02.289Z:info2732/2551 VrGuardianService
GuardianSDKServer::SetGuardianCanPaint
2021-05-18T12:31:02.302Z:info2624/2478 [OAR] VrShellDesktopBase
Backgrounding all active monitors on desktop
2021-05-18T12:31:02.303Z:info2624/2478 [OAR] PanelAppHost
OnBackground
2021-05-18T12:31:02.316Z:info2624/2478 [OAR] VrShellDesktopBase
Backgrounding all active monitors on desktop
2021-05-18T12:31:02.316Z:info2624/2478 [OAR] PanelAppHost
OnBackground
2021-05-18T12:31:02.330Z:info2624/2478 [OAR] VrShellDesktopBase
Backgrounding all active monitors on desktop
2021-05-18T12:31:02.330Z:info2624/2478 [OAR] PanelAppHost
OnBackground
2021-05-18T12:31:02.344Z:info2624/2478 [OAR] VrShellDesktopBase
Backgrounding all active monitors on desktop
2021-05-18T12:31:02.344Z:info2624/2478 [OAR] PanelAppHost
OnBackground
2021-05-18T12:31:02.358Z:info2624/2478 [OAR] VrShellDesktopBase
Backgrounding all active monitors on desktop
2021-05-18T12:31:02.358Z:info2624/2478 [OAR] PanelAppHost
OnBackground
2021-05-18T12:31:02.372Z:info2624/2478 [OAR] VrShellDesktopBase
Backgrounding all active monitors on desktop
2021-05-18T12:31:02.372Z:info2624/2478 [OAR] PanelAppHost
OnBackground
2021-05-18T12:31:02.386Z:info2624/2478 [OAR] VrShellDesktopBase
Backgrounding all active monitors on desktop
2021-05-18T12:31:02.386Z:info2624/2478 [OAR] PanelAppHost
OnBackground
2021-05-18T12:31:02.400Z:info2624/2478 [OAR] VrShellDesktopBase
Backgrounding all active monitors on desktop
2021-05-18T12:31:02.400Z:info2624/2478 [OAR] PanelAppHost
OnBackground
2021-05-18T12:31:02.410Z:debug4626/2406 BufferPoolAccessor
bufferpool2 0x756e91da20 : 7(229376 size) total buffers - 6(196608 size) used buffers - 2/9 (recycle/alloc) - 7/899 (fetch/transfer)
2021-05-18T12:31:02.411Z:debug4627/817 BufferPoolAccessor
bufferpool2 0x34f28f7e30 : 2(131072 size) total buffers - 1(65536 size) used buffers - 446/448 (recycle/alloc) - 2/446 (fetch/transfer)
2021-05-18T12:31:02.414Z:info2624/2478 [OAR] VrShellDesktopBase
Backgrounding all active monitors on desktop
2021-05-18T12:31:02.414Z:info2624/2478 [OAR] PanelAppHost
OnBackground
2021-05-18T12:31:02.428Z:info2624/2478 [OAR] VrShellDesktopBase
Backgrounding all active monitors on desktop
2021-05-18T12:31:02.428Z:info2624/2478 [OAR] PanelAppHost
OnBackground
2021-05-18T12:31:02.441Z:info2624/2478 [OAR] VrShellDesktopBase
Backgrounding all active monitors on desktop
2021-05-18T12:31:02.441Z:info2624/2478 [OAR] PanelAppHost
OnBackground
2021-05-18T12:31:02.455Z:info2624/2478 [OAR] VrShellDesktopBase
Backgrounding all active monitors on desktop
2021-05-18T12:31:02.455Z:info2624/2478 [OAR] PanelAppHost
OnBackground
2021-05-18T12:31:02.470Z:info2624/2478 [OAR] VrShellDesktopBase
Backgrounding all active monitors on desktop
2021-05-18T12:31:02.470Z:info2624/2478 [OAR] PanelAppHost
OnBackground
2021-05-18T12:31:02.483Z:info2624/2478 [OAR] VrShellDesktopBase
Backgrounding all active monitors on desktop
2021-05-18T12:31:02.483Z:info2624/2478 [OAR] PanelAppHost
OnBackground
2021-05-18T12:31:02.497Z:info2624/2478 [OAR] VrShellDesktopBase
Backgrounding all active monitors on desktop
2021-05-18T12:31:02.497Z:info2624/2478 [OAR] PanelAppHost
OnBackground
2021-05-18T12:31:02.512Z:info2624/2478 [OAR] VrShellDesktopBase
Backgrounding all active monitors on desktop
2021-05-18T12:31:02.512Z:info2624/2478 [OAR] PanelAppHost
OnBackground
2021-05-18T12:31:02.525Z:info2624/2478 [OAR] VrShellDesktopBase
Backgrounding all active monitors on desktop
2021-05-18T12:31:02.525Z:info2624/2478 [OAR] PanelAppHost
OnBackground
2021-05-18T12:31:02.539Z:info2624/2478 [OAR] VrShellDesktopBase
Backgrounding all active monitors on desktop
2021-05-18T12:31:02.553Z:info2624/2478 [OAR] PanelAppHost
OnBackground
2021-05-18T12:31:02.553Z:info2624/2478 [OAR] VrShellDesktopBase
Backgrounding all active monitors on desktop
2021-05-18T12:31:02.539Z:info2624/2478 [OAR] PanelAppHost
OnBackground
2021-05-18T12:31:08.083Z:debug2624/2478 [SEO] ShellApplication
startActivityFromRecents: Intent { act=android.intent.action.MAIN cat=[android.intent.category.INFO] flg=0x10010000 pkg=com.DefaultCompany.cat360VR_v2 cmp=com.DefaultCompany.cat360VR_v2/com.unity3d.player.UnityPlayerActivity (has extras) }
2021-05-18T12:31:08.085Z:debug2624/2478 [SEO] ShellApplication
startActivity Intent { act=android.intent.action.MAIN cat=[android.intent.category.INFO] flg=0x10010000 pkg=com.DefaultCompany.cat360VR_v2 cmp=com.DefaultCompany.cat360VR_v2/com.unity3d.player.UnityPlayerActivity (has extras) }
2021-05-18T12:31:08.087Z:info1358/1018 ActivityTaskManager
START u0 {act=android.intent.action.MAIN cat=[android.intent.category.INFO] flg=0x10010000 pkg=com.DefaultCompany.cat360VR_v2 cmp=com.DefaultCompany.cat360VR_v2/com.unity3d.player.UnityPlayerActivity (has extras)} from uid 10020
2021-05-18T12:31:08.087Z:debug1358/1018 ActivityTaskManager
Using main display for VR activity ActivityRecord{23db765 u0 com.DefaultCompany.cat360VR_v2/com.unity3d.player.UnityPlayerActivity t-1}
2021-05-18T12:31:08.087Z:debug1358/1018 ActivityTaskManager
Using main display for VR activity ActivityRecord{23db765 u0 com.DefaultCompany.cat360VR_v2/com.unity3d.player.UnityPlayerActivity t-1}
2021-05-18T12:31:08.780Z:info4506/4450 VrRuntimeClient
APP ACTIVITY CLASS = com.unity3d.player.UnityPlayerActivity
2021-05-18T12:31:08.868Z:debug4506/4450 UnityVolumeReceiver
Registering volume receiver
2021-05-18T12:31:08.912Z:info4506/4450 VrRuntimeClient
APP ACTIVITY CLASS = com.unity3d.player.UnityPlayerActivity
2021-05-18T12:31:08.880Z:debug4506/4450 UnityBatteryReceiver
Registering battery receiver
2021-05-18T12:31:08.875Z:debug4506/4450 UnityVolumeReceiver
startVolumeReceiver: 7
2021-05-18T12:31:09.059Z:debug4506/4450 UnityVolumeReceiver
Unregistering volume receiver
2021-05-18T12:31:09.069Z:debug4506/4450 UnityBatteryReceiver
Unregistering battery receiver
2021-05-18T12:31:09.078Z:info4506/4450 VrRuntimeClient
APP ACTIVITY CLASS = com.unity3d.player.UnityPlayerActivity
2021-05-18T12:31:09.103Z:debug4506/4450 UnityVolumeReceiver
Registering volume receiver
2021-05-18T12:31:09.111Z:debug4506/4450 UnityBatteryReceiver
Registering battery receiver
2021-05-18T12:31:09.109Z:debug4506/4450 UnityVolumeReceiver
startVolumeReceiver: 7
2021-05-18T12:31:13.397Z:info4470/4450 Unity
Unity v2019.4.7f1, Oculus Utilities v1.57.0, OVRPlugin v1.57.0, SDK v1.1.42.0. <br>(Filename: ./Runtime/Export/Debug/Debug.bindings.h Line: 35)<br><br>
2021-05-18T12:31:13.420Z:info4470/4450 Unity
SystemHeadset Oculus_Quest, API VRAPI <br>(Filename: ./Runtime/Export/Debug/Debug.bindings.h Line: 35)<br><br>
2021-05-18T12:31:13.461Z:info4470/4450 Unity
OVRPlugin.Media initialized <br>(Filename: ./Runtime/Export/Debug/Debug.bindings.h Line: 35)<br><br>
2021-05-18T12:31:13.472Z:info4470/4450 Unity
[MRC] SetMrcAudioSampleRate(48000) <br>(Filename: ./Runtime/Export/Debug/Debug.bindings.h Line: 35)<br><br>
2021-05-18T12:31:13.476Z:info4470/4450 Unity
[MRC] Active InputVideoBufferType:TextureHandle <br>(Filename: ./Runtime/Export/Debug/Debug.bindings.h Line: 35)<br><br>
2021-05-18T12:31:13.477Z:info4470/4450 Unity
[MRC] ActivateMode: Automatic <br>(Filename: ./Runtime/Export/Debug/Debug.bindings.h Line: 35)<br><br>
2021-05-18T12:31:13.510Z:info4470/4450 Unity
Current display frequency 72, available frequencies [60, 72] <br>(Filename: ./Runtime/Export/Debug/Debug.bindings.h Line: 35)<br><br>
2021-05-18T12:31:13.657Z:info4470/4450 Unity
Unity testTrigger <br>(Filename: ./Runtime/Export/Debug/Debug.bindings.h Line: 35)<br><br>
2021-05-18T12:31:13.681Z:info4470/4450 Unity
testTrigger: OnTriggerEnter, ColliderName : style, tag: Untagged <br>(Filename: ./Runtime/Export/Debug/Debug.bindings.h Line: 35)<br><br>
2021-05-18T12:31:13.681Z:info4470/4450 chatty
uid=10107(com.DefaultCompany.cat360VR_v2) UnityMain identical 2 lines
2021-05-18T12:31:13.681Z:info4470/4450 Unity
testTrigger: OnTriggerEnter, ColliderName : style, tag: Untagged <br>(Filename: ./Runtime/Export/Debug/Debug.bindings.h Line: 35)<br><br>
2021-05-18T12:31:13.711Z:info4470/4450 Unity
The current MSAA level is 0, but the recommended MSAA level is 4. Switching to the recommended level. <br>(Filename: ./Runtime/Export/Debug/Debug.bindings.h Line: 35)<br><br>
2021-05-18T12:31:13.714Z:info4470/4450 Unity
[OVRManager] VrFocusAcquired event <br>(Filename: ./Runtime/Export/Debug/Debug.bindings.h Line: 35)<br><br>
2021-05-18T12:31:13.714Z:info4470/4450 Unity
[OVRManager] HMDMounted event <br>(Filename: ./Runtime/Export/Debug/Debug.bindings.h Line: 35)<br><br>
2021-05-18T12:31:13.712Z:info4470/4450 Unity
[OVRManager] HMDAcquired event <br>(Filename: ./Runtime/Export/Debug/Debug.bindings.h Line: 35)<br><br>
2021-05-18T12:31:13.721Z:info4470/4450 Unity
[OVRManager] TrackingAcquired event <br>(Filename: ./Runtime/Export/Debug/Debug.bindings.h Line: 35)<br><br>
2021-05-18T12:31:13.723Z:info4470/4450 Unity
Recenter event detected <br>(Filename: ./Runtime/Export/Debug/Debug.bindings.h Line: 35)<br><br>
2021-05-18T12:31:17.919Z:debug4450/4450 UnityVolumeReceiver
OnReceive VOLUME_CHANGED_ACTION
2021-05-18T12:31:17.919Z:debug4450/4450 UnityVolumeReceiver
skipping volume change from stream 10
2021-05-18T12:31:17.921Z:debug4450/4450 UnityVolumeReceiver
OnReceive VOLUME_CHANGED_ACTION
2021-05-18T12:31:17.921Z:debug4450/4450 UnityVolumeReceiver
skipping volume change from stream 9
2021-05-18T12:31:17.922Z:debug4450/4450 UnityVolumeReceiver
OnReceive VOLUME_CHANGED_ACTION
2021-05-18T12:31:17.922Z:debug4450/4450 UnityVolumeReceiver
skipping volume change from stream 8
2021-05-18T12:31:17.923Z:debug4450/4450 UnityVolumeReceiver
OnReceive VOLUME_CHANGED_ACTION
2021-05-18T12:31:18.168Z:debug4450/4450 UnityVolumeReceiver
OnReceive VOLUME_CHANGED_ACTION
2021-05-18T12:31:18.168Z:debug4450/4450 UnityVolumeReceiver
skipping volume change from stream 10
2021-05-18T12:31:18.171Z:debug4450/4450 UnityVolumeReceiver
OnReceive VOLUME_CHANGED_ACTION
2021-05-18T12:31:18.171Z:debug4450/4450 UnityVolumeReceiver
skipping volume change from stream 9
2021-05-18T12:31:18.172Z:debug4450/4450 UnityVolumeReceiver
OnReceive VOLUME_CHANGED_ACTION
2021-05-18T12:31:18.172Z:debug4450/4450 UnityVolumeReceiver
skipping volume change from stream 8
2021-05-18T12:31:18.174Z:debug4450/4450 UnityVolumeReceiver
OnReceive VOLUME_CHANGED_ACTION
2021-05-18T12:31:18.739Z:debug4450/4450 UnityVolumeReceiver
OnReceive VOLUME_CHANGED_ACTION
2021-05-18T12:31:18.739Z:debug4450/4450 UnityVolumeReceiver
skipping volume change from stream 10
2021-05-18T12:31:18.742Z:debug4450/4450 UnityVolumeReceiver
OnReceive VOLUME_CHANGED_ACTION
2021-05-18T12:31:18.742Z:debug4450/4450 UnityVolumeReceiver
skipping volume change from stream 9
2021-05-18T12:31:18.742Z:debug4450/4450 UnityVolumeReceiver
OnReceive VOLUME_CHANGED_ACTION
2021-05-18T12:31:18.743Z:debug4450/4450 UnityVolumeReceiver
skipping volume change from stream 8
2021-05-18T12:31:18.744Z:debug4450/4450 UnityVolumeReceiver
OnReceive VOLUME_CHANGED_ACTION
2021-05-18T12:31:36.626Z:info4470/4450 Unity
Instance_YesOperate <br>(Filename: ./Runtime/Export/Debug/Debug.bindings.h Line: 35)<br><br>
2021-05-18T12:31:36.627Z:info4470/4450 Unity
Instance_SearchCatOperate <br>(Filename: ./Runtime/Export/Debug/Debug.bindings.h Line: 35)<br><br>
2021-05-18T12:31:36.628Z:info4470/4450 Unity
Instance_SearchCatOperate <br>(Filename: ./Runtime/Export/Debug/Debug.bindings.h Line: 35)<br><br>
2021-05-18T12:31:38.612Z:info4470/4450 Unity
 <br>(Filename: ./Runtime/Export/Debug/Debug.bindings.h Line: 35)<br><br>
2021-05-18T12:31:45.127Z:info4470/4450 Unity
FadeManager Instance_FadeOperate <br>(Filename: ./Runtime/Export/Debug/Debug.bindings.h Line: 35)<br><br>
2021-05-18T12:31:46.542Z:info4470/4450 Unity
Instance_WorldChangeOperate <br>(Filename: ./Runtime/Export/Debug/Debug.bindings.h Line: 35)<br><br>
2021-05-18T12:31:46.543Z:info4470/4450 Unity
Instance_WorldChangeOperate WorldNumber: 1 <br>(Filename: ./Runtime/Export/Debug/Debug.bindings.h Line: 35)<br><br>
2021-05-18T12:31:46.545Z:info4470/4450 Unity
Instance_SearchCatOperate <br>(Filename: ./Runtime/Export/Debug/Debug.bindings.h Line: 35)<br><br>
2021-05-18T12:31:46.545Z:info4470/4450 chatty
uid=10107(com.DefaultCompany.cat360VR_v2) UnityMain identical 1 line
2021-05-18T12:31:46.545Z:info4470/4450 Unity
Instance_SearchCatOperate <br>(Filename: ./Runtime/Export/Debug/Debug.bindings.h Line: 35)<br><br>
2021-05-18T12:31:46.564Z:info4470/4450 Unity
testTrigger: OnTriggerEnter, ColliderName : style, tag: Untagged <br>(Filename: ./Runtime/Export/Debug/Debug.bindings.h Line: 35)<br><br>
2021-05-18T12:31:46.564Z:info4470/4450 chatty
uid=10107(com.DefaultCompany.cat360VR_v2) UnityMain identical 2 lines
2021-05-18T12:31:46.564Z:info4470/4450 Unity
testTrigger: OnTriggerEnter, ColliderName : style, tag: Untagged <br>(Filename: ./Runtime/Export/Debug/Debug.bindings.h Line: 35)<br><br>
2021-05-18T12:31:49.806Z:info4470/4450 Unity
 <br>(Filename: ./Runtime/Export/Debug/Debug.bindings.h Line: 35)<br><br>
2021-05-18T12:31:56.319Z:info4470/4450 Unity
FadeManager Instance_FadeOperate <br>(Filename: ./Runtime/Export/Debug/Debug.bindings.h Line: 35)<br><br>
2021-05-18T12:31:57.722Z:info4470/4450 Unity
Instance_WorldChangeOperate <br>(Filename: ./Runtime/Export/Debug/Debug.bindings.h Line: 35)<br><br>
2021-05-18T12:31:57.723Z:info4470/4450 Unity
Instance_WorldChangeOperate WorldNumber: 2 <br>(Filename: ./Runtime/Export/Debug/Debug.bindings.h Line: 35)<br><br>
2021-05-18T12:31:57.723Z:info4470/4450 Unity
Instance_SearchCatOperate <br>(Filename: ./Runtime/Export/Debug/Debug.bindings.h Line: 35)<br><br>
2021-05-18T12:31:57.723Z:info4470/4450 chatty
uid=10107(com.DefaultCompany.cat360VR_v2) UnityMain identical 1 line
2021-05-18T12:31:57.723Z:info4470/4450 Unity
Instance_SearchCatOperate <br>(Filename: ./Runtime/Export/Debug/Debug.bindings.h Line: 35)<br><br>
2021-05-18T12:31:57.736Z:info4470/4450 Unity
testTrigger: OnTriggerEnter, ColliderName : style, tag: Untagged <br>(Filename: ./Runtime/Export/Debug/Debug.bindings.h Line: 35)<br><br>
2021-05-18T12:31:57.737Z:info4470/4450 Unity
 <br>(Filename: ./Runtime/Export/Debug/Debug.bindings.h Line: 35)<br><br>
2021-05-18T12:31:57.736Z:info4470/4450 Unity
testTrigger: OnTriggerEnter, ColliderName : style, tag: Untagged <br>(Filename: ./Runtime/Export/Debug/Debug.bindings.h Line: 35)<br><br>
2021-05-18T12:31:57.736Z:info4470/4450 chatty
uid=10107(com.DefaultCompany.cat360VR_v2) UnityMain identical 2 lines
2021-05-18T12:32:04.250Z:info4470/4450 Unity
FadeManager Instance_FadeOperate <br>(Filename: ./Runtime/Export/Debug/Debug.bindings.h Line: 35)<br><br>
2021-05-18T12:32:05.667Z:info4470/4450 Unity
Instance_WorldChangeOperate <br>(Filename: ./Runtime/Export/Debug/Debug.bindings.h Line: 35)<br><br>
2021-05-18T12:32:05.667Z:info4470/4450 Unity
Instance_WorldChangeOperate WorldNumber: 3 <br>(Filename: ./Runtime/Export/Debug/Debug.bindings.h Line: 35)<br><br>
2021-05-18T12:32:05.667Z:info4470/4450 Unity
Instance_SearchCatOperate <br>(Filename: ./Runtime/Export/Debug/Debug.bindings.h Line: 35)<br><br>
2021-05-18T12:32:05.668Z:info4470/4450 Unity
Instance_SearchCatOperate <br>(Filename: ./Runtime/Export/Debug/Debug.bindings.h Line: 35)<br><br>
2021-05-18T12:32:05.694Z:info4470/4450 Unity
testTrigger: OnTriggerEnter, ColliderName : style, tag: Untagged <br>(Filename: ./Runtime/Export/Debug/Debug.bindings.h Line: 35)<br><br>
2021-05-18T12:32:05.667Z:info4470/4450 chatty
uid=10107(com.DefaultCompany.cat360VR_v2) UnityMain identical 1 line
2021-05-18T12:32:05.694Z:info4470/4450 chatty
uid=10107(com.DefaultCompany.cat360VR_v2) UnityMain identical 2 lines
2021-05-18T12:32:05.694Z:info4470/4450 Unity
testTrigger: OnTriggerEnter, ColliderName : style, tag: Untagged <br>(Filename: ./Runtime/Export/Debug/Debug.bindings.h Line: 35)<br><br>
2021-05-18T12:32:07.736Z:info4470/4450 Unity
 <br>(Filename: ./Runtime/Export/Debug/Debug.bindings.h Line: 35)<br><br>
2021-05-18T12:32:14.250Z:info4470/4450 Unity
FadeManager Instance_FadeOperate <br>(Filename: ./Runtime/Export/Debug/Debug.bindings.h Line: 35)<br><br>
2021-05-18T12:32:15.653Z:info4470/4450 Unity
Instance_WorldChangeOperate <br>(Filename: ./Runtime/Export/Debug/Debug.bindings.h Line: 35)<br><br>
2021-05-18T12:32:15.653Z:info4470/4450 Unity
Instance_WorldChangeOperate WorldNumber: 4 <br>(Filename: ./Runtime/Export/Debug/Debug.bindings.h Line: 35)<br><br>
2021-05-18T12:32:15.655Z:info4470/4450 Unity
  <br>(Filename: ./Runtime/Export/Debug/Debug.bindings.h Line: 35)<br><br>
2021-05-18T12:32:15.656Z:info4470/4450 Unity
Instance_SearchCatOperate <br>(Filename: ./Runtime/Export/Debug/Debug.bindings.h Line: 35)<br><br>
2021-05-18T12:32:15.656Z:info4470/4450 chatty
uid=10107(com.DefaultCompany.cat360VR_v2) UnityMain identical 1 line
2021-05-18T12:32:15.656Z:info4470/4450 Unity
Instance_SearchCatOperate <br>(Filename: ./Runtime/Export/Debug/Debug.bindings.h Line: 35)<br><br>
2021-05-18T12:32:15.666Z:info4470/4450 Unity
testTrigger: OnTriggerEnter, ColliderName : style, tag: Untagged <br>(Filename: ./Runtime/Export/Debug/Debug.bindings.h Line: 35)<br><br>
2021-05-18T12:32:15.666Z:info4470/4450 chatty
uid=10107(com.DefaultCompany.cat360VR_v2) UnityMain identical 2 lines
2021-05-18T12:32:15.667Z:info4470/4450 Unity
testTrigger: OnTriggerEnter, ColliderName : style, tag: Untagged <br>(Filename: ./Runtime/Export/Debug/Debug.bindings.h Line: 35)<br><br>
2021-05-18T12:32:17.041Z:info4470/4450 Unity
 <br>(Filename: ./Runtime/Export/Debug/Debug.bindings.h Line: 35)<br><br>
2021-05-18T12:32:17.056Z:info4470/4450 Unity
ComeCat <br>(Filename: ./Runtime/Export/Debug/Debug.bindings.h Line: 35)<br><br>
2021-05-18T12:32:17.097Z:info4470/4450 chatty
uid=10107(com.DefaultCompany.cat360VR_v2) UnityMain identical 3 lines
2021-05-18T12:32:17.111Z:info4470/4450 Unity
ComeCat <br>(Filename: ./Runtime/Export/Debug/Debug.bindings.h Line: 35)<br><br>
2021-05-18T12:32:17.125Z:info4470/4450 Unity
ComeCat <br>(Filename: ./Runtime/Export/Debug/Debug.bindings.h Line: 35)<br><br>
2021-05-18T12:32:17.528Z:info4470/4450 chatty
uid=10107(com.DefaultCompany.cat360VR_v2) UnityMain identical 29 lines
2021-05-18T12:32:17.541Z:info4470/4450 Unity
ComeCat <br>(Filename: ./Runtime/Export/Debug/Debug.bindings.h Line: 35)<br><br>
2021-05-18T12:32:17.555Z:info4470/4450 Unity
ComeCat <br>(Filename: ./Runtime/Export/Debug/Debug.bindings.h Line: 35)<br><br>
2021-05-18T12:32:17.834Z:info4470/4450 chatty
uid=10107(com.DefaultCompany.cat360VR_v2) UnityMain identical 20 lines
2021-05-18T12:32:17.847Z:info4470/4450 Unity
ComeCat <br>(Filename: ./Runtime/Export/Debug/Debug.bindings.h Line: 35)<br><br>
2021-05-18T12:32:17.861Z:info4470/4450 Unity
ComeCat <br>(Filename: ./Runtime/Export/Debug/Debug.bindings.h Line: 35)<br><br>
2021-05-18T12:32:17.875Z:info4470/4450 Unity
ComeCat <br>(Filename: ./Runtime/Export/Debug/Debug.bindings.h Line: 35)<br><br>
2021-05-18T12:32:18.097Z:info4470/4450 chatty
uid=10107(com.DefaultCompany.cat360VR_v2) UnityMain identical 16 lines
2021-05-18T12:32:18.111Z:info4470/4450 Unity
ComeCat <br>(Filename: ./Runtime/Export/Debug/Debug.bindings.h Line: 35)<br><br>
2021-05-18T12:32:18.125Z:info4470/4450 Unity
ComeCat <br>(Filename: ./Runtime/Export/Debug/Debug.bindings.h Line: 35)<br><br>
2021-05-18T12:32:18.291Z:info4470/4450 chatty
uid=10107(com.DefaultCompany.cat360VR_v2) UnityMain identical 12 lines
2021-05-18T12:32:18.305Z:info4470/4450 Unity
ComeCat <br>(Filename: ./Runtime/Export/Debug/Debug.bindings.h Line: 35)<br><br>
2021-05-18T12:32:18.319Z:info4470/4450 Unity
ComeCat <br>(Filename: ./Runtime/Export/Debug/Debug.bindings.h Line: 35)<br><br>
2021-05-18T12:32:18.792Z:info4470/4450 chatty
uid=10107(com.DefaultCompany.cat360VR_v2) UnityMain identical 34 lines
2021-05-18T12:32:18.805Z:info4470/4450 Unity
ComeCat <br>(Filename: ./Runtime/Export/Debug/Debug.bindings.h Line: 35)<br><br>
2021-05-18T12:32:18.819Z:info4470/4450 Unity
ComeCat <br>(Filename: ./Runtime/Export/Debug/Debug.bindings.h Line: 35)<br><br>
2021-05-18T12:32:18.833Z:info4470/4450 Unity
ComeCat <br>(Filename: ./Runtime/Export/Debug/Debug.bindings.h Line: 35)<br><br>
2021-05-18T12:32:18.847Z:info4470/4450 Unity
ComeCat <br>(Filename: ./Runtime/Export/Debug/Debug.bindings.h Line: 35)<br><br>
2021-05-18T12:32:19.041Z:info4470/4450 chatty
uid=10107(com.DefaultCompany.cat360VR_v2) UnityMain identical 14 lines
2021-05-18T12:32:19.055Z:info4470/4450 Unity
ComeCat <br>(Filename: ./Runtime/Export/Debug/Debug.bindings.h Line: 35)<br><br>
2021-05-18T12:32:22.485Z:info4470/4450 Unity
testTrigger: OnTriggerEnter, ColliderName : GrabVolumeSmall, tag: Untagged <br>(Filename: ./Runtime/Export/Debug/Debug.bindings.h Line: 35)<br><br>
2021-05-18T12:32:22.513Z:info4470/4450 Unity
testTrigger: OnTriggerEnter, ColliderName : GrabVolumeBig, tag: Hand <br>(Filename: ./Runtime/Export/Debug/Debug.bindings.h Line: 35)<br><br>
2021-05-18T12:32:22.513Z:info4470/4450 Unity
In the isTouchable <br>(Filename: ./Runtime/Export/Debug/Debug.bindings.h Line: 35)<br><br>
2021-05-18T12:32:22.514Z:info4470/4450 Unity
Instance_TouchCompleteOperate,happayNyangSound <br>(Filename: ./Runtime/Export/Debug/Debug.bindings.h Line: 35)<br><br>
2021-05-18T12:32:22.560Z:error4470/4450 Unity
NullReferenceException: Object reference not set to an instance of an object<br>  at SoundManager.happayNyangSound () [0x00008] in <a50795ddedf54d4a9320c22372e751e0>:0 <br>  at CatCtrl.Instance_TouchCompleteOperate () [0x0000a] in <a50795ddedf54d4a9320c22372e751e0>:0 <br>  at (wrapper delegate-invoke) <Module>.invoke_void()<br>  at DelegateManager.TouchCompleteOperation () [0x0000a] in <a50795ddedf54d4a9320c22372e751e0>:0 <br>  at testTrigger.OnTriggerEnter (UnityEngine.Collider other) [0x00055] in <a50795ddedf54d4a9320c22372e751e0>:0 <br> <br>(Filename: <a50795ddedf54d4a9320c22372e751e0> Line: 0)<br><br>
2021-05-18T12:32:24.874Z:info4470/4450 Unity
testTrigger: OnTriggerEnter, ColliderName : GrabVolumeSmall, tag: Untagged <br>(Filename: ./Runtime/Export/Debug/Debug.bindings.h Line: 35)<br><br>
2021-05-18T12:32:24.874Z:info4470/4450 Unity
testTrigger: OnTriggerEnter, ColliderName : GrabVolumeBig, tag: Hand <br>(Filename: ./Runtime/Export/Debug/Debug.bindings.h Line: 35)<br><br>
2021-05-18T12:33:26.807Z:info1624/841 [CT]
HealthReport: ==================================================
2021-05-18T12:33:26.807Z:info1624/841 [CT]
HealthReport: Health Report
2021-05-18T12:33:26.807Z:info1624/841 [CT]
HealthReport: -------------
2021-05-18T12:33:26.807Z:info1624/841 [CT]
HealthReport: Reporter #1 (InsideOutHealthMonitor) summary:
2021-05-18T12:33:26.807Z:info1624/841 [CT]
HealthReport: ...... Camera: Total Dropped: 0.000000
2021-05-18T12:33:26.807Z:info1624/841 [CT]
HealthReport: 
2021-05-18T12:33:26.807Z:info1624/841 [CT]
HealthReport: ...... Dropped due to processing taking too long: 0.000000
2021-05-18T12:33:26.807Z:info1624/841 [CT]
HealthReport: ...... Camera Reset Count: 0
2021-05-18T12:33:26.807Z:info1624/841 [CT]
HealthReport: ...... Camera dropped percentage: 0.000000%
2021-05-18T12:33:26.807Z:info1624/841 [CT]
HealthReport: ...... Camera: Total Single Camera Frame Dropped: 0
2021-05-18T12:33:26.807Z:info1624/841 [CT]
HealthReport: ...... Total Frame Count: 10050
2021-05-18T12:33:26.807Z:info1624/841 [CT]
HealthReport: ...... dropped single frame percentage: 0.000000%)
2021-05-18T12:33:26.807Z:info1624/841 [CT]
HealthReport: (FAIL) IMU: Longest time between processing IMU data: 0.014528 Seconds Target: <= 0.010000 Seconds
2021-05-18T12:33:26.807Z:info1624/841 [CT]
HealthReport: ...... Total Frame Count: 10050
2021-05-18T12:33:26.807Z:info1624/841 [CT]
HealthReport: ...... IMU: Total Dropped: 0.000000
2021-05-18T12:33:26.807Z:info1624/841 [CT]
HealthReport: ...... IMU dropped percentage: 0.000000%
2021-05-18T12:33:26.807Z:info1624/841 [CT]
HealthReport: ...... Magnetometer: Total Dropped: 0.000000
2021-05-18T12:33:26.807Z:info1624/841 [CT]
HealthReport: ...... Total Sample Count: 10057
2021-05-18T12:33:26.807Z:info1624/841 [CT]
HealthReport: ...... IMU dropped percentage: 0.000000%
2021-05-18T12:33:26.807Z:info1624/841 [CT]
HealthReport: Reporter #1 (InsideOutHealthMonitor) Failed
2021-05-18T12:33:26.807Z:info1624/841 [CT]
HealthReport: ...... Total Sample Count: 335231
2021-05-18T12:33:26.808Z:info1624/841 [CT]
HealthReport: --------------------------------------------------
2021-05-18T12:33:26.808Z:info1624/841 [CT]
HealthReport: ...... Camera: Total Dropped: 0.0, Total Frame Count: 20098 (0.0%), Camera Reset Count: 0
2021-05-18T12:33:26.807Z:info1624/841 [CT]
HealthReport: 
2021-05-18T12:33:26.808Z:info1624/841 [CT]
HealthReport: Reporter #2 (ConstellationHealthMonitor) summary:
2021-05-18T12:33:26.808Z:info1624/841 [CT]
HealthReport: ...... IMU: Total Dropped: 0.0, Total Sample Count: 166872.5455 (0.0%)
2021-05-18T12:33:26.808Z:info1624/841 [CT]
HealthReport: ...... Camera: Total Single Camera Frame Dropped: 0, Total Frame Count: 20098 (0.0%)
2021-05-18T12:33:26.808Z:info1624/841 [CT]
HealthReport:        Controller 16896093928967079291::
2021-05-18T12:33:26.808Z:info1624/841 [CT]
HealthReport: 
2021-05-18T12:33:26.808Z:info1624/841 [CT]
HealthReport: ...... IMU: Total Dropped: 0.0, Total Sample Count: 166727.272 (0.0%)
2021-05-18T12:33:26.808Z:info1624/841 [CT]
HealthReport: 
2021-05-18T12:33:26.808Z:info1624/841 [CT]
HealthReport:        Controller 3533975030325955146::
2021-05-18T12:33:26.808Z:info1624/841 [CT]
HealthReport: Reporter #2 (ConstellationHealthMonitor) Passed
2021-05-18T12:33:26.808Z:info1624/841 [CT]
HealthReport: 
2021-05-18T12:33:26.808Z:info1624/841 [CT]
HealthReport: --------------------------------------------------
2021-05-18T12:33:26.808Z:info1624/841 [CT]
HealthReport: Failures Reported =(
2021-05-18T12:33:26.808Z:info1624/841 [CT]
HealthReport: 
2021-05-18T12:33:26.808Z:info1624/841 [CT]
HealthReport: ==================================================
2021-05-18T12:33:26.808Z:info1624/841 [CT]
HealthReport: 
2021-05-18T12:33:27.092Z:debug2369/1932 OVRFitnessDataInternal
Requesting Insert FitnessData: 23.0.0.0
2021-05-18T12:33:27.095Z:info3073/2761 FitnessDataProvider
Received Request Insert FitnessData: 23.0.0.0
2021-05-18T12:33:27.126Z:info4725/4450 VrApi
FPS=73/72,Prd=46ms,Tear=0,Early=72,Stale=0,VSnc=1,Lat=1,Fov=0,CPU4/GPU=2/2,1651/414MHz,OC=FF,TA=0/0/0,SP=N/N/N,Mem=1804MHz,Free=1610MB,PLS=0,Temp=28.0C/0.0C,TW=1.65ms,App=2.89ms,GD=0.00ms,CPU&GPU=4.23ms,LCnt=1,GPU%=0.34,CPU%=0.11(W0.19),DSF=1.00
2021-05-18T12:33:27.200Z:info1579/841 [CT]
boltlib: DSP utilization: 14.84 % (742 / 5004 ms)
2021-05-18T12:33:27.782Z:info4697/841 [CT]
CONSTELLATION:VISION_STATUS: 310b3390f7adca4a (R): BlobDetection:[#BlobsDetected=(11.14, 31.59)]Matching:[MatchSuccess=0.405, MatchCost=(0.00459, 0.00001), #MatchedBlobs=(2.78, 12.11), #MatchedLeds=(1.58, 3.97), RematchM=0.000, SkipRefine=0.013] MatchMethod:[Prox=0.395, ConstBrute=0.013, UnconstBrute=0.000] MatchResets[AnomBlobSize=0.003, SharedMatch=0.000, DenseReacq=0.000] | Fusion:[FusionError=0.000, ImuFromCamMs=(8.375, 3.138), RematchF=0.000] FusionUpdates:[Successful=0.086, Reliable=0.083, TightFusion=0.083, FullPose=0.000, StaticPrior=0.319, StaticForHandTrans=0.944, PoseUpdateMD=(0.0000, 0.0000)] FusionResets[6DoFReset=0.598, ResetSuccess=0.003] FusionStatus[HasPosition=0.405, HasVelocity=0.402] 
2021-05-18T12:33:27.782Z:info4697/841 [CT]
CONSTELLATION:VISION_STATUS: ea7afbe8b7b7857b (L): BlobDetection:[#BlobsDetected=(11.14, 31.59)]Matching:[MatchSuccess=1.000, MatchCost=(0.00550, 0.00001), #MatchedBlobs=(7.58, 5.88), #MatchedLeds=(3.98, 1.23), RematchM=0.000, SkipRefine=0.000] MatchMethod:[Prox=1.000, ConstBrute=0.000, UnconstBrute=0.000] MatchResets[AnomBlobSize=0.000, SharedMatch=0.000, DenseReacq=0.000] | Fusion:[FusionError=0.000, ImuFromCamMs=(8.177, 3.479), RematchF=0.020] FusionUpdates:[Successful=0.116, Reliable=0.116, TightFusion=0.116, FullPose=0.000, StaticPrior=0.884, StaticForHandTrans=0.987, PoseUpdateMD=(0.0000, 0.0000)] FusionResets[6DoFReset=0.000, ResetSuccess=0.000] FusionStatus[HasPosition=1.000, HasVelocity=1.000] 
2021-05-18T12:33:27.807Z:info1624/841 [CT]
VIPER:MAP_MANAGER: State: TrackingPersistent, UUID=11fb800f-9af7-eed5-f15b-5af88c6eefbc, Num. Persistent maps = 1,  Persistent maps:11fb800f-9af7-eed5-f15b-5af88c6eefbc,, Ser. Disabled = 00000000-0000-0000-0000-000000000000
2021-05-18T12:33:27.840Z:info1624/841 [CT]
VIPER: Mode=Viper,Status=6DoF,TRACKING,KF=77,Inl=312,Pts=297,Mem=55.4,Jit=0.1mm,Issues(Cam/min=0.0,IMU/min=0.0),Exp=(6.0ms,g=6.0,I=83,Ir=2322.9)(4.8ms,g=4.0,I=74,Ir=3861.2)(6.0ms,g=6.0,I=66,Ir=1857.3)(4.9ms,g=5.0,I=74,Ir=3006.8)
2021-05-18T12:33:27.910Z:debug1614/841 TrackingService
[HANDTRACKING] Controller 310b3390f7adca4a in hand: N, valid: Y
2021-05-18T12:33:28.126Z:info4725/4450 VrApi
FPS=73/72,Prd=46ms,Tear=0,Early=72,Stale=0,VSnc=1,Lat=1,Fov=0,CPU4/GPU=2/2,1651/414MHz,OC=FF,TA=0/0/0,SP=N/N/N,Mem=1804MHz,Free=1608MB,PLS=0,Temp=28.0C/0.0C,TW=1.64ms,App=2.88ms,GD=0.00ms,CPU&GPU=4.25ms,LCnt=1,GPU%=0.34,CPU%=0.10(W0.19),DSF=1.00
2021-05-18T12:33:29.126Z:info4725/4450 VrApi
FPS=73/72,Prd=46ms,Tear=0,Early=73,Stale=0,VSnc=1,Lat=1,Fov=0,CPU4/GPU=2/2,1651/414MHz,OC=FF,TA=0/0/0,SP=N/N/N,Mem=1804MHz,Free=1610MB,PLS=0,Temp=28.0C/0.0C,TW=1.66ms,App=2.88ms,GD=0.00ms,CPU&GPU=4.25ms,LCnt=1,GPU%=0.34,CPU%=0.10(W0.15),DSF=1.00
